2021-06-29T13:03:45.265Z GET, "/", status=200, response-time=113.067 ms
2021-06-29T13:03:48.116Z POST, "/verify-code", status=302, response-time=8.700 ms
2021-06-29T13:03:48.130Z GET, "/", status=302, response-time=3.757 ms
2021-06-29T13:03:48.160Z GET, "/about", status=200, response-time=10.048 ms
2021-06-29T13:03:49.489Z GET, "/comfort", status=200, response-time=10.544 ms
2021-06-29T13:03:49.848Z GET, "/db_gauge_weather", status=200, response-time=20.108 ms
2021-06-29T13:03:49.852Z GET, "/db_gauge_noise", status=200, response-time=12.684 ms
2021-06-29T13:03:49.853Z GET, "/db_gauge_gas", status=200, response-time=10.175 ms
2021-06-29T13:03:49.861Z GET, "/db_gauge_light", status=200, response-time=3.115 ms
2021-06-29T13:07:42.974Z GET, "/comfort", status=200, response-time=27.330 ms
2021-06-29T13:07:45.953Z POST, "/verify-code", status=302, response-time=7.592 ms
2021-06-29T13:07:45.974Z GET, "/", status=302, response-time=5.121 ms
2021-06-29T13:07:45.992Z GET, "/about", status=304, response-time=12.835 ms
2021-06-29T13:07:47.402Z GET, "/comfort", status=200, response-time=5.620 ms
2021-06-29T13:07:47.810Z GET, "/db_gauge_weather", status=304, response-time=35.302 ms
2021-06-29T13:07:47.813Z GET, "/db_gauge_noise", status=304, response-time=35.260 ms
2021-06-29T13:07:47.832Z GET, "/db_gauge_gas", status=304, response-time=54.520 ms
2021-06-29T13:07:47.834Z GET, "/db_gauge_light", status=304, response-time=41.946 ms
2021-06-29T13:08:04.196Z GET, "/comfort", status=200, response-time=42.763 ms
2021-06-29T13:08:06.748Z POST, "/verify-code", status=200, response-time=3.494 ms
2021-06-29T13:08:09.689Z POST, "/verify-code", status=302, response-time=6.819 ms
2021-06-29T13:08:09.703Z GET, "/", status=302, response-time=2.808 ms
2021-06-29T13:08:09.721Z GET, "/about", status=304, response-time=7.045 ms
2021-06-29T13:08:11.146Z GET, "/comfort", status=200, response-time=7.645 ms
2021-06-29T13:08:11.503Z GET, "/db_gauge_weather", status=304, response-time=12.580 ms
2021-06-29T13:08:11.504Z GET, "/db_gauge_noise", status=304, response-time=5.764 ms
2021-06-29T13:08:11.514Z GET, "/db_gauge_gas", status=304, response-time=4.709 ms
2021-06-29T13:08:11.530Z GET, "/db_gauge_light", status=304, response-time=4.315 ms
2021-06-29T13:10:03.007Z GET, "/comfort", status=200, response-time=31.784 ms
2021-06-29T13:10:06.671Z POST, "/verify-code", status=302, response-time=7.484 ms
2021-06-29T13:10:06.683Z GET, "/", status=302, response-time=3.250 ms
2021-06-29T13:10:06.702Z GET, "/about", status=304, response-time=6.003 ms
2021-06-29T13:10:08.109Z GET, "/comfort", status=200, response-time=6.393 ms
2021-06-29T13:10:08.409Z GET, "/db_gauge_weather", status=304, response-time=14.179 ms
2021-06-29T13:10:08.412Z GET, "/db_gauge_noise", status=304, response-time=7.059 ms
2021-06-29T13:10:08.433Z GET, "/db_gauge_gas", status=304, response-time=3.037 ms
2021-06-29T13:10:08.444Z GET, "/db_gauge_light", status=304, response-time=5.650 ms
2021-06-29T13:10:45.985Z GET, "/comfort", status=200, response-time=29.277 ms
2021-06-29T13:10:48.972Z POST, "/verify-code", status=302, response-time=7.222 ms
2021-06-29T13:10:48.987Z GET, "/", status=302, response-time=6.841 ms
2021-06-29T13:10:49.024Z GET, "/about", status=304, response-time=16.858 ms
2021-06-29T13:10:50.321Z GET, "/comfort", status=200, response-time=7.780 ms
2021-06-29T13:10:50.670Z GET, "/db_gauge_weather", status=304, response-time=14.466 ms
2021-06-29T13:10:50.672Z GET, "/db_gauge_noise", status=304, response-time=8.284 ms
2021-06-29T13:10:50.698Z GET, "/db_gauge_gas", status=304, response-time=3.291 ms
2021-06-29T13:10:50.707Z GET, "/db_gauge_light", status=304, response-time=5.248 ms
2021-06-29T13:11:16.767Z GET, "/comfort", status=304, response-time=13.256 ms
2021-06-29T13:11:17.220Z GET, "/db_gauge_weather", status=304, response-time=12.476 ms
2021-06-29T13:11:17.221Z GET, "/db_gauge_noise", status=304, response-time=4.526 ms
2021-06-29T13:11:17.239Z GET, "/db_gauge_gas", status=304, response-time=2.766 ms
2021-06-29T13:11:17.254Z GET, "/db_gauge_light", status=304, response-time=2.548 ms
2021-06-29T13:11:18.300Z GET, "/temperature", status=200, response-time=6.394 ms
2021-06-29T13:11:18.653Z GET, "/db_temperature?period=Day", status=200, response-time=2.254 ms
2021-06-29T13:11:19.085Z GET, "/comfort", status=304, response-time=6.910 ms
2021-06-29T13:11:19.335Z GET, "/db_gauge_weather", status=304, response-time=1.602 ms
2021-06-29T13:11:19.338Z GET, "/db_gauge_noise", status=304, response-time=1.608 ms
2021-06-29T13:11:19.352Z GET, "/db_gauge_gas", status=304, response-time=2.002 ms
2021-06-29T13:11:19.357Z GET, "/db_gauge_light", status=304, response-time=1.726 ms
2021-06-29T13:17:52.077Z GET, "/gas", status=200, response-time=8.192 ms
2021-06-29T13:17:52.515Z GET, "/db_gas?period=Day", status=200, response-time=3.569 ms
2021-06-29T13:17:54.080Z GET, "/db_gas?period=Year", status=200, response-time=1.525 ms
2021-06-29T13:17:55.290Z GET, "/db_gas?period=Day", status=304, response-time=1.342 ms
2021-06-29T13:17:56.236Z GET, "/db_gas?period=Month", status=200, response-time=1.218 ms
2021-06-29T13:17:59.081Z GET, "/db_gas?period=Year", status=304, response-time=5.106 ms
2021-06-29T13:18:00.412Z GET, "/db_gas?period=All", status=200, response-time=1.362 ms
2021-06-29T13:18:02.714Z GET, "/db_gas?period=Year", status=304, response-time=1.549 ms
2021-06-29T13:18:04.393Z GET, "/db_gas?period=All", status=304, response-time=1.317 ms
2021-06-29T13:18:16.828Z GET, "/db_gas?period=Day", status=304, response-time=1.203 ms
2021-06-29T13:18:45.292Z GET, "/temperature", status=304, response-time=4.358 ms
2021-06-29T13:18:45.763Z GET, "/db_temperature?period=Day", status=304, response-time=2.137 ms
2021-06-29T13:18:46.195Z GET, "/humidity", status=200, response-time=5.188 ms
2021-06-29T13:18:46.438Z GET, "/db_humidity?period=Day", status=200, response-time=2.959 ms
2021-06-29T13:18:47.056Z GET, "/temperature", status=304, response-time=3.636 ms
2021-06-29T13:18:47.378Z GET, "/db_temperature?period=Day", status=304, response-time=2.577 ms
2021-06-29T13:18:47.755Z GET, "/comfort", status=304, response-time=2.183 ms
2021-06-29T13:18:48.023Z GET, "/db_gauge_weather", status=304, response-time=2.386 ms
2021-06-29T13:18:48.025Z GET, "/db_gauge_noise", status=304, response-time=2.637 ms
2021-06-29T13:18:48.039Z GET, "/db_gauge_gas", status=304, response-time=3.293 ms
2021-06-29T13:18:48.045Z GET, "/db_gauge_light", status=304, response-time=1.726 ms
2021-06-29T13:19:02.205Z GET, "/temperature", status=304, response-time=3.557 ms
2021-06-29T13:19:02.483Z GET, "/db_temperature?period=Day", status=304, response-time=1.638 ms
2021-06-29T13:19:03.197Z GET, "/comfort", status=304, response-time=5.826 ms
2021-06-29T13:19:03.438Z GET, "/db_gauge_weather", status=304, response-time=1.499 ms
2021-06-29T13:19:03.442Z GET, "/db_gauge_noise", status=304, response-time=1.342 ms
2021-06-29T13:19:03.461Z GET, "/db_gauge_gas", status=304, response-time=4.459 ms
2021-06-29T13:19:03.465Z GET, "/db_gauge_light", status=304, response-time=1.362 ms
2021-06-29T13:20:05.335Z GET, "/humidity", status=304, response-time=2.467 ms
2021-06-29T13:20:05.687Z GET, "/db_humidity?period=Day", status=304, response-time=1.303 ms
2021-06-29T13:20:06.765Z GET, "/gas", status=304, response-time=2.662 ms
2021-06-29T13:20:07.028Z GET, "/db_gas?period=Day", status=304, response-time=1.827 ms
2021-06-29T13:20:10.313Z GET, "/db_gas?period=All", status=304, response-time=5.215 ms
2021-06-29T13:20:13.265Z GET, "/db_gas?period=Year", status=304, response-time=2.190 ms
2021-06-29T13:20:14.447Z GET, "/db_gas?period=Day", status=304, response-time=1.166 ms
2021-06-29T13:24:10.126Z GET, "/db_gas?period=All", status=304, response-time=1.613 ms
2021-06-29T13:27:38.630Z GET, "/about", status=304, response-time=8.041 ms
2021-06-29T13:27:39.536Z GET, "/comfort", status=304, response-time=1.779 ms
2021-06-29T13:27:39.893Z GET, "/db_gauge_weather", status=304, response-time=1.954 ms
2021-06-29T13:27:39.897Z GET, "/db_gauge_noise", status=304, response-time=1.621 ms
2021-06-29T13:27:39.912Z GET, "/db_gauge_gas", status=304, response-time=1.461 ms
2021-06-29T13:27:39.917Z GET, "/db_gauge_light", status=304, response-time=1.531 ms
2021-06-29T13:27:40.345Z GET, "/temperature", status=304, response-time=4.960 ms
2021-06-29T13:27:40.657Z GET, "/db_temperature?period=Day", status=304, response-time=1.111 ms
2021-06-29T13:27:41.221Z GET, "/comfort", status=304, response-time=2.152 ms
2021-06-29T13:27:41.516Z GET, "/db_gauge_weather", status=304, response-time=1.566 ms
2021-06-29T13:27:41.520Z GET, "/db_gauge_noise", status=304, response-time=1.801 ms
2021-06-29T13:27:41.541Z GET, "/db_gauge_gas", status=304, response-time=2.148 ms
2021-06-29T13:27:41.542Z GET, "/db_gauge_light", status=304, response-time=2.148 ms
2021-06-29T13:27:42.681Z GET, "/humidity", status=304, response-time=5.043 ms
2021-06-29T13:27:43.001Z GET, "/db_humidity?period=Day", status=304, response-time=1.708 ms
2021-06-29T13:27:46.418Z GET, "/gas", status=304, response-time=3.039 ms
2021-06-29T13:27:46.651Z GET, "/db_gas?period=Day", status=304, response-time=4.034 ms
2021-06-29T13:27:48.580Z GET, "/db_gas?period=All", status=304, response-time=1.228 ms
2021-06-29T13:27:50.267Z GET, "/db_gas?period=Year", status=304, response-time=1.394 ms
2021-06-29T13:27:51.331Z GET, "/db_gas?period=Month", status=304, response-time=3.620 ms
2021-06-29T13:27:52.310Z GET, "/db_gas?period=All", status=304, response-time=1.059 ms
2021-06-29T13:27:53.170Z GET, "/light", status=200, response-time=8.273 ms
2021-06-29T13:27:53.517Z GET, "/db_light?period=Day", status=200, response-time=1.666 ms
2021-06-29T13:27:54.521Z GET, "/db_light?period=All", status=200, response-time=1.158 ms
2021-06-29T13:27:58.493Z GET, "/db_light?period=Year", status=200, response-time=2.020 ms
2021-06-29T13:28:14.306Z GET, "/gas", status=304, response-time=3.788 ms
2021-06-29T13:28:14.669Z GET, "/db_gas?period=Day", status=304, response-time=2.323 ms
2021-06-29T13:28:15.177Z GET, "/light", status=304, response-time=1.604 ms
2021-06-29T13:28:15.418Z GET, "/db_light?period=Day", status=304, response-time=1.294 ms
2021-06-29T13:28:17.496Z GET, "/noise", status=200, response-time=3.324 ms
2021-06-29T13:28:17.764Z GET, "/db_noise?period=Day", status=200, response-time=3.410 ms
2021-06-29T13:28:18.356Z GET, "/light", status=304, response-time=1.995 ms
2021-06-29T13:28:18.631Z GET, "/db_light?period=Day", status=304, response-time=1.798 ms
2021-06-29T13:28:40.239Z GET, "/light", status=304, response-time=3.226 ms
2021-06-29T13:28:40.612Z GET, "/db_light?period=Day", status=304, response-time=1.738 ms
2021-06-29T13:28:41.064Z GET, "/noise", status=304, response-time=1.857 ms
2021-06-29T13:28:41.357Z GET, "/db_noise?period=Day", status=304, response-time=1.589 ms
2021-06-29T13:28:41.924Z GET, "/gas", status=304, response-time=3.930 ms
2021-06-29T13:28:42.221Z GET, "/db_gas?period=Day", status=304, response-time=2.449 ms
2021-06-29T13:28:43.096Z GET, "/humidity", status=304, response-time=5.614 ms
2021-06-29T13:28:43.345Z GET, "/db_humidity?period=Day", status=304, response-time=2.135 ms
2021-06-29T16:06:16.287Z GET, "/", status=302, response-time=13.880 ms
2021-06-29T16:06:16.325Z GET, "/about", status=304, response-time=22.630 ms
2021-06-29T16:06:18.978Z GET, "/comfort", status=304, response-time=10.467 ms
2021-06-29T16:06:19.352Z GET, "/db_gauge_weather", status=304, response-time=8.394 ms
2021-06-29T16:06:19.353Z GET, "/db_gauge_noise", status=304, response-time=3.679 ms
2021-06-29T16:06:19.362Z GET, "/db_gauge_gas", status=304, response-time=2.167 ms
2021-06-29T16:06:19.368Z GET, "/db_gauge_light", status=304, response-time=1.930 ms
2021-06-29T16:08:06.538Z GET, "/comfort", status=304, response-time=10.129 ms
2021-06-29T16:08:07.085Z GET, "/db_gauge_weather", status=304, response-time=6.557 ms
2021-06-29T16:08:07.087Z GET, "/db_gauge_noise", status=304, response-time=6.993 ms
2021-06-29T16:08:07.111Z GET, "/db_gauge_gas", status=200, response-time=2.571 ms
2021-06-29T16:08:07.112Z GET, "/db_gauge_light", status=304, response-time=2.722 ms
2021-06-29T16:08:18.073Z GET, "/comfort", status=304, response-time=6.895 ms
2021-06-29T16:08:18.449Z GET, "/db_gauge_weather", status=304, response-time=3.806 ms
2021-06-29T16:08:18.454Z GET, "/db_gauge_noise", status=304, response-time=1.560 ms
2021-06-29T16:08:18.473Z GET, "/db_gauge_gas", status=200, response-time=2.558 ms
2021-06-29T16:08:18.478Z GET, "/db_gauge_light", status=304, response-time=2.261 ms
2021-06-29T16:08:33.988Z GET, "/comfort", status=304, response-time=1.753 ms
2021-06-29T16:08:34.329Z GET, "/db_gauge_weather", status=304, response-time=3.651 ms
2021-06-29T16:08:34.333Z GET, "/db_gauge_noise", status=304, response-time=1.704 ms
2021-06-29T16:08:34.357Z GET, "/db_gauge_gas", status=200, response-time=2.503 ms
2021-06-29T16:08:34.361Z GET, "/db_gauge_light", status=304, response-time=3.356 ms
2021-06-29T16:08:48.177Z GET, "/comfort", status=304, response-time=6.958 ms
2021-06-29T16:08:48.437Z GET, "/db_gauge_weather", status=304, response-time=3.337 ms
2021-06-29T16:08:48.438Z GET, "/db_gauge_noise", status=304, response-time=2.297 ms
2021-06-29T16:08:48.458Z GET, "/db_gauge_gas", status=200, response-time=3.213 ms
2021-06-29T16:08:48.466Z GET, "/db_gauge_light", status=304, response-time=1.272 ms
2021-06-29T16:08:57.537Z GET, "/comfort", status=304, response-time=8.516 ms
2021-06-29T16:08:57.887Z GET, "/db_gauge_weather", status=304, response-time=4.174 ms
2021-06-29T16:08:57.892Z GET, "/db_gauge_noise", status=304, response-time=2.178 ms
2021-06-29T16:08:57.924Z GET, "/db_gauge_gas", status=200, response-time=2.516 ms
2021-06-29T16:08:57.925Z GET, "/db_gauge_light", status=304, response-time=3.327 ms
2021-06-29T16:10:08.910Z GET, "/comfort", status=304, response-time=4.931 ms
2021-06-29T16:10:09.383Z GET, "/db_gauge_weather", status=304, response-time=1.675 ms
2021-06-29T16:10:09.388Z GET, "/db_gauge_noise", status=304, response-time=1.790 ms
2021-06-29T16:10:09.406Z GET, "/db_gauge_gas", status=304, response-time=3.905 ms
2021-06-29T16:10:09.413Z GET, "/db_gauge_light", status=200, response-time=1.454 ms
2021-06-29T16:10:19.141Z GET, "/comfort", status=304, response-time=3.550 ms
2021-06-29T16:10:19.490Z GET, "/db_gauge_weather", status=200, response-time=1.910 ms
2021-06-29T16:10:19.496Z GET, "/db_gauge_noise", status=304, response-time=2.335 ms
2021-06-29T16:10:19.511Z GET, "/db_gauge_gas", status=304, response-time=3.404 ms
2021-06-29T16:10:19.513Z GET, "/db_gauge_light", status=304, response-time=3.057 ms
2021-06-29T16:27:39.064Z GET, "/humidity", status=304, response-time=7.492 ms
2021-06-29T16:27:39.359Z GET, "/db_humidity?period=Day", status=200, response-time=2.733 ms
2021-06-29T16:27:43.006Z GET, "/comfort", status=304, response-time=2.297 ms
2021-06-29T16:27:43.297Z GET, "/db_gauge_weather", status=304, response-time=2.394 ms
2021-06-29T16:27:43.299Z GET, "/db_gauge_noise", status=304, response-time=2.553 ms
2021-06-29T16:27:43.315Z GET, "/db_gauge_gas", status=304, response-time=3.543 ms
2021-06-29T16:27:43.316Z GET, "/db_gauge_light", status=304, response-time=2.344 ms
2021-06-29T16:27:44.157Z GET, "/about", status=304, response-time=2.533 ms
2021-06-29T16:27:58.817Z GET, "/", status=302, response-time=1.025 ms
2021-06-29T16:27:58.876Z GET, "/about", status=200, response-time=1.573 ms
2021-06-29T16:28:01.884Z GET, "/comfort", status=200, response-time=1.432 ms
2021-06-29T16:28:02.003Z GET, "/db_gauge_weather", status=200, response-time=1.916 ms
2021-06-29T16:28:02.003Z GET, "/db_gauge_noise", status=200, response-time=1.565 ms
2021-06-29T16:28:02.027Z GET, "/db_gauge_gas", status=200, response-time=3.413 ms
2021-06-29T16:28:02.028Z GET, "/db_gauge_light", status=200, response-time=3.530 ms
2021-06-29T16:28:02.705Z GET, "/temperature", status=200, response-time=3.483 ms
2021-06-29T16:28:02.811Z GET, "/db_temperature?period=Day", status=200, response-time=1.569 ms
2021-06-29T16:28:03.309Z GET, "/comfort", status=304, response-time=2.311 ms
2021-06-29T16:28:03.398Z GET, "/db_gauge_weather", status=304, response-time=0.867 ms
2021-06-29T16:28:03.403Z GET, "/db_gauge_noise", status=304, response-time=1.462 ms
2021-06-29T16:28:03.405Z GET, "/db_gauge_gas", status=304, response-time=2.188 ms
2021-06-29T16:28:03.405Z GET, "/db_gauge_light", status=304, response-time=1.812 ms
2021-06-29T16:28:03.852Z GET, "/comfort", status=304, response-time=2.001 ms
2021-06-29T16:28:03.922Z GET, "/db_gauge_weather", status=304, response-time=0.876 ms
2021-06-29T16:28:03.925Z GET, "/db_gauge_noise", status=304, response-time=0.908 ms
2021-06-29T16:28:03.938Z GET, "/db_gauge_gas", status=304, response-time=1.223 ms
2021-06-29T16:28:03.938Z GET, "/db_gauge_light", status=304, response-time=1.438 ms
2021-06-29T16:28:08.489Z GET, "/comfort", status=304, response-time=1.578 ms
2021-06-29T16:28:08.585Z GET, "/db_gauge_noise", status=304, response-time=1.453 ms
2021-06-29T16:28:08.586Z GET, "/db_gauge_weather", status=304, response-time=1.603 ms
2021-06-29T16:28:08.589Z GET, "/db_gauge_gas", status=304, response-time=1.426 ms
2021-06-29T16:28:08.592Z GET, "/db_gauge_light", status=304, response-time=1.967 ms
2021-06-29T16:28:16.742Z GET, "/comfort", status=304, response-time=1.752 ms
2021-06-29T16:28:16.826Z GET, "/db_gauge_weather", status=304, response-time=2.623 ms
2021-06-29T16:28:16.827Z GET, "/db_gauge_noise", status=304, response-time=1.962 ms
2021-06-29T16:28:16.837Z GET, "/db_gauge_gas", status=304, response-time=2.559 ms
2021-06-29T16:28:16.838Z GET, "/db_gauge_light", status=304, response-time=3.563 ms
2021-06-29T16:29:18.356Z GET, "/comfort", status=304, response-time=1.569 ms
2021-06-29T16:29:18.484Z GET, "/db_gauge_weather", status=304, response-time=1.436 ms
2021-06-29T16:29:18.487Z GET, "/db_gauge_noise", status=304, response-time=1.443 ms
2021-06-29T16:29:18.492Z GET, "/db_gauge_gas", status=304, response-time=1.089 ms
2021-06-29T16:29:18.495Z GET, "/db_gauge_light", status=304, response-time=1.071 ms
2021-06-29T16:29:28.489Z GET, "/comfort", status=304, response-time=1.537 ms
2021-06-29T16:29:28.616Z GET, "/db_gauge_weather", status=304, response-time=1.484 ms
2021-06-29T16:29:28.617Z GET, "/db_gauge_noise", status=304, response-time=1.561 ms
2021-06-29T16:29:28.625Z GET, "/db_gauge_gas", status=304, response-time=1.700 ms
2021-06-29T16:29:28.625Z GET, "/db_gauge_light", status=304, response-time=1.212 ms
2021-06-29T16:29:28.917Z GET, "/about", status=304, response-time=1.857 ms
2021-06-29T16:29:30.137Z GET, "/comfort", status=304, response-time=1.536 ms
2021-06-29T16:29:30.234Z GET, "/db_gauge_weather", status=304, response-time=1.887 ms
2021-06-29T16:29:30.234Z GET, "/db_gauge_noise", status=304, response-time=1.419 ms
2021-06-29T16:29:30.239Z GET, "/db_gauge_gas", status=304, response-time=0.979 ms
2021-06-29T16:29:30.242Z GET, "/db_gauge_light", status=304, response-time=2.048 ms
2021-06-29T16:29:36.380Z GET, "/comfort", status=304, response-time=1.329 ms
2021-06-29T16:29:36.484Z GET, "/db_gauge_weather", status=304, response-time=3.454 ms
2021-06-29T16:29:36.485Z GET, "/db_gauge_noise", status=304, response-time=1.603 ms
2021-06-29T16:29:36.488Z GET, "/db_gauge_gas", status=304, response-time=1.400 ms
2021-06-29T16:29:36.490Z GET, "/db_gauge_light", status=304, response-time=1.043 ms
2021-06-29T16:29:37.477Z GET, "/comfort", status=304, response-time=3.041 ms
2021-06-29T16:29:37.586Z GET, "/db_gauge_weather", status=304, response-time=2.046 ms
2021-06-29T16:29:37.586Z GET, "/db_gauge_noise", status=304, response-time=1.720 ms
2021-06-29T16:29:37.588Z GET, "/db_gauge_gas", status=304, response-time=2.824 ms
2021-06-29T16:29:37.590Z GET, "/db_gauge_light", status=304, response-time=1.243 ms
2021-06-29T16:29:42.784Z GET, "/humidity", status=200, response-time=1.876 ms
2021-06-29T16:29:42.932Z GET, "/db_humidity?period=Day", status=200, response-time=1.027 ms
2021-06-29T16:29:45.217Z GET, "/db_humidity?period=All", status=200, response-time=2.373 ms
2021-06-29T16:29:58.472Z GET, "/db_gauge_noise", status=304, response-time=1.652 ms
2021-06-29T16:29:58.473Z GET, "/db_gauge_weather", status=304, response-time=1.850 ms
2021-06-29T16:29:58.486Z GET, "/db_gauge_gas", status=304, response-time=1.622 ms
2021-06-29T16:29:58.487Z GET, "/db_gauge_light", status=304, response-time=1.300 ms
2021-06-29T16:30:02.974Z GET, "/humidity", status=304, response-time=2.708 ms
2021-06-29T16:30:03.056Z GET, "/db_humidity?period=Day", status=304, response-time=1.068 ms
2021-06-29T16:30:04.837Z GET, "/db_humidity?period=All", status=304, response-time=1.452 ms
2021-06-29T16:30:12.564Z GET, "/light", status=304, response-time=2.209 ms
2021-06-29T16:30:12.671Z GET, "/db_light?period=Day", status=200, response-time=2.554 ms
2021-06-29T16:30:15.068Z GET, "/db_light?period=All", status=200, response-time=1.074 ms
2021-06-29T16:30:16.987Z GET, "/noise", status=200, response-time=2.592 ms
2021-06-29T16:30:17.084Z GET, "/db_noise?period=Day", status=200, response-time=1.071 ms
2021-06-29T16:30:18.620Z GET, "/db_noise?period=Year", status=200, response-time=1.184 ms
2021-06-29T16:30:31.707Z GET, "/about", status=304, response-time=2.996 ms
2021-06-29T16:30:37.162Z GET, "/comfort", status=304, response-time=1.483 ms
2021-06-29T16:30:37.292Z GET, "/db_gauge_weather", status=304, response-time=1.132 ms
2021-06-29T16:30:37.294Z GET, "/db_gauge_noise", status=304, response-time=1.186 ms
2021-06-29T16:30:37.297Z GET, "/db_gauge_gas", status=304, response-time=1.120 ms
2021-06-29T16:30:37.300Z GET, "/db_gauge_light", status=304, response-time=1.151 ms
2021-06-29T16:30:47.184Z GET, "/comfort", status=304, response-time=1.250 ms
2021-06-29T16:30:47.289Z GET, "/db_gauge_weather", status=304, response-time=1.781 ms
2021-06-29T16:30:47.292Z GET, "/db_gauge_noise", status=304, response-time=1.540 ms
2021-06-29T16:30:47.296Z GET, "/db_gauge_gas", status=304, response-time=1.816 ms
2021-06-29T16:30:47.296Z GET, "/db_gauge_light", status=304, response-time=1.415 ms
2021-06-29T16:31:06.007Z GET, "/gas", status=304, response-time=2.232 ms
2021-06-29T16:31:06.120Z GET, "/db_gas?period=Day", status=200, response-time=1.284 ms
2021-06-29T16:31:07.329Z GET, "/light", status=304, response-time=3.354 ms
2021-06-29T16:31:07.415Z GET, "/db_light?period=Day", status=304, response-time=0.945 ms
2021-06-29T16:31:08.585Z GET, "/noise", status=304, response-time=1.866 ms
2021-06-29T16:31:08.707Z GET, "/db_noise?period=Day", status=304, response-time=0.943 ms
2021-06-29T16:31:09.278Z GET, "/about", status=304, response-time=1.807 ms
2021-06-29T16:32:18.440Z GET, "/temperature", status=304, response-time=1.698 ms
2021-06-29T16:32:18.554Z GET, "/db_temperature?period=Day", status=304, response-time=0.989 ms
2021-06-29T16:32:20.482Z GET, "/comfort", status=304, response-time=2.206 ms
2021-06-29T16:32:20.580Z GET, "/db_gauge_weather", status=304, response-time=1.324 ms
2021-06-29T16:32:20.580Z GET, "/db_gauge_noise", status=304, response-time=1.378 ms
2021-06-29T16:32:20.587Z GET, "/db_gauge_gas", status=304, response-time=2.063 ms
2021-06-29T16:32:20.588Z GET, "/db_gauge_light", status=304, response-time=1.537 ms
2021-06-29T16:32:23.173Z GET, "/temperature", status=304, response-time=1.263 ms
2021-06-29T16:32:23.283Z GET, "/db_temperature?period=Day", status=304, response-time=0.799 ms
2021-06-29T16:32:25.184Z GET, "/humidity", status=304, response-time=1.476 ms
2021-06-29T16:32:25.277Z GET, "/db_humidity?period=Day", status=304, response-time=0.987 ms
2021-06-29T16:32:28.494Z GET, "/db_humidity?period=Year", status=200, response-time=1.060 ms
2021-06-29T16:33:30.735Z GET, "/", status=302, response-time=12.511 ms
2021-06-29T16:33:30.764Z GET, "/about", status=304, response-time=16.928 ms
2021-06-29T16:33:31.808Z GET, "/comfort", status=304, response-time=7.120 ms
2021-06-29T16:33:32.396Z GET, "/db_gauge_weather", status=304, response-time=12.430 ms
2021-06-29T16:33:32.397Z GET, "/db_gauge_noise", status=304, response-time=5.188 ms
2021-06-29T16:33:32.419Z GET, "/db_gauge_gas", status=304, response-time=2.642 ms
2021-06-29T16:33:32.429Z GET, "/db_gauge_light", status=304, response-time=1.784 ms
2021-06-29T16:33:34.023Z GET, "/temperature", status=304, response-time=4.433 ms
2021-06-29T16:33:34.271Z GET, "/db_temperature?period=Day", status=200, response-time=1.658 ms
2021-06-29T16:33:36.698Z GET, "/humidity", status=304, response-time=2.243 ms
2021-06-29T16:33:36.799Z GET, "/db_humidity?period=Day", status=304, response-time=1.781 ms
2021-06-29T16:33:39.263Z GET, "/comfort", status=304, response-time=3.451 ms
2021-06-29T16:33:39.363Z GET, "/db_gauge_weather", status=304, response-time=2.621 ms
2021-06-29T16:33:39.363Z GET, "/db_gauge_noise", status=304, response-time=1.779 ms
2021-06-29T16:33:39.366Z GET, "/db_gauge_gas", status=304, response-time=2.196 ms
2021-06-29T16:33:39.367Z GET, "/db_gauge_light", status=304, response-time=1.691 ms
2021-06-29T16:33:55.044Z GET, "/comfort", status=304, response-time=2.387 ms
2021-06-29T16:33:55.151Z GET, "/db_gauge_weather", status=304, response-time=2.214 ms
2021-06-29T16:33:55.152Z GET, "/db_gauge_noise", status=304, response-time=1.682 ms
2021-06-29T16:33:55.155Z GET, "/db_gauge_gas", status=304, response-time=1.363 ms
2021-06-29T16:33:55.160Z GET, "/db_gauge_light", status=304, response-time=1.010 ms
2021-06-29T16:34:01.866Z GET, "/temperature", status=304, response-time=7.635 ms
2021-06-29T16:34:02.163Z GET, "/db_temperature?period=Day", status=304, response-time=1.693 ms
2021-06-29T16:34:03.017Z GET, "/comfort", status=304, response-time=1.843 ms
2021-06-29T16:34:03.248Z GET, "/db_gauge_weather", status=304, response-time=1.495 ms
2021-06-29T16:34:03.254Z GET, "/db_gauge_noise", status=304, response-time=4.434 ms
2021-06-29T16:34:03.265Z GET, "/db_gauge_gas", status=304, response-time=1.782 ms
2021-06-29T16:34:03.274Z GET, "/db_gauge_light", status=304, response-time=2.112 ms
2021-06-29T16:34:04.883Z GET, "/temperature", status=304, response-time=4.155 ms
2021-06-29T16:34:05.128Z GET, "/db_temperature?period=Day", status=304, response-time=1.838 ms
2021-06-29T16:34:05.723Z GET, "/humidity", status=304, response-time=1.635 ms
2021-06-29T16:34:05.937Z GET, "/db_humidity?period=Day", status=304, response-time=2.624 ms
2021-06-29T16:34:06.538Z GET, "/temperature", status=304, response-time=1.929 ms
2021-06-29T16:34:06.760Z GET, "/db_temperature?period=Day", status=304, response-time=1.623 ms
2021-06-29T16:34:09.001Z GET, "/gas", status=304, response-time=3.630 ms
2021-06-29T16:34:09.264Z GET, "/db_gas?period=Day", status=200, response-time=3.315 ms
2021-06-29T16:34:10.892Z GET, "/db_gas?period=All", status=304, response-time=3.265 ms
2021-06-29T16:34:12.868Z GET, "/about", status=304, response-time=6.009 ms
2021-06-29T16:34:17.511Z GET, "/comfort", status=304, response-time=5.004 ms
2021-06-29T16:34:17.774Z GET, "/db_gauge_weather", status=304, response-time=1.453 ms
2021-06-29T16:34:17.778Z GET, "/db_gauge_noise", status=304, response-time=1.658 ms
2021-06-29T16:34:17.796Z GET, "/db_gauge_gas", status=304, response-time=1.584 ms
2021-06-29T16:34:17.799Z GET, "/db_gauge_light", status=304, response-time=1.434 ms
2021-06-29T16:35:31.400Z GET, "/comfort", status=304, response-time=3.091 ms
2021-06-29T16:35:31.510Z GET, "/db_gauge_weather", status=304, response-time=2.139 ms
2021-06-29T16:35:31.511Z GET, "/db_gauge_noise", status=304, response-time=1.603 ms
2021-06-29T16:35:31.516Z GET, "/db_gauge_gas", status=304, response-time=1.119 ms
2021-06-29T16:35:31.519Z GET, "/db_gauge_light", status=304, response-time=0.985 ms
2021-06-29T16:35:33.743Z GET, "/comfort", status=304, response-time=3.010 ms
2021-06-29T16:35:33.843Z GET, "/db_gauge_weather", status=304, response-time=0.938 ms
2021-06-29T16:35:33.846Z GET, "/db_gauge_noise", status=304, response-time=1.029 ms
2021-06-29T16:35:33.852Z GET, "/db_gauge_gas", status=304, response-time=0.950 ms
2021-06-29T16:35:33.855Z GET, "/db_gauge_light", status=304, response-time=0.976 ms
2021-06-29T16:35:49.714Z GET, "/humidity", status=304, response-time=2.893 ms
2021-06-29T16:35:49.790Z GET, "/db_humidity?period=Day", status=304, response-time=3.180 ms
2021-06-29T16:35:51.190Z GET, "/temperature", status=304, response-time=1.526 ms
2021-06-29T16:35:51.288Z GET, "/db_temperature?period=Day", status=304, response-time=1.081 ms
2021-06-29T16:35:52.271Z GET, "/comfort", status=304, response-time=2.980 ms
2021-06-29T16:35:52.364Z GET, "/db_gauge_weather", status=304, response-time=1.672 ms
2021-06-29T16:35:52.366Z GET, "/db_gauge_noise", status=304, response-time=2.134 ms
2021-06-29T16:35:52.369Z GET, "/db_gauge_gas", status=304, response-time=2.643 ms
2021-06-29T16:35:52.370Z GET, "/db_gauge_light", status=304, response-time=1.752 ms
2021-06-29T16:35:55.076Z GET, "/comfort", status=304, response-time=2.810 ms
2021-06-29T16:35:55.160Z GET, "/db_gauge_weather", status=304, response-time=1.357 ms
2021-06-29T16:35:55.162Z GET, "/db_gauge_noise", status=304, response-time=1.291 ms
2021-06-29T16:35:55.167Z GET, "/db_gauge_gas", status=304, response-time=2.134 ms
2021-06-29T16:35:55.168Z GET, "/db_gauge_light", status=304, response-time=1.433 ms
2021-06-29T16:35:57.862Z GET, "/comfort", status=304, response-time=2.845 ms
2021-06-29T16:35:57.943Z GET, "/db_gauge_weather", status=304, response-time=2.195 ms
2021-06-29T16:35:57.945Z GET, "/db_gauge_noise", status=304, response-time=1.931 ms
2021-06-29T16:35:57.948Z GET, "/db_gauge_gas", status=304, response-time=1.259 ms
2021-06-29T16:35:57.951Z GET, "/db_gauge_light", status=304, response-time=1.220 ms
2021-06-29T16:35:58.637Z GET, "/comfort", status=304, response-time=3.190 ms
2021-06-29T16:35:58.714Z GET, "/db_gauge_weather", status=304, response-time=1.941 ms
2021-06-29T16:35:58.715Z GET, "/db_gauge_noise", status=304, response-time=1.557 ms
2021-06-29T16:35:58.721Z GET, "/db_gauge_gas", status=304, response-time=1.380 ms
2021-06-29T16:35:58.722Z GET, "/db_gauge_light", status=304, response-time=1.399 ms
2021-06-29T16:36:09.007Z GET, "/comfort", status=304, response-time=2.714 ms
2021-06-29T16:36:09.107Z GET, "/db_gauge_weather", status=304, response-time=1.966 ms
2021-06-29T16:36:09.108Z GET, "/db_gauge_noise", status=304, response-time=1.544 ms
2021-06-29T16:36:09.111Z GET, "/db_gauge_gas", status=304, response-time=1.028 ms
2021-06-29T16:36:09.114Z GET, "/db_gauge_light", status=304, response-time=0.800 ms
2021-06-29T16:36:32.467Z GET, "/comfort", status=304, response-time=2.391 ms
2021-06-29T16:36:32.843Z GET, "/db_gauge_weather", status=304, response-time=2.968 ms
2021-06-29T16:36:32.851Z GET, "/db_gauge_noise", status=304, response-time=1.348 ms
2021-06-29T16:36:32.871Z GET, "/db_gauge_gas", status=304, response-time=1.636 ms
2021-06-29T16:36:32.877Z GET, "/db_gauge_light", status=304, response-time=2.657 ms
2021-06-29T16:36:37.536Z GET, "/comfort", status=200, response-time=1.244 ms
2021-06-29T16:36:37.882Z GET, "/db_gauge_weather", status=200, response-time=1.694 ms
2021-06-29T16:36:37.888Z GET, "/db_gauge_noise", status=200, response-time=3.095 ms
2021-06-29T16:36:37.912Z GET, "/db_gauge_gas", status=200, response-time=3.309 ms
2021-06-29T16:36:37.917Z GET, "/db_gauge_light", status=200, response-time=1.596 ms
2021-06-29T16:36:46.203Z GET, "/comfort", status=304, response-time=3.464 ms
2021-06-29T16:36:46.629Z GET, "/db_gauge_weather", status=304, response-time=1.670 ms
2021-06-29T16:36:46.637Z GET, "/db_gauge_noise", status=304, response-time=1.435 ms
2021-06-29T16:36:46.655Z GET, "/db_gauge_gas", status=304, response-time=5.878 ms
2021-06-29T16:36:46.658Z GET, "/db_gauge_light", status=304, response-time=2.019 ms
2021-06-29T16:36:47.597Z GET, "/temperature", status=304, response-time=2.027 ms
2021-06-29T16:36:47.849Z GET, "/db_temperature?period=Day", status=304, response-time=1.552 ms
2021-06-29T16:36:49.366Z GET, "/comfort", status=304, response-time=3.048 ms
2021-06-29T16:36:49.638Z GET, "/db_gauge_weather", status=304, response-time=1.518 ms
2021-06-29T16:36:49.648Z GET, "/db_gauge_noise", status=304, response-time=3.336 ms
2021-06-29T16:36:49.670Z GET, "/db_gauge_gas", status=304, response-time=4.635 ms
2021-06-29T16:36:49.673Z GET, "/db_gauge_light", status=304, response-time=4.392 ms
2021-06-29T16:36:53.149Z GET, "/about", status=304, response-time=2.621 ms
2021-06-29T16:36:54.604Z GET, "/temperature", status=304, response-time=4.368 ms
2021-06-29T16:36:54.850Z GET, "/db_temperature?period=Day", status=304, response-time=1.379 ms
2021-06-29T16:37:05.133Z GET, "/comfort", status=304, response-time=2.754 ms
2021-06-29T16:37:05.524Z GET, "/db_gauge_weather", status=304, response-time=4.824 ms
2021-06-29T16:37:05.530Z GET, "/db_gauge_noise", status=304, response-time=2.064 ms
2021-06-29T16:37:05.561Z GET, "/db_gauge_gas", status=304, response-time=1.523 ms
2021-06-29T16:37:05.574Z GET, "/db_gauge_light", status=304, response-time=5.560 ms
2021-06-29T16:37:24.112Z GET, "/comfort", status=304, response-time=2.055 ms
2021-06-29T16:37:24.230Z GET, "/db_gauge_weather", status=304, response-time=1.489 ms
2021-06-29T16:37:24.231Z GET, "/db_gauge_noise", status=304, response-time=1.478 ms
2021-06-29T16:37:24.236Z GET, "/db_gauge_gas", status=304, response-time=1.541 ms
2021-06-29T16:37:24.240Z GET, "/db_gauge_light", status=304, response-time=0.993 ms
2021-06-29T16:37:34.316Z GET, "/comfort", status=304, response-time=1.945 ms
2021-06-29T16:37:34.420Z GET, "/db_gauge_weather", status=304, response-time=1.405 ms
2021-06-29T16:37:34.421Z GET, "/db_gauge_noise", status=304, response-time=1.474 ms
2021-06-29T16:37:34.430Z GET, "/db_gauge_gas", status=304, response-time=2.358 ms
2021-06-29T16:37:34.431Z GET, "/db_gauge_light", status=304, response-time=1.412 ms
2021-06-29T16:38:58.171Z GET, "/comfort", status=200, response-time=34.463 ms
2021-06-29T16:42:58.282Z GET, "/comfort", status=200, response-time=8.928 ms
2021-06-29T16:43:18.950Z GET, "/comfort", status=304, response-time=9.231 ms
