2021-07-01T11:22:24.300Z GET, "/", status=200, response-time=26.138 ms
2021-07-01T11:22:27.907Z POST, "/verify-code", status=302, response-time=6.463 ms
2021-07-01T11:22:27.921Z GET, "/", status=302, response-time=2.646 ms
2021-07-01T11:22:27.948Z GET, "/about", status=304, response-time=9.718 ms
2021-07-01T11:22:31.574Z GET, "/temperature", status=304, response-time=8.376 ms
2021-07-01T11:22:31.993Z GET, "/db_temperature?period=Day", status=200, response-time=51.784 ms
2021-07-01T11:23:16.820Z GET, "/temperature", status=200, response-time=27.496 ms
2021-07-01T11:23:19.464Z POST, "/verify-code", status=302, response-time=7.422 ms
2021-07-01T11:23:19.478Z GET, "/", status=302, response-time=3.018 ms
2021-07-01T11:23:19.497Z GET, "/about", status=304, response-time=7.659 ms
2021-07-01T11:23:21.004Z GET, "/comfort", status=200, response-time=7.017 ms
2021-07-01T11:23:21.291Z GET, "/db_gauge_weather", status=200, response-time=10.424 ms
2021-07-01T11:23:21.309Z GET, "/db_gauge_noise", status=200, response-time=7.147 ms
2021-07-01T11:23:21.331Z GET, "/db_gauge_gas", status=200, response-time=3.155 ms
2021-07-01T11:23:21.343Z GET, "/db_gauge_light", status=200, response-time=2.833 ms
2021-07-01T11:34:23.499Z GET, "/comfort", status=200, response-time=42.166 ms
2021-07-01T11:34:27.843Z POST, "/verify-code", status=302, response-time=4.719 ms
2021-07-01T11:34:27.859Z GET, "/", status=302, response-time=2.276 ms
2021-07-01T11:34:27.888Z GET, "/about", status=304, response-time=10.615 ms
2021-07-01T11:34:30.028Z GET, "/", status=200, response-time=5.746 ms
2021-07-01T11:38:02.733Z GET, "/temperature", status=304, response-time=23.696 ms
2021-07-01T11:40:15.429Z POST, "/verify-code", status=302, response-time=5.915 ms
2021-07-01T11:40:15.440Z GET, "/", status=302, response-time=2.007 ms
2021-07-01T11:40:15.454Z GET, "/confort", status=302, response-time=1.880 ms
2021-07-01T11:40:15.465Z GET, "/", status=302, response-time=3.675 ms
2021-07-01T11:40:15.476Z GET, "/confort", status=302, response-time=2.455 ms
2021-07-01T11:40:15.486Z GET, "/", status=302, response-time=0.886 ms
2021-07-01T11:40:15.495Z GET, "/confort", status=302, response-time=2.215 ms
2021-07-01T11:40:15.504Z GET, "/", status=302, response-time=0.982 ms
2021-07-01T11:40:15.515Z GET, "/confort", status=302, response-time=3.993 ms
2021-07-01T11:40:15.522Z GET, "/", status=302, response-time=1.054 ms
2021-07-01T11:40:15.534Z GET, "/confort", status=302, response-time=1.154 ms
2021-07-01T11:40:15.541Z GET, "/", status=302, response-time=0.848 ms
2021-07-01T11:40:15.549Z GET, "/confort", status=302, response-time=0.947 ms
2021-07-01T11:40:15.557Z GET, "/", status=302, response-time=1.044 ms
2021-07-01T11:40:15.567Z GET, "/confort", status=302, response-time=1.043 ms
2021-07-01T11:40:15.575Z GET, "/", status=302, response-time=1.361 ms
2021-07-01T11:40:15.586Z GET, "/confort", status=302, response-time=1.107 ms
2021-07-01T11:40:15.607Z GET, "/", status=302, response-time=1.067 ms
2021-07-01T11:40:15.618Z GET, "/confort", status=302, response-time=1.147 ms
2021-07-01T11:40:15.631Z GET, "/", status=302, response-time=1.503 ms
2021-07-01T11:40:16.736Z GET, "/", status=302, response-time=1.055 ms
2021-07-01T11:40:16.746Z GET, "/confort", status=302, response-time=1.563 ms
2021-07-01T11:40:16.760Z GET, "/", status=302, response-time=1.177 ms
2021-07-01T11:40:16.775Z GET, "/confort", status=302, response-time=0.964 ms
2021-07-01T11:40:16.790Z GET, "/", status=302, response-time=0.984 ms
2021-07-01T11:40:16.802Z GET, "/confort", status=302, response-time=1.057 ms
2021-07-01T11:40:16.814Z GET, "/", status=302, response-time=2.630 ms
2021-07-01T11:40:16.822Z GET, "/confort", status=302, response-time=0.922 ms
2021-07-01T11:40:16.837Z GET, "/", status=302, response-time=1.423 ms
2021-07-01T11:40:16.849Z GET, "/confort", status=302, response-time=1.316 ms
2021-07-01T11:40:16.863Z GET, "/", status=302, response-time=1.712 ms
2021-07-01T11:40:16.875Z GET, "/confort", status=302, response-time=1.040 ms
2021-07-01T11:40:16.886Z GET, "/", status=302, response-time=1.124 ms
2021-07-01T11:40:16.896Z GET, "/confort", status=302, response-time=1.820 ms
2021-07-01T11:40:16.907Z GET, "/", status=302, response-time=1.000 ms
2021-07-01T11:40:16.919Z GET, "/confort", status=302, response-time=1.110 ms
2021-07-01T11:40:16.939Z GET, "/", status=302, response-time=1.038 ms
2021-07-01T11:40:16.952Z GET, "/confort", status=302, response-time=1.610 ms
2021-07-01T11:40:16.959Z GET, "/", status=302, response-time=0.982 ms
2021-07-01T11:40:16.972Z GET, "/confort", status=302, response-time=1.130 ms
2021-07-01T11:40:22.024Z GET, "/confort", status=302, response-time=1.362 ms
2021-07-01T11:40:22.031Z GET, "/", status=302, response-time=1.326 ms
2021-07-01T11:40:22.043Z GET, "/confort", status=302, response-time=1.456 ms
2021-07-01T11:40:22.056Z GET, "/", status=302, response-time=2.189 ms
2021-07-01T11:40:22.068Z GET, "/confort", status=302, response-time=1.564 ms
2021-07-01T11:40:22.078Z GET, "/", status=302, response-time=0.860 ms
2021-07-01T11:40:22.088Z GET, "/confort", status=302, response-time=1.054 ms
2021-07-01T11:40:22.096Z GET, "/", status=302, response-time=2.142 ms
2021-07-01T11:40:22.107Z GET, "/confort", status=302, response-time=1.094 ms
2021-07-01T11:40:22.118Z GET, "/", status=302, response-time=1.535 ms
2021-07-01T11:40:22.125Z GET, "/confort", status=302, response-time=1.036 ms
2021-07-01T11:40:22.136Z GET, "/", status=302, response-time=1.473 ms
2021-07-01T11:40:22.144Z GET, "/confort", status=302, response-time=1.146 ms
2021-07-01T11:40:22.153Z GET, "/", status=302, response-time=1.093 ms
2021-07-01T11:40:22.165Z GET, "/confort", status=302, response-time=1.478 ms
2021-07-01T11:40:22.174Z GET, "/", status=302, response-time=0.968 ms
2021-07-01T11:40:22.185Z GET, "/confort", status=302, response-time=2.488 ms
2021-07-01T11:40:22.193Z GET, "/", status=302, response-time=0.975 ms
2021-07-01T11:40:22.205Z GET, "/confort", status=302, response-time=1.094 ms
2021-07-01T11:40:22.213Z GET, "/", status=302, response-time=1.531 ms
2021-07-01T11:40:26.981Z GET, "/", status=200, response-time=32.430 ms
2021-07-01T11:40:29.941Z POST, "/verify-code", status=200, response-time=3.206 ms
2021-07-01T11:40:32.127Z POST, "/verify-code", status=302, response-time=8.563 ms
2021-07-01T11:40:32.137Z GET, "/", status=302, response-time=2.401 ms
2021-07-01T11:40:32.155Z GET, "/about", status=304, response-time=5.065 ms
2021-07-01T11:40:52.304Z GET, "/comfort", status=200, response-time=8.263 ms
2021-07-01T11:40:52.886Z GET, "/db_gauge_weather", status=304, response-time=14.655 ms
2021-07-01T11:40:52.888Z GET, "/db_gauge_noise", status=304, response-time=6.149 ms
2021-07-01T11:40:52.906Z GET, "/db_gauge_gas", status=304, response-time=5.088 ms
2021-07-01T11:40:52.913Z GET, "/db_gauge_light", status=304, response-time=3.119 ms
2021-07-01T11:41:00.602Z GET, "/comfort", status=200, response-time=33.198 ms
2021-07-01T11:41:04.602Z POST, "/verify-code", status=200, response-time=3.300 ms
2021-07-01T11:41:07.178Z POST, "/verify-code", status=302, response-time=6.068 ms
2021-07-01T11:41:07.192Z GET, "/", status=302, response-time=3.836 ms
2021-07-01T11:41:07.210Z GET, "/comfort", status=200, response-time=4.554 ms
2021-07-01T11:41:07.513Z GET, "/db_gauge_weather", status=304, response-time=10.755 ms
2021-07-01T11:41:07.535Z GET, "/db_gauge_noise", status=304, response-time=3.584 ms
2021-07-01T11:41:07.572Z GET, "/db_gauge_gas", status=304, response-time=3.008 ms
2021-07-01T11:41:07.620Z GET, "/db_gauge_light", status=304, response-time=3.512 ms
2021-07-01T11:58:04.197Z GET, "/comfort", status=200, response-time=22.316 ms
2021-07-01T11:58:06.960Z POST, "/verify-code", status=302, response-time=4.703 ms
2021-07-01T11:58:06.974Z GET, "/", status=302, response-time=2.751 ms
2021-07-01T11:58:06.991Z GET, "/comfort", status=200, response-time=5.756 ms
2021-07-01T11:58:07.271Z GET, "/db_gauge_weather", status=304, response-time=13.034 ms
2021-07-01T11:58:07.273Z GET, "/db_gauge_noise", status=304, response-time=7.056 ms
2021-07-01T11:58:07.285Z GET, "/db_gauge_gas", status=304, response-time=5.116 ms
2021-07-01T11:58:07.303Z GET, "/db_gauge_light", status=304, response-time=3.970 ms
2021-07-01T11:58:39.344Z GET, "/comfort", status=304, response-time=5.292 ms
2021-07-01T11:58:39.859Z GET, "/db_gauge_weather", status=304, response-time=3.372 ms
2021-07-01T11:58:39.875Z GET, "/db_gauge_noise", status=304, response-time=2.414 ms
2021-07-01T11:58:39.932Z GET, "/db_gauge_gas", status=304, response-time=9.138 ms
2021-07-01T11:58:39.933Z GET, "/db_gauge_light", status=304, response-time=7.844 ms
2021-07-01T12:02:21.928Z GET, "/temperature", status=304, response-time=21.423 ms
2021-07-01T12:02:23.455Z GET, "/humidity", status=200, response-time=4.468 ms
2021-07-01T12:02:25.542Z POST, "/verify-code", status=200, response-time=5.674 ms
2021-07-01T12:02:27.804Z POST, "/verify-code", status=302, response-time=6.766 ms
2021-07-01T12:02:27.865Z GET, "/", status=302, response-time=7.165 ms
2021-07-01T12:02:27.898Z GET, "/comfort", status=304, response-time=12.593 ms
2021-07-01T12:02:28.444Z GET, "/db_gauge_weather", status=304, response-time=14.385 ms
2021-07-01T12:02:28.446Z GET, "/db_gauge_noise", status=304, response-time=7.381 ms
2021-07-01T12:02:28.463Z GET, "/db_gauge_gas", status=304, response-time=7.003 ms
2021-07-01T12:02:28.470Z GET, "/db_gauge_light", status=304, response-time=2.941 ms
2021-07-01T12:02:29.833Z GET, "/humidity", status=200, response-time=10.062 ms
2021-07-01T12:02:30.173Z GET, "/db_humidity?period=Day", status=200, response-time=5.569 ms
2021-07-01T12:02:31.665Z GET, "/temperature", status=200, response-time=10.182 ms
2021-07-01T12:02:31.989Z GET, "/db_temperature?period=Day", status=304, response-time=2.769 ms
2021-07-01T12:02:32.550Z GET, "/comfort", status=304, response-time=6.033 ms
2021-07-01T12:02:32.881Z GET, "/db_gauge_weather", status=304, response-time=5.068 ms
2021-07-01T12:02:32.884Z GET, "/db_gauge_noise", status=304, response-time=2.467 ms
2021-07-01T12:02:32.904Z GET, "/db_gauge_gas", status=304, response-time=2.694 ms
2021-07-01T12:02:32.919Z GET, "/db_gauge_light", status=304, response-time=2.393 ms
2021-07-01T12:02:34.400Z GET, "/humidity", status=304, response-time=5.679 ms
2021-07-01T12:02:34.656Z GET, "/db_humidity?period=Day", status=304, response-time=4.594 ms
2021-07-01T12:02:36.939Z GET, "/db_humidity?period=Year", status=200, response-time=6.862 ms
2021-07-01T12:02:40.328Z GET, "/comfort", status=304, response-time=4.329 ms
2021-07-01T12:02:40.656Z GET, "/db_gauge_weather", status=304, response-time=3.528 ms
2021-07-01T12:02:40.661Z GET, "/db_gauge_noise", status=304, response-time=2.520 ms
2021-07-01T12:02:40.689Z GET, "/db_gauge_gas", status=304, response-time=5.879 ms
2021-07-01T12:02:40.697Z GET, "/db_gauge_light", status=304, response-time=2.440 ms
2021-07-01T12:02:47.492Z GET, "/comfort", status=304, response-time=2.551 ms
2021-07-01T12:02:47.812Z GET, "/db_gauge_weather", status=304, response-time=3.616 ms
2021-07-01T12:02:47.819Z GET, "/db_gauge_noise", status=304, response-time=2.109 ms
2021-07-01T12:02:47.840Z GET, "/db_gauge_gas", status=304, response-time=3.042 ms
2021-07-01T12:02:47.855Z GET, "/db_gauge_light", status=304, response-time=1.952 ms
2021-07-01T12:02:49.521Z GET, "/temperature", status=304, response-time=5.098 ms
2021-07-01T12:02:49.751Z GET, "/db_temperature?period=Day", status=304, response-time=4.054 ms
2021-07-01T12:02:51.090Z GET, "/humidity", status=304, response-time=2.871 ms
2021-07-01T12:02:51.389Z GET, "/db_humidity?period=Day", status=304, response-time=4.949 ms
2021-07-01T12:02:53.779Z GET, "/comfort", status=200, response-time=3.730 ms
2021-07-01T12:02:54.072Z GET, "/db_gauge_weather", status=304, response-time=2.504 ms
2021-07-01T12:02:54.077Z GET, "/db_gauge_noise", status=304, response-time=2.112 ms
2021-07-01T12:02:54.108Z GET, "/db_gauge_gas", status=304, response-time=3.281 ms
2021-07-01T12:02:54.115Z GET, "/db_gauge_light", status=304, response-time=2.237 ms
2021-07-01T12:05:08.966Z GET, "/temperature", status=304, response-time=3.242 ms
2021-07-01T12:05:09.524Z GET, "/db_temperature?period=Day", status=304, response-time=4.326 ms
2021-07-01T12:05:10.462Z GET, "/comfort", status=304, response-time=4.718 ms
2021-07-01T12:05:10.745Z GET, "/db_gauge_weather", status=304, response-time=2.408 ms
2021-07-01T12:05:10.762Z GET, "/db_gauge_noise", status=304, response-time=2.054 ms
2021-07-01T12:05:10.781Z GET, "/db_gauge_gas", status=304, response-time=2.637 ms
2021-07-01T12:05:10.799Z GET, "/db_gauge_light", status=304, response-time=2.190 ms
2021-07-01T12:05:25.428Z GET, "/temperature", status=304, response-time=4.395 ms
2021-07-01T12:05:25.764Z GET, "/db_temperature?period=Day", status=304, response-time=7.091 ms
2021-07-01T12:05:27.228Z GET, "/humidity", status=304, response-time=4.232 ms
2021-07-01T12:05:27.494Z GET, "/db_humidity?period=Day", status=304, response-time=3.839 ms
2021-07-01T12:05:28.686Z GET, "/comfort", status=304, response-time=3.083 ms
2021-07-01T12:05:28.930Z GET, "/db_gauge_weather", status=304, response-time=2.471 ms
2021-07-01T12:05:28.937Z GET, "/db_gauge_noise", status=304, response-time=3.755 ms
2021-07-01T12:05:28.968Z GET, "/db_gauge_gas", status=304, response-time=4.593 ms
2021-07-01T12:05:28.983Z GET, "/db_gauge_light", status=304, response-time=8.632 ms
2021-07-01T12:05:29.568Z GET, "/about", status=304, response-time=5.833 ms
2021-07-01T12:26:55.979Z GET, "/about", status=200, response-time=27.126 ms
2021-07-01T12:26:58.263Z GET, "/about", status=304, response-time=8.971 ms
2021-07-01T12:27:00.782Z GET, "/comfort", status=200, response-time=4.005 ms
2021-07-01T12:27:03.787Z GET, "/about", status=200, response-time=16.925 ms
2021-07-01T12:28:37.238Z GET, "/about", status=200, response-time=8.845 ms
2021-07-01T12:28:41.557Z GET, "/about", status=304, response-time=4.686 ms
2021-07-01T12:29:21.984Z GET, "/about", status=304, response-time=6.913 ms
2021-07-01T13:06:53.717Z GET, "/", status=302, response-time=5.658 ms
2021-07-01T13:06:53.749Z GET, "/comfort", status=200, response-time=25.064 ms
2021-07-01T13:06:54.335Z GET, "/db_gauge_weather", status=304, response-time=14.238 ms
2021-07-01T13:06:54.336Z GET, "/db_gauge_noise", status=304, response-time=5.478 ms
2021-07-01T13:06:54.342Z GET, "/db_gauge_gas", status=304, response-time=3.994 ms
2021-07-01T13:06:54.349Z GET, "/db_gauge_light", status=304, response-time=2.392 ms
2021-07-01T13:06:55.526Z GET, "/temperature", status=200, response-time=4.577 ms
2021-07-01T13:06:55.878Z GET, "/db_temperature?period=Day", status=304, response-time=1.993 ms
2021-07-01T13:06:56.952Z GET, "/about", status=200, response-time=6.053 ms
2021-07-01T13:06:57.888Z GET, "/temperature", status=304, response-time=2.314 ms
2021-07-01T13:06:58.112Z GET, "/db_temperature?period=Day", status=304, response-time=2.168 ms
2021-07-01T13:06:58.630Z GET, "/humidity", status=200, response-time=2.973 ms
2021-07-01T13:06:58.891Z GET, "/db_humidity?period=Day", status=304, response-time=3.536 ms
2021-07-01T13:06:59.654Z GET, "/gas", status=200, response-time=5.358 ms
2021-07-01T13:06:59.956Z GET, "/db_gas?period=Day", status=200, response-time=4.807 ms
2021-07-01T13:07:01.089Z GET, "/db_gas?period=Month", status=200, response-time=4.283 ms
2021-07-01T13:07:02.140Z GET, "/db_gas?period=Year", status=200, response-time=1.295 ms
2021-07-01T13:17:29.713Z GET, "/temperature", status=304, response-time=20.524 ms
2021-07-01T13:17:30.205Z GET, "/db_temperature?period=Day", status=304, response-time=12.219 ms
2021-07-01T13:17:31.381Z GET, "/comfort", status=304, response-time=4.921 ms
2021-07-01T13:17:31.731Z GET, "/db_gauge_weather", status=304, response-time=3.468 ms
2021-07-01T13:17:31.736Z GET, "/db_gauge_noise", status=304, response-time=2.758 ms
2021-07-01T13:17:31.752Z GET, "/db_gauge_gas", status=304, response-time=3.216 ms
2021-07-01T13:17:31.764Z GET, "/db_gauge_light", status=304, response-time=3.714 ms
2021-07-01T13:17:36.780Z GET, "/db_gauge_noise", status=304, response-time=3.514 ms
2021-07-01T13:17:36.780Z GET, "/db_gauge_weather", status=304, response-time=2.997 ms
2021-07-01T13:17:36.781Z GET, "/db_gauge_gas", status=304, response-time=3.330 ms
2021-07-01T13:17:36.783Z GET, "/db_gauge_light", status=304, response-time=3.164 ms
2021-07-01T13:17:41.777Z GET, "/db_gauge_weather", status=304, response-time=2.856 ms
2021-07-01T13:17:41.779Z GET, "/db_gauge_noise", status=304, response-time=4.055 ms
2021-07-01T13:17:41.780Z GET, "/db_gauge_gas", status=304, response-time=4.168 ms
2021-07-01T13:17:41.781Z GET, "/db_gauge_light", status=304, response-time=3.926 ms
2021-07-01T13:17:46.772Z GET, "/db_gauge_weather", status=304, response-time=3.136 ms
2021-07-01T13:17:46.774Z GET, "/db_gauge_gas", status=304, response-time=3.939 ms
2021-07-01T13:17:46.774Z GET, "/db_gauge_noise", status=304, response-time=5.174 ms
2021-07-01T13:17:46.776Z GET, "/db_gauge_light", status=304, response-time=4.137 ms
2021-07-01T13:17:51.768Z GET, "/db_gauge_weather", status=304, response-time=3.723 ms
2021-07-01T13:17:51.770Z GET, "/db_gauge_noise", status=304, response-time=2.903 ms
2021-07-01T13:17:51.770Z GET, "/db_gauge_gas", status=304, response-time=3.028 ms
2021-07-01T13:17:51.772Z GET, "/db_gauge_light", status=304, response-time=3.709 ms
2021-07-01T13:17:56.788Z GET, "/db_gauge_gas", status=304, response-time=3.603 ms
2021-07-01T13:17:56.792Z GET, "/db_gauge_light", status=304, response-time=4.465 ms
2021-07-01T13:17:56.793Z GET, "/db_gauge_noise", status=304, response-time=5.351 ms
2021-07-01T13:17:56.793Z GET, "/db_gauge_weather", status=304, response-time=5.139 ms
