2021-07-06T11:38:16.563Z GET, "/", status=302, response-time=8.761 ms
2021-07-06T11:38:16.594Z GET, "/comfort", status=200, response-time=20.417 ms
2021-07-06T11:38:17.259Z GET, "/db_gauge_weather", status=200, response-time=18.564 ms
2021-07-06T11:38:17.260Z GET, "/db_gauge_noise", status=200, response-time=11.688 ms
2021-07-06T11:38:17.261Z GET, "/db_gauge_gas", status=200, response-time=7.905 ms
2021-07-06T11:38:17.265Z GET, "/db_gauge_light", status=200, response-time=2.579 ms
2021-07-06T11:38:51.879Z GET, "/comfort", status=304, response-time=32.141 ms
2021-07-06T11:38:52.358Z GET, "/db_gauge_weather", status=304, response-time=14.812 ms
2021-07-06T11:38:52.361Z GET, "/db_gauge_noise", status=304, response-time=7.849 ms
2021-07-06T11:38:52.366Z GET, "/db_gauge_gas", status=304, response-time=2.305 ms
2021-07-06T11:38:52.371Z GET, "/db_gauge_light", status=304, response-time=2.227 ms
2021-07-06T11:46:10.137Z GET, "/comfort", status=304, response-time=17.627 ms
2021-07-06T11:46:10.507Z GET, "/db_gauge_weather", status=304, response-time=15.459 ms
2021-07-06T11:46:10.508Z GET, "/db_gauge_noise", status=304, response-time=6.373 ms
2021-07-06T11:46:10.518Z GET, "/db_gauge_gas", status=304, response-time=5.573 ms
2021-07-06T11:46:10.520Z GET, "/db_gauge_light", status=304, response-time=4.681 ms
2021-07-06T11:46:47.976Z GET, "/comfort", status=304, response-time=33.079 ms
2021-07-06T11:46:48.540Z GET, "/db_gauge_weather", status=304, response-time=14.609 ms
2021-07-06T11:46:48.541Z GET, "/db_gauge_noise", status=304, response-time=6.280 ms
2021-07-06T11:46:48.554Z GET, "/db_gauge_gas", status=304, response-time=4.114 ms
2021-07-06T11:46:48.556Z GET, "/db_gauge_light", status=304, response-time=3.653 ms
2021-07-06T11:47:06.485Z GET, "/temperature", status=304, response-time=8.617 ms
2021-07-06T11:47:07.061Z GET, "/db_temperature?period=Day", status=304, response-time=2.853 ms
2021-07-06T11:47:08.108Z GET, "/about", status=200, response-time=7.580 ms
2021-07-06T11:47:09.570Z GET, "/gas", status=200, response-time=5.278 ms
2021-07-06T11:47:09.836Z GET, "/db_gas?period=Day", status=200, response-time=1.796 ms
2021-07-06T11:47:11.203Z GET, "/db_gas?period=Month", status=200, response-time=1.888 ms
2021-07-06T11:47:12.472Z GET, "/db_gas?period=Year", status=200, response-time=1.513 ms
2021-07-06T11:54:24.292Z GET, "/db_gas?period=Month", status=304, response-time=1.344 ms
2021-07-06T11:54:25.337Z GET, "/db_gas?period=Day", status=304, response-time=1.993 ms
2021-07-06T11:54:26.381Z GET, "/db_gas?period=All", status=200, response-time=1.479 ms
2021-07-06T11:54:32.409Z GET, "/about", status=304, response-time=2.836 ms
2021-07-06T11:54:39.420Z GET, "/about", status=304, response-time=4.417 ms
2021-07-06T11:54:44.780Z GET, "/comfort", status=304, response-time=2.859 ms
2021-07-06T11:54:45.349Z GET, "/db_gauge_weather", status=304, response-time=1.411 ms
2021-07-06T11:54:45.363Z GET, "/db_gauge_noise", status=304, response-time=6.439 ms
2021-07-06T11:54:45.365Z GET, "/db_gauge_gas", status=304, response-time=5.212 ms
2021-07-06T11:54:45.365Z GET, "/db_gauge_light", status=304, response-time=4.682 ms
2021-07-06T11:55:26.089Z GET, "/temperature", status=304, response-time=3.094 ms
2021-07-06T11:55:26.877Z GET, "/db_temperature?period=Day", status=304, response-time=1.864 ms
2021-07-06T11:55:28.228Z GET, "/db_temperature?period=Month", status=200, response-time=1.282 ms
2021-07-06T11:55:29.279Z GET, "/db_temperature?period=Year", status=200, response-time=1.459 ms
2021-07-06T11:55:31.408Z GET, "/db_temperature?period=All", status=200, response-time=1.453 ms
2021-07-06T11:55:33.477Z GET, "/humidity", status=200, response-time=6.684 ms
2021-07-06T11:55:34.011Z GET, "/db_humidity?period=Day", status=200, response-time=1.333 ms
2021-07-06T11:55:34.919Z GET, "/db_humidity?period=Month", status=200, response-time=1.187 ms
2021-07-06T11:55:35.796Z GET, "/db_humidity?period=Year", status=200, response-time=1.396 ms
2021-07-06T11:55:36.846Z GET, "/db_humidity?period=All", status=200, response-time=1.477 ms
2021-07-06T11:55:37.636Z GET, "/gas", status=304, response-time=2.764 ms
2021-07-06T11:55:38.204Z GET, "/db_gas?period=Day", status=304, response-time=1.345 ms
2021-07-06T11:55:39.103Z GET, "/db_gas?period=Month", status=304, response-time=1.203 ms
2021-07-06T11:55:40.086Z GET, "/db_gas?period=Year", status=304, response-time=1.373 ms
2021-07-06T11:55:41.230Z GET, "/db_gas?period=All", status=304, response-time=1.692 ms
2021-07-06T11:55:41.905Z GET, "/light", status=200, response-time=2.780 ms
2021-07-06T11:55:42.520Z GET, "/db_light?period=Day", status=200, response-time=2.080 ms
2021-07-06T11:55:43.463Z GET, "/db_light?period=Month", status=200, response-time=1.198 ms
2021-07-06T11:55:44.385Z GET, "/db_light?period=Year", status=200, response-time=5.547 ms
2021-07-06T11:55:45.529Z GET, "/db_light?period=All", status=200, response-time=1.567 ms
2021-07-06T11:55:47.076Z GET, "/noise", status=200, response-time=2.754 ms
2021-07-06T11:55:47.810Z GET, "/db_noise?period=Day", status=200, response-time=1.666 ms
2021-07-06T11:55:48.843Z GET, "/db_noise?period=Month", status=200, response-time=1.263 ms
2021-07-06T11:55:49.795Z GET, "/db_noise?period=Year", status=200, response-time=1.449 ms
2021-07-06T11:55:51.214Z GET, "/db_noise?period=All", status=200, response-time=3.228 ms
2021-07-06T11:55:57.521Z GET, "/about", status=304, response-time=2.835 ms
2021-07-06T11:56:18.973Z GET, "/about", status=304, response-time=4.981 ms
2021-07-06T12:46:31.908Z GET, "/", status=302, response-time=13.108 ms
2021-07-06T12:46:32.136Z GET, "/comfort", status=304, response-time=20.182 ms
2021-07-06T12:46:33.137Z GET, "/db_gauge_weather", status=304, response-time=18.884 ms
2021-07-06T12:46:33.139Z GET, "/db_gauge_noise", status=304, response-time=12.735 ms
2021-07-06T12:46:33.143Z GET, "/db_gauge_light", status=304, response-time=2.149 ms
2021-07-06T12:46:33.190Z GET, "/db_gauge_gas", status=200, response-time=2.001 ms
2021-07-06T12:46:36.061Z GET, "/gas", status=304, response-time=4.877 ms
2021-07-06T12:46:36.660Z GET, "/db_gas?period=Day", status=304, response-time=4.102 ms
2021-07-06T12:46:39.442Z GET, "/db_gas?period=Month", status=304, response-time=1.690 ms
2021-07-06T12:46:41.092Z GET, "/db_gas?period=All", status=200, response-time=1.711 ms
2021-07-06T12:46:43.563Z GET, "/db_gas?period=Year", status=200, response-time=1.724 ms
2021-07-06T12:46:47.185Z GET, "/db_gas?period=All", status=304, response-time=1.836 ms
2021-07-06T12:46:49.420Z GET, "/db_gas?period=Month", status=304, response-time=1.390 ms
2021-07-06T12:46:50.599Z GET, "/db_gas?period=Day", status=304, response-time=1.534 ms
2021-07-06T12:48:52.382Z GET, "/gas", status=304, response-time=4.857 ms
2021-07-06T12:48:53.246Z GET, "/db_gas?period=Day", status=200, response-time=2.368 ms
2021-07-06T12:48:54.779Z GET, "/db_gas?period=Month", status=200, response-time=1.470 ms
2021-07-06T12:49:25.638Z GET, "/gas", status=304, response-time=5.613 ms
2021-07-06T12:49:26.524Z GET, "/db_gas?period=Day", status=304, response-time=2.045 ms
2021-07-06T12:49:28.455Z GET, "/db_gas?period=Month", status=304, response-time=1.471 ms
2021-07-06T12:49:32.988Z GET, "/gas", status=304, response-time=4.482 ms
2021-07-06T12:49:33.538Z GET, "/db_gas?period=Day", status=304, response-time=8.976 ms
2021-07-06T12:49:34.968Z GET, "/db_gas?period=Month", status=200, response-time=1.612 ms
2021-07-06T12:49:37.138Z GET, "/db_gas?period=All", status=200, response-time=2.904 ms
2021-07-06T12:49:39.337Z GET, "/db_gas?period=Day", status=304, response-time=1.743 ms
2021-07-06T12:49:40.685Z GET, "/db_gas?period=Month", status=304, response-time=2.990 ms
2021-07-06T12:49:41.895Z GET, "/db_gas?period=Year", status=200, response-time=1.435 ms
2021-07-06T12:49:43.325Z GET, "/db_gas?period=All", status=304, response-time=2.393 ms
2021-07-06T12:49:45.945Z GET, "/db_gas?period=Month", status=304, response-time=1.362 ms
2021-07-06T12:49:48.748Z GET, "/db_gas?period=Day", status=304, response-time=1.711 ms
2021-07-06T12:49:51.652Z GET, "/db_gas?period=Year", status=304, response-time=2.087 ms
2021-07-06T12:49:53.182Z GET, "/db_gas?period=Month", status=304, response-time=1.430 ms
2021-07-06T12:49:59.593Z GET, "/db_gas?period=All", status=304, response-time=3.485 ms
2021-07-06T12:50:04.060Z GET, "/humidity", status=304, response-time=2.885 ms
2021-07-06T12:50:04.627Z GET, "/db_humidity?period=Day", status=304, response-time=1.713 ms
2021-07-06T12:50:05.470Z GET, "/gas", status=304, response-time=3.221 ms
2021-07-06T12:50:06.044Z GET, "/db_gas?period=Day", status=304, response-time=1.826 ms
2021-07-06T12:50:07.467Z GET, "/db_gas?period=Month", status=304, response-time=1.114 ms
2021-07-06T12:50:11.193Z GET, "/db_gas?period=Year", status=304, response-time=1.904 ms
2021-07-06T12:50:12.672Z GET, "/db_gas?period=All", status=304, response-time=1.840 ms
2021-07-06T12:50:14.345Z GET, "/comfort", status=304, response-time=5.543 ms
2021-07-06T12:50:14.977Z GET, "/db_gauge_weather", status=304, response-time=2.532 ms
2021-07-06T12:50:14.978Z GET, "/db_gauge_noise", status=304, response-time=2.479 ms
2021-07-06T12:50:15.055Z GET, "/db_gauge_gas", status=200, response-time=3.447 ms
2021-07-06T12:50:15.057Z GET, "/db_gauge_light", status=304, response-time=3.452 ms
2021-07-06T12:50:15.694Z GET, "/temperature", status=304, response-time=4.763 ms
2021-07-06T12:50:16.236Z GET, "/db_temperature?period=Day", status=304, response-time=3.627 ms
2021-07-06T12:50:18.427Z GET, "/gas", status=304, response-time=2.487 ms
2021-07-06T12:50:18.996Z GET, "/db_gas?period=Day", status=304, response-time=3.419 ms
2021-07-06T12:57:09.013Z GET, "/gas", status=200, response-time=23.139 ms
2021-07-06T12:57:09.912Z GET, "/db_gas?period=Day", status=304, response-time=7.982 ms
2021-07-06T12:57:48.931Z GET, "/gas", status=304, response-time=20.644 ms
2021-07-06T12:57:49.545Z GET, "/db_gas?period=Day", status=304, response-time=11.835 ms
2021-07-06T12:58:08.928Z GET, "/db_gas?period=All", status=304, response-time=3.374 ms
2021-07-06T12:58:10.490Z GET, "/db_gas?period=Day", status=304, response-time=2.725 ms
2021-07-06T12:58:19.453Z GET, "/db_gas?period=Year", status=304, response-time=1.873 ms
2021-07-06T13:01:26.260Z GET, "/light", status=304, response-time=8.630 ms
2021-07-06T13:01:27.429Z GET, "/db_light?period=Day", status=304, response-time=2.415 ms
2021-07-06T13:01:30.927Z GET, "/db_light?period=Month", status=304, response-time=2.809 ms
2021-07-06T13:01:37.638Z GET, "/light", status=304, response-time=6.875 ms
2021-07-06T13:01:38.477Z GET, "/db_light?period=Day", status=304, response-time=1.828 ms
2021-07-06T13:01:50.843Z GET, "/gas", status=304, response-time=5.224 ms
2021-07-06T13:01:51.846Z GET, "/db_gas?period=Day", status=304, response-time=2.804 ms
2021-07-06T13:02:16.041Z GET, "/gas", status=304, response-time=21.474 ms
2021-07-06T13:02:16.903Z GET, "/db_gas?period=Day", status=304, response-time=7.270 ms
2021-07-06T13:03:14.147Z GET, "/gas", status=304, response-time=20.672 ms
2021-07-06T13:03:14.769Z GET, "/db_gas?period=Day", status=304, response-time=9.890 ms
2021-07-06T13:03:49.908Z GET, "/db_gas?period=Month", status=304, response-time=3.003 ms
2021-07-06T13:03:52.314Z GET, "/db_gas?period=All", status=304, response-time=2.307 ms
2021-07-06T13:03:57.448Z GET, "/db_gas?period=Year", status=304, response-time=1.663 ms
2021-07-06T13:03:58.750Z GET, "/db_gas?period=All", status=304, response-time=1.879 ms
2021-07-06T13:04:48.547Z GET, "/gas", status=304, response-time=39.597 ms
2021-07-06T13:04:49.238Z GET, "/db_gas?period=Day", status=304, response-time=14.704 ms
2021-07-06T13:04:58.496Z GET, "/db_gas?period=Month", status=304, response-time=2.822 ms
2021-07-06T13:04:59.728Z GET, "/db_gas?period=Year", status=304, response-time=1.854 ms
2021-07-06T13:05:01.225Z GET, "/db_gas?period=All", status=304, response-time=2.240 ms
2021-07-06T13:05:54.153Z GET, "/db_gas?period=Year", status=304, response-time=1.788 ms
2021-07-06T13:05:55.673Z GET, "/db_gas?period=Month", status=304, response-time=1.410 ms
2021-07-06T13:05:56.783Z GET, "/db_gas?period=All", status=304, response-time=1.600 ms
2021-07-06T13:08:46.308Z GET, "/gas", status=304, response-time=6.463 ms
2021-07-06T13:08:47.085Z GET, "/db_gas?period=Day", status=200, response-time=2.082 ms
2021-07-06T13:08:49.791Z GET, "/db_gas?period=Month", status=200, response-time=1.747 ms
2021-07-06T13:08:52.002Z GET, "/db_gas?period=Year", status=200, response-time=1.944 ms
2021-07-06T13:08:54.236Z GET, "/db_gas?period=Month", status=304, response-time=3.915 ms
2021-07-06T13:08:55.897Z GET, "/db_gas?period=Year", status=304, response-time=1.420 ms
2021-07-06T13:08:57.714Z GET, "/db_gas?period=Month", status=304, response-time=1.481 ms
2021-07-06T13:08:59.216Z GET, "/db_gas?period=All", status=200, response-time=3.403 ms
2021-07-06T13:09:32.389Z GET, "/db_gas?period=Month", status=304, response-time=1.435 ms
2021-07-06T13:09:36.187Z GET, "/db_gas?period=Day", status=304, response-time=1.487 ms
2021-07-06T13:09:38.964Z GET, "/db_gas?period=Month", status=304, response-time=1.922 ms
2021-07-06T13:10:32.263Z GET, "/gas", status=304, response-time=3.791 ms
2021-07-06T13:10:33.266Z GET, "/db_gas?period=Day", status=200, response-time=2.451 ms
2021-07-06T13:10:34.595Z GET, "/db_gas?period=Month", status=200, response-time=1.494 ms
2021-07-06T13:10:35.928Z GET, "/db_gas?period=Year", status=200, response-time=1.219 ms
2021-07-06T13:10:37.500Z GET, "/db_gas?period=All", status=200, response-time=1.548 ms
2021-07-06T13:10:39.965Z GET, "/db_gas?period=Day", status=304, response-time=1.592 ms
2021-07-06T13:10:49.710Z GET, "/gas", status=304, response-time=4.371 ms
2021-07-06T13:10:50.533Z GET, "/db_gas?period=Day", status=200, response-time=2.052 ms
2021-07-06T13:10:52.811Z GET, "/db_gas?period=Month", status=200, response-time=1.585 ms
2021-07-06T13:11:14.426Z GET, "/db_gas?period=Year", status=200, response-time=5.307 ms
2021-07-06T13:11:15.976Z GET, "/db_gas?period=All", status=200, response-time=1.661 ms
2021-07-06T13:11:18.012Z GET, "/db_gas?period=Day", status=304, response-time=1.710 ms
2021-07-06T13:11:19.086Z GET, "/db_gas?period=All", status=304, response-time=1.837 ms
2021-07-06T13:11:44.639Z GET, "/comfort", status=304, response-time=6.539 ms
2021-07-06T13:11:45.525Z GET, "/db_gauge_weather", status=304, response-time=5.175 ms
2021-07-06T13:11:45.527Z GET, "/db_gauge_noise", status=304, response-time=5.142 ms
2021-07-06T13:11:45.532Z GET, "/db_gauge_gas", status=200, response-time=2.538 ms
2021-07-06T13:11:45.549Z GET, "/db_gauge_light", status=304, response-time=1.934 ms
2021-07-06T13:11:53.894Z GET, "/gas", status=304, response-time=6.321 ms
2021-07-06T13:11:54.486Z GET, "/db_gas?period=Day", status=304, response-time=3.687 ms
2021-07-06T13:12:20.395Z GET, "/about", status=304, response-time=7.326 ms
2021-07-06T13:12:24.653Z GET, "/comfort", status=304, response-time=3.447 ms
2021-07-06T13:12:25.230Z GET, "/db_gauge_weather", status=304, response-time=4.495 ms
2021-07-06T13:12:25.250Z GET, "/db_gauge_noise", status=304, response-time=9.340 ms
2021-07-06T13:12:25.252Z GET, "/db_gauge_gas", status=304, response-time=9.928 ms
2021-07-06T13:12:25.252Z GET, "/db_gauge_light", status=304, response-time=7.580 ms
