2021-06-26T12:30:49.022Z GET, "/comfort", status=304, response-time=27.292 ms
2021-06-26T12:30:49.722Z GET, "/db_gauge_weather", status=304, response-time=15.763 ms
2021-06-26T12:30:49.724Z GET, "/db_gauge_noise", status=304, response-time=7.745 ms
2021-06-26T12:30:49.732Z GET, "/db_gauge_gas", status=304, response-time=5.354 ms
2021-06-26T12:30:49.740Z GET, "/db_gauge_light", status=304, response-time=2.302 ms
2021-06-26T12:30:50.667Z GET, "/temperature", status=304, response-time=3.497 ms
2021-06-26T12:30:50.976Z GET, "/db_temperature?period=Day", status=304, response-time=2.300 ms
2021-06-26T13:11:07.218Z GET, "/about", status=304, response-time=7.420 ms
2021-06-26T13:11:14.722Z GET, "/comfort", status=304, response-time=4.391 ms
2021-06-26T13:11:15.078Z GET, "/db_gauge_weather", status=304, response-time=3.155 ms
2021-06-26T13:11:15.081Z GET, "/db_gauge_noise", status=304, response-time=1.547 ms
2021-06-26T13:11:15.090Z GET, "/db_gauge_gas", status=304, response-time=5.414 ms
2021-06-26T13:11:15.107Z GET, "/db_gauge_light", status=304, response-time=1.869 ms
2021-06-26T13:11:16.174Z GET, "/temperature", status=304, response-time=3.764 ms
2021-06-26T13:11:16.427Z GET, "/db_temperature?period=Day", status=304, response-time=1.634 ms
2021-06-26T13:11:17.051Z GET, "/humidity", status=304, response-time=1.557 ms
2021-06-26T13:11:17.302Z GET, "/db_humidity?period=Day", status=304, response-time=1.511 ms
2021-06-26T13:11:18.317Z GET, "/gas", status=304, response-time=4.069 ms
2021-06-26T13:11:18.580Z GET, "/db_gas?period=Day", status=304, response-time=4.039 ms
2021-06-26T13:11:18.978Z GET, "/light", status=304, response-time=1.880 ms
2021-06-26T13:11:19.236Z GET, "/db_light?period=Day", status=304, response-time=2.161 ms
2021-06-26T13:11:19.653Z GET, "/noise", status=304, response-time=2.052 ms
2021-06-26T13:11:19.896Z GET, "/db_noise?period=Day", status=304, response-time=6.830 ms
2021-06-26T13:11:20.834Z GET, "/about", status=304, response-time=5.093 ms
