2021-06-27T06:51:04.067Z GET, "/", status=302, response-time=23.414 ms
2021-06-27T06:51:04.093Z GET, "/about", status=304, response-time=16.488 ms
2021-06-27T06:51:07.349Z GET, "/comfort", status=304, response-time=4.158 ms
2021-06-27T06:51:07.756Z GET, "/db_gauge_weather", status=200, response-time=17.421 ms
2021-06-27T06:51:07.761Z GET, "/db_gauge_noise", status=200, response-time=10.670 ms
2021-06-27T06:51:07.762Z GET, "/db_gauge_gas", status=200, response-time=8.497 ms
2021-06-27T06:51:07.762Z GET, "/db_gauge_light", status=200, response-time=7.152 ms
2021-06-27T06:51:12.728Z GET, "/about", status=304, response-time=2.795 ms
2021-06-27T06:53:55.744Z GET, "/comfort", status=304, response-time=13.735 ms
2021-06-27T06:53:56.788Z GET, "/db_gauge_weather", status=304, response-time=3.340 ms
2021-06-27T06:53:56.798Z GET, "/db_gauge_noise", status=304, response-time=2.474 ms
2021-06-27T06:53:56.831Z GET, "/db_gauge_gas", status=304, response-time=2.571 ms
2021-06-27T06:53:56.840Z GET, "/db_gauge_light", status=304, response-time=1.997 ms
2021-06-27T06:54:29.487Z GET, "/temperature", status=304, response-time=13.607 ms
2021-06-27T06:54:30.639Z GET, "/db_temperature?period=Day", status=200, response-time=8.732 ms
2021-06-27T06:54:35.399Z GET, "/db_temperature?period=Month", status=304, response-time=3.816 ms
2021-06-27T06:54:41.431Z GET, "/db_temperature?period=Year", status=304, response-time=2.259 ms
2021-06-27T06:54:48.592Z GET, "/db_temperature?period=All", status=304, response-time=1.438 ms
2021-06-27T06:55:11.894Z GET, "/humidity", status=304, response-time=4.016 ms
2021-06-27T06:55:12.886Z GET, "/db_humidity?period=Day", status=200, response-time=13.527 ms
2021-06-27T06:55:13.889Z GET, "/db_humidity?period=Year", status=304, response-time=2.823 ms
2021-06-27T06:55:15.522Z GET, "/db_humidity?period=Month", status=304, response-time=2.110 ms
2021-06-27T06:56:10.582Z GET, "/light", status=304, response-time=5.040 ms
2021-06-27T06:56:11.978Z GET, "/db_light?period=Day", status=200, response-time=13.653 ms
2021-06-27T06:56:12.944Z GET, "/db_light?period=Month", status=304, response-time=1.208 ms
2021-06-27T06:56:14.814Z GET, "/db_light?period=Year", status=304, response-time=0.973 ms
2021-06-27T06:56:16.650Z GET, "/noise", status=304, response-time=2.279 ms
2021-06-27T06:56:17.513Z GET, "/db_noise?period=Day", status=200, response-time=7.068 ms
2021-06-27T06:56:18.877Z GET, "/db_noise?period=Year", status=304, response-time=2.451 ms
2021-06-27T06:56:21.139Z GET, "/db_noise?period=All", status=304, response-time=2.570 ms
2021-06-27T06:56:24.097Z GET, "/gas", status=304, response-time=5.762 ms
2021-06-27T06:56:25.041Z GET, "/db_gas?period=Day", status=200, response-time=4.272 ms
2021-06-27T06:56:26.974Z GET, "/db_gas?period=Month", status=304, response-time=4.107 ms
2021-06-27T07:13:11.618Z GET, "/comfort", status=304, response-time=4.162 ms
2021-06-27T07:13:12.910Z GET, "/db_gauge_weather", status=304, response-time=2.832 ms
2021-06-27T07:13:12.920Z GET, "/db_gauge_noise", status=304, response-time=1.627 ms
2021-06-27T07:13:12.970Z GET, "/db_gauge_gas", status=304, response-time=2.517 ms
2021-06-27T07:13:12.975Z GET, "/db_gauge_light", status=304, response-time=1.852 ms
2021-06-27T07:17:00.816Z GET, "/gas", status=304, response-time=4.143 ms
2021-06-27T07:17:02.462Z GET, "/db_gas?period=Day", status=304, response-time=2.040 ms
2021-06-27T07:17:04.372Z GET, "/db_gas?period=Year", status=304, response-time=6.109 ms
2021-06-27T10:30:12.102Z POST, "/weather", status=201, response-time=33.503 ms
2021-06-27T10:30:12.266Z POST, "/gas", status=201, response-time=19.618 ms
2021-06-27T10:30:12.363Z POST, "/light", status=201, response-time=14.349 ms
2021-06-27T10:31:52.073Z POST, "/sound", status=-, response-time=- ms
2021-06-27T10:42:39.713Z POST, "/weather", status=201, response-time=10.171 ms
2021-06-27T10:42:39.880Z POST, "/gas", status=201, response-time=14.264 ms
2021-06-27T10:42:39.987Z POST, "/light", status=201, response-time=9.319 ms
2021-06-27T10:42:46.514Z POST, "/sound", status=-, response-time=- ms
2021-06-27T10:43:36.975Z POST, "/weather", status=201, response-time=9.316 ms
2021-06-27T10:43:37.159Z POST, "/gas", status=201, response-time=22.539 ms
2021-06-27T10:43:37.271Z POST, "/light", status=201, response-time=17.130 ms
2021-06-27T10:43:47.672Z POST, "/sound", status=-, response-time=- ms
2021-06-27T10:53:22.216Z POST, "/weather", status=201, response-time=18.843 ms
2021-06-27T10:53:22.379Z POST, "/gas", status=201, response-time=8.889 ms
2021-06-27T10:53:22.472Z POST, "/light", status=201, response-time=15.009 ms
2021-06-27T10:53:26.427Z POST, "/sound", status=201, response-time=10.055 ms
2021-06-27T10:53:27.222Z POST, "/weather", status=201, response-time=8.915 ms
2021-06-27T10:53:27.330Z POST, "/gas", status=201, response-time=9.048 ms
2021-06-27T10:53:27.435Z POST, "/light", status=201, response-time=13.126 ms
2021-06-27T10:53:32.377Z POST, "/weather", status=201, response-time=7.548 ms
2021-06-27T10:53:32.520Z POST, "/gas", status=201, response-time=9.963 ms
2021-06-27T10:53:32.640Z POST, "/light", status=201, response-time=7.323 ms
2021-06-27T10:53:32.723Z POST, "/sound", status=201, response-time=7.091 ms
2021-06-27T10:53:37.502Z POST, "/weather", status=201, response-time=13.610 ms
2021-06-27T10:53:37.641Z POST, "/gas", status=201, response-time=18.003 ms
2021-06-27T10:53:37.745Z POST, "/light", status=201, response-time=14.750 ms
2021-06-27T10:53:38.846Z POST, "/sound", status=201, response-time=24.523 ms
2021-06-27T10:53:42.635Z POST, "/weather", status=201, response-time=15.954 ms
2021-06-27T10:53:42.765Z POST, "/gas", status=201, response-time=19.668 ms
2021-06-27T10:53:42.865Z POST, "/light", status=201, response-time=14.398 ms
2021-06-27T10:53:45.006Z POST, "/sound", status=201, response-time=21.669 ms
2021-06-27T10:53:47.762Z POST, "/weather", status=201, response-time=9.298 ms
2021-06-27T10:53:47.910Z POST, "/gas", status=201, response-time=20.027 ms
2021-06-27T10:53:48.014Z POST, "/light", status=201, response-time=15.645 ms
2021-06-27T10:53:51.204Z POST, "/sound", status=201, response-time=51.021 ms
2021-06-27T10:53:52.900Z POST, "/weather", status=201, response-time=12.851 ms
2021-06-27T10:53:53.034Z POST, "/gas", status=201, response-time=9.460 ms
2021-06-27T10:53:53.135Z POST, "/light", status=201, response-time=18.707 ms
2021-06-27T10:53:57.361Z POST, "/sound", status=201, response-time=19.607 ms
2021-06-27T10:53:58.011Z POST, "/weather", status=201, response-time=11.022 ms
2021-06-27T10:53:58.130Z POST, "/gas", status=201, response-time=19.752 ms
2021-06-27T10:53:58.239Z POST, "/light", status=201, response-time=28.467 ms
2021-06-27T11:06:51.028Z POST, "/weather", status=201, response-time=11.632 ms
2021-06-27T11:06:51.207Z POST, "/gas", status=201, response-time=15.546 ms
2021-06-27T11:06:51.325Z POST, "/light", status=201, response-time=10.889 ms
2021-06-27T11:06:55.308Z POST, "/sound", status=201, response-time=30.478 ms
2021-06-27T11:06:56.076Z POST, "/weather", status=201, response-time=8.700 ms
2021-06-27T11:06:56.184Z POST, "/gas", status=201, response-time=9.153 ms
2021-06-27T11:06:56.285Z POST, "/light", status=201, response-time=9.909 ms
2021-06-27T11:07:01.280Z POST, "/weather", status=201, response-time=8.758 ms
2021-06-27T11:07:01.438Z POST, "/gas", status=201, response-time=15.214 ms
2021-06-27T11:07:01.608Z POST, "/light", status=201, response-time=16.688 ms
2021-06-27T11:07:01.708Z POST, "/sound", status=201, response-time=20.448 ms
2021-06-27T11:07:06.364Z POST, "/weather", status=201, response-time=7.112 ms
2021-06-27T11:07:06.502Z POST, "/gas", status=201, response-time=11.657 ms
2021-06-27T11:07:06.594Z POST, "/light", status=201, response-time=7.415 ms
2021-06-27T11:07:07.743Z POST, "/sound", status=201, response-time=20.877 ms
2021-06-27T11:07:11.498Z POST, "/weather", status=201, response-time=7.359 ms
2021-06-27T11:07:11.631Z POST, "/gas", status=201, response-time=14.610 ms
2021-06-27T11:07:11.722Z POST, "/light", status=201, response-time=12.735 ms
2021-06-27T11:08:43.766Z POST, "/weather", status=201, response-time=15.944 ms
2021-06-27T11:08:43.916Z POST, "/gas", status=201, response-time=8.927 ms
2021-06-27T11:08:44.055Z POST, "/light", status=201, response-time=9.756 ms
2021-06-27T11:08:48.074Z POST, "/sound", status=201, response-time=44.009 ms
2021-06-27T11:08:48.835Z POST, "/weather", status=201, response-time=7.799 ms
2021-06-27T11:08:48.949Z POST, "/gas", status=201, response-time=18.956 ms
2021-06-27T11:08:49.051Z POST, "/light", status=201, response-time=12.369 ms
2021-06-27T11:08:53.968Z POST, "/weather", status=201, response-time=10.137 ms
2021-06-27T11:08:54.104Z POST, "/gas", status=201, response-time=10.723 ms
2021-06-27T11:08:54.235Z POST, "/light", status=201, response-time=9.394 ms
2021-06-27T11:08:54.324Z POST, "/sound", status=201, response-time=6.693 ms
2021-06-27T11:08:59.101Z POST, "/weather", status=201, response-time=8.138 ms
2021-06-27T11:08:59.225Z POST, "/gas", status=201, response-time=7.329 ms
2021-06-27T11:08:59.321Z POST, "/light", status=201, response-time=14.982 ms
2021-06-27T11:09:00.441Z POST, "/sound", status=201, response-time=6.911 ms
2021-06-27T11:09:04.250Z POST, "/weather", status=201, response-time=16.917 ms
2021-06-27T11:09:04.369Z POST, "/gas", status=201, response-time=15.463 ms
2021-06-27T11:09:04.465Z POST, "/light", status=201, response-time=15.613 ms
2021-06-27T11:09:06.609Z POST, "/sound", status=201, response-time=7.426 ms
2021-06-27T11:09:09.403Z POST, "/weather", status=201, response-time=33.411 ms
2021-06-27T11:09:09.514Z POST, "/gas", status=201, response-time=15.423 ms
2021-06-27T11:09:09.616Z POST, "/light", status=201, response-time=14.491 ms
2021-06-27T11:09:12.813Z POST, "/sound", status=201, response-time=23.942 ms
2021-06-27T11:09:14.515Z POST, "/weather", status=201, response-time=7.403 ms
2021-06-27T11:09:14.639Z POST, "/gas", status=201, response-time=7.427 ms
2021-06-27T11:09:14.729Z POST, "/light", status=201, response-time=7.312 ms
2021-06-27T11:09:18.965Z POST, "/sound", status=201, response-time=7.448 ms
2021-06-27T12:13:56.240Z GET, "/", status=302, response-time=13.611 ms
2021-06-27T12:13:57.335Z GET, "/about", status=304, response-time=20.715 ms
2021-06-27T12:13:59.780Z GET, "/comfort", status=304, response-time=4.778 ms
2021-06-27T12:14:00.203Z GET, "/db_gauge_weather", status=200, response-time=10.341 ms
2021-06-27T12:14:00.205Z GET, "/db_gauge_noise", status=200, response-time=5.675 ms
2021-06-27T12:14:00.211Z GET, "/db_gauge_gas", status=200, response-time=2.239 ms
2021-06-27T12:14:00.221Z GET, "/db_gauge_light", status=200, response-time=2.080 ms
2021-06-27T12:14:01.962Z GET, "/temperature", status=304, response-time=3.668 ms
2021-06-27T12:14:02.248Z GET, "/db_temperature?period=Day", status=200, response-time=7.534 ms
2021-06-27T12:14:03.745Z GET, "/db_temperature?period=Month", status=200, response-time=6.768 ms
2021-06-27T12:14:05.099Z GET, "/db_temperature?period=Year", status=200, response-time=1.245 ms
2021-06-27T12:14:06.208Z GET, "/db_temperature?period=All", status=200, response-time=2.355 ms
2021-06-27T12:14:07.082Z GET, "/humidity", status=304, response-time=4.181 ms
2021-06-27T12:14:07.361Z GET, "/db_humidity?period=Day", status=200, response-time=3.044 ms
2021-06-27T12:14:08.265Z GET, "/db_humidity?period=Month", status=200, response-time=1.899 ms
2021-06-27T12:14:09.051Z GET, "/db_humidity?period=Year", status=200, response-time=1.031 ms
2021-06-27T12:14:10.168Z GET, "/db_humidity?period=All", status=200, response-time=1.262 ms
2021-06-27T12:14:10.832Z GET, "/gas", status=304, response-time=2.905 ms
2021-06-27T12:14:11.068Z GET, "/db_gas?period=Day", status=200, response-time=2.830 ms
2021-06-27T12:14:12.124Z GET, "/db_gas?period=Month", status=200, response-time=1.519 ms
2021-06-27T12:14:13.352Z GET, "/db_gas?period=Year", status=200, response-time=2.171 ms
2021-06-27T12:14:14.710Z GET, "/db_gas?period=All", status=200, response-time=1.692 ms
2021-06-27T12:14:15.311Z GET, "/light", status=304, response-time=3.824 ms
2021-06-27T12:14:15.588Z GET, "/db_light?period=Day", status=200, response-time=3.288 ms
2021-06-27T12:14:16.462Z GET, "/db_light?period=Month", status=200, response-time=1.830 ms
2021-06-27T12:14:17.780Z GET, "/db_light?period=Year", status=200, response-time=1.048 ms
2021-06-27T12:14:18.725Z GET, "/db_light?period=All", status=200, response-time=0.989 ms
2021-06-27T12:14:19.344Z GET, "/noise", status=304, response-time=4.415 ms
2021-06-27T12:14:19.658Z GET, "/db_noise?period=Day", status=200, response-time=3.957 ms
2021-06-27T12:14:20.538Z GET, "/db_noise?period=Month", status=200, response-time=3.913 ms
2021-06-27T12:14:21.449Z GET, "/db_noise?period=Year", status=200, response-time=0.973 ms
2021-06-27T12:14:22.566Z GET, "/db_noise?period=All", status=200, response-time=1.369 ms
2021-06-27T16:22:23.767Z GET, "/", status=302, response-time=34.053 ms
2021-06-27T16:22:23.825Z GET, "/about", status=304, response-time=41.352 ms
2021-06-27T16:22:25.222Z GET, "/comfort", status=304, response-time=4.308 ms
2021-06-27T16:22:25.587Z GET, "/db_gauge_weather", status=304, response-time=15.918 ms
2021-06-27T16:22:25.588Z GET, "/db_gauge_noise", status=304, response-time=9.165 ms
2021-06-27T16:22:25.592Z GET, "/db_gauge_gas", status=304, response-time=6.543 ms
2021-06-27T16:22:25.598Z GET, "/db_gauge_light", status=304, response-time=6.174 ms
2021-06-27T16:24:57.659Z POST, "/weather", status=201, response-time=61.083 ms
2021-06-27T16:25:52.917Z POST, "/weather", status=403, response-time=28.124 ms
2021-06-27T16:26:48.305Z POST, "/weather", status=403, response-time=43.568 ms
2021-06-27T16:27:53.704Z POST, "/weather", status=403, response-time=45.614 ms
2021-06-27T16:28:58.043Z POST, "/weather", status=403, response-time=22.928 ms
2021-06-27T16:29:04.169Z POST, "/weather", status=201, response-time=17.625 ms
2021-06-27T16:29:43.464Z POST, "/weather", status=403, response-time=21.563 ms
2021-06-27T16:35:00.795Z GET, "/temperature", status=304, response-time=27.789 ms
2021-06-27T16:35:01.846Z GET, "/db_temperature?period=Day", status=304, response-time=11.539 ms
2021-06-27T16:35:53.428Z POST, "/weather", status=403, response-time=3.235 ms
2021-06-27T16:36:10.216Z POST, "/weather", status=403, response-time=1.452 ms
2021-06-27T16:37:09.090Z POST, "/gas", status=200, response-time=0.757 ms
2021-06-27T16:38:23.853Z POST, "/gas", status=201, response-time=22.239 ms
2021-06-27T16:38:45.641Z POST, "/gas", status=200, response-time=0.757 ms
2021-06-27T16:39:21.731Z POST, "/gas", status=403, response-time=14.531 ms
2021-06-27T16:40:14.890Z POST, "/gas", status=403, response-time=14.843 ms
2021-06-27T16:41:31.158Z POST, "/gas", status=403, response-time=5.424 ms
2021-06-27T16:54:36.414Z POST, "/weather", status=201, response-time=40.708 ms
2021-06-27T16:57:55.586Z POST, "/weather", status=201, response-time=14.981 ms
2021-06-27T16:58:46.560Z POST, "/weather", status=403, response-time=5.226 ms
2021-06-27T17:01:14.288Z POST, "/weather", status=403, response-time=2.579 ms
2021-06-27T17:12:21.901Z POST, "/weather", status=403, response-time=54.505 ms
2021-06-27T17:14:55.276Z GET, "/db_temperature?period=Month", status=200, response-time=5.459 ms
2021-06-27T17:14:56.615Z GET, "/db_temperature?period=Day", status=200, response-time=3.057 ms
2021-06-27T17:14:58.512Z GET, "/temperature", status=304, response-time=19.745 ms
2021-06-27T17:14:59.110Z GET, "/db_temperature?period=Day", status=304, response-time=2.362 ms
2021-06-27T17:15:00.159Z GET, "/comfort", status=304, response-time=11.740 ms
2021-06-27T17:15:00.574Z GET, "/db_gauge_weather", status=200, response-time=2.897 ms
2021-06-27T17:15:00.585Z GET, "/db_gauge_noise", status=304, response-time=4.988 ms
2021-06-27T17:15:00.607Z GET, "/db_gauge_gas", status=304, response-time=2.700 ms
2021-06-27T17:15:00.620Z GET, "/db_gauge_light", status=304, response-time=2.981 ms
