2021-07-09T17:30:28.987Z GET, "/", status=200, response-time=41.362 ms
2021-07-09T17:30:31.954Z POST, "/verify-code", status=302, response-time=5.369 ms
2021-07-09T17:30:31.967Z GET, "/", status=302, response-time=4.728 ms
2021-07-09T17:30:31.977Z GET, "/comfort", status=304, response-time=4.012 ms
2021-07-09T17:30:32.355Z GET, "/db_gauge_weather", status=200, response-time=26.639 ms
2021-07-09T17:30:32.356Z GET, "/db_gauge_noise", status=200, response-time=16.616 ms
2021-07-09T17:30:32.358Z GET, "/db_gauge_gas", status=200, response-time=12.101 ms
2021-07-09T17:30:32.374Z GET, "/db_gauge_light", status=200, response-time=27.724 ms
2021-07-09T17:30:35.365Z GET, "/db_gauge_weather", status=304, response-time=6.075 ms
2021-07-09T17:30:35.365Z GET, "/db_gauge_noise", status=304, response-time=5.420 ms
2021-07-09T17:30:35.366Z GET, "/db_gauge_gas", status=304, response-time=4.684 ms
2021-07-09T17:30:35.369Z GET, "/db_gauge_light", status=304, response-time=5.269 ms
2021-07-09T17:30:37.296Z GET, "/comfort", status=304, response-time=5.139 ms
2021-07-09T17:30:37.542Z GET, "/db_gauge_weather", status=304, response-time=4.241 ms
2021-07-09T17:30:37.547Z GET, "/db_gauge_noise", status=304, response-time=3.432 ms
2021-07-09T17:30:37.566Z GET, "/db_gauge_gas", status=304, response-time=3.474 ms
2021-07-09T17:30:37.578Z GET, "/db_gauge_light", status=304, response-time=3.592 ms
2021-07-09T17:30:38.684Z GET, "/comfort", status=304, response-time=1.746 ms
2021-07-09T17:30:38.933Z GET, "/db_gauge_weather", status=304, response-time=2.261 ms
2021-07-09T17:30:38.955Z GET, "/db_gauge_noise", status=304, response-time=17.865 ms
2021-07-09T17:30:38.969Z GET, "/db_gauge_gas", status=304, response-time=12.240 ms
2021-07-09T17:30:38.972Z GET, "/db_gauge_light", status=304, response-time=7.162 ms
2021-07-09T17:30:39.991Z GET, "/comfort", status=304, response-time=4.467 ms
2021-07-09T17:30:40.248Z GET, "/db_gauge_weather", status=304, response-time=6.074 ms
2021-07-09T17:30:40.249Z GET, "/db_gauge_noise", status=304, response-time=3.918 ms
2021-07-09T17:30:40.280Z GET, "/db_gauge_gas", status=304, response-time=3.794 ms
2021-07-09T17:30:40.283Z GET, "/db_gauge_light", status=304, response-time=3.480 ms
2021-07-09T17:30:41.333Z GET, "/comfort", status=304, response-time=3.508 ms
2021-07-09T17:30:41.567Z GET, "/db_gauge_weather", status=304, response-time=3.608 ms
2021-07-09T17:30:41.589Z GET, "/db_gauge_noise", status=304, response-time=19.003 ms
2021-07-09T17:30:41.602Z GET, "/db_gauge_gas", status=304, response-time=5.141 ms
2021-07-09T17:30:41.604Z GET, "/db_gauge_light", status=304, response-time=3.260 ms
2021-07-09T17:30:44.607Z GET, "/db_gauge_weather", status=304, response-time=6.699 ms
2021-07-09T17:30:44.612Z GET, "/db_gauge_noise", status=304, response-time=4.955 ms
2021-07-09T17:30:44.623Z GET, "/db_gauge_gas", status=304, response-time=9.081 ms
2021-07-09T17:30:44.624Z GET, "/db_gauge_light", status=304, response-time=5.092 ms
2021-07-09T17:30:45.355Z GET, "/comfort", status=304, response-time=5.411 ms
2021-07-09T17:30:45.637Z GET, "/db_gauge_weather", status=304, response-time=2.572 ms
2021-07-09T17:30:45.649Z GET, "/db_gauge_noise", status=304, response-time=2.372 ms
2021-07-09T17:30:45.671Z GET, "/db_gauge_gas", status=304, response-time=7.390 ms
2021-07-09T17:30:45.672Z GET, "/db_gauge_light", status=304, response-time=2.804 ms
2021-07-09T17:30:46.956Z GET, "/comfort", status=304, response-time=5.552 ms
2021-07-09T17:30:47.186Z GET, "/db_gauge_weather", status=304, response-time=8.117 ms
2021-07-09T17:30:47.187Z GET, "/db_gauge_noise", status=304, response-time=3.625 ms
2021-07-09T17:30:47.202Z GET, "/db_gauge_gas", status=304, response-time=2.088 ms
2021-07-09T17:30:47.212Z GET, "/db_gauge_light", status=304, response-time=2.028 ms
2021-07-09T17:30:53.135Z GET, "/db_gauge_weather", status=304, response-time=6.463 ms
2021-07-09T17:30:53.135Z GET, "/db_gauge_noise", status=304, response-time=5.379 ms
2021-07-09T17:30:53.139Z GET, "/db_gauge_gas", status=304, response-time=4.721 ms
2021-07-09T17:30:53.141Z GET, "/db_gauge_light", status=304, response-time=3.697 ms
