2021-06-28T11:42:40.587Z GET, "/", status=302, response-time=14.709 ms
2021-06-28T11:42:40.619Z GET, "/about", status=304, response-time=22.183 ms
2021-06-28T11:42:42.533Z GET, "/temperature", status=304, response-time=3.782 ms
2021-06-28T11:42:42.909Z GET, "/db_temperature?period=Day", status=200, response-time=17.837 ms
2021-06-28T11:42:44.748Z GET, "/db_temperature?period=Year", status=200, response-time=1.901 ms
2021-06-28T11:42:46.032Z GET, "/db_temperature?period=All", status=200, response-time=1.243 ms
2021-06-28T11:43:30.550Z GET, "/temperature", status=304, response-time=3.926 ms
2021-06-28T11:43:30.968Z GET, "/db_temperature?period=Day", status=304, response-time=1.680 ms
2021-06-28T11:43:32.780Z GET, "/db_temperature?period=All", status=200, response-time=1.353 ms
2021-06-28T11:43:42.159Z GET, "/db_temperature?period=Year", status=200, response-time=1.487 ms
2021-06-28T11:43:46.072Z GET, "/db_temperature?period=Month", status=200, response-time=1.164 ms
2021-06-28T11:43:51.447Z GET, "/db_temperature?period=Day", status=304, response-time=0.927 ms
2021-06-28T11:43:59.767Z GET, "/db_temperature?period=Month", status=304, response-time=0.983 ms
2021-06-28T11:44:01.663Z GET, "/db_temperature?period=Year", status=304, response-time=1.695 ms
2021-06-28T11:45:18.592Z GET, "/db_temperature?period=Month", status=200, response-time=1.569 ms
2021-06-28T11:45:42.052Z GET, "/db_temperature?period=All", status=200, response-time=4.389 ms
2021-06-28T11:45:47.580Z GET, "/db_temperature?period=Year", status=200, response-time=1.071 ms
2021-06-28T11:45:50.787Z GET, "/db_temperature?period=Month", status=304, response-time=1.216 ms
2021-06-28T11:46:14.337Z GET, "/db_temperature?period=Year", status=304, response-time=0.997 ms
2021-06-28T11:46:23.471Z GET, "/db_temperature?period=Month", status=304, response-time=1.287 ms
2021-06-28T11:47:38.250Z GET, "/temperature", status=304, response-time=5.812 ms
2021-06-28T11:47:38.888Z GET, "/db_temperature?period=Day", status=200, response-time=5.930 ms
2021-06-28T11:47:40.060Z GET, "/db_temperature?period=All", status=200, response-time=1.357 ms
2021-06-28T11:47:42.690Z GET, "/db_temperature?period=Year", status=200, response-time=0.926 ms
2021-06-28T11:47:45.811Z GET, "/db_temperature?period=Month", status=200, response-time=1.660 ms
2021-06-28T11:47:51.507Z GET, "/db_temperature?period=Day", status=304, response-time=1.598 ms
2021-06-28T11:47:52.554Z GET, "/db_temperature?period=Month", status=304, response-time=1.086 ms
2021-06-28T11:47:53.446Z GET, "/db_temperature?period=Year", status=304, response-time=1.277 ms
2021-06-28T11:47:54.589Z GET, "/db_temperature?period=All", status=304, response-time=1.150 ms
2021-06-28T11:47:55.712Z GET, "/db_temperature?period=Year", status=304, response-time=0.927 ms
2021-06-28T11:48:36.738Z GET, "/db_temperature?period=Month", status=304, response-time=1.269 ms
2021-06-28T11:49:02.854Z GET, "/temperature", status=304, response-time=6.200 ms
2021-06-28T11:49:03.458Z GET, "/db_temperature?period=Day", status=200, response-time=8.094 ms
2021-06-28T11:49:11.075Z GET, "/db_temperature?period=Month", status=200, response-time=1.831 ms
2021-06-28T11:49:13.096Z GET, "/db_temperature?period=Year", status=200, response-time=5.655 ms
2021-06-28T11:49:14.581Z GET, "/db_temperature?period=All", status=200, response-time=2.226 ms
2021-06-28T11:49:16.268Z GET, "/db_temperature?period=Day", status=304, response-time=1.000 ms
2021-06-28T11:49:57.001Z GET, "/temperature", status=304, response-time=2.408 ms
2021-06-28T11:49:57.576Z GET, "/db_temperature?period=Day", status=200, response-time=1.821 ms
2021-06-28T11:50:34.456Z GET, "/temperature", status=304, response-time=2.466 ms
2021-06-28T11:50:34.762Z GET, "/db_temperature?period=Day", status=304, response-time=1.916 ms
2021-06-28T11:50:50.854Z GET, "/temperature", status=304, response-time=3.107 ms
2021-06-28T11:50:51.262Z GET, "/db_temperature?period=Day", status=200, response-time=3.087 ms
2021-06-28T11:51:01.674Z GET, "/db_temperature?period=Month", status=200, response-time=1.382 ms
2021-06-28T11:51:02.721Z GET, "/db_temperature?period=Year", status=200, response-time=3.561 ms
2021-06-28T11:51:04.065Z GET, "/db_temperature?period=Day", status=304, response-time=1.875 ms
2021-06-28T11:51:05.682Z GET, "/humidity", status=304, response-time=4.384 ms
2021-06-28T11:51:06.087Z GET, "/db_humidity?period=Day", status=200, response-time=3.416 ms
2021-06-28T11:51:57.968Z GET, "/humidity", status=304, response-time=2.840 ms
2021-06-28T11:51:58.389Z GET, "/db_humidity?period=Day", status=200, response-time=1.694 ms
2021-06-28T11:53:49.628Z GET, "/db_humidity?period=Month", status=200, response-time=1.408 ms
2021-06-28T11:54:18.708Z GET, "/db_humidity?period=Day", status=200, response-time=1.433 ms
2021-06-28T11:54:19.507Z GET, "/db_humidity?period=Month", status=304, response-time=1.263 ms
2021-06-28T11:54:23.850Z GET, "/db_humidity?period=Day", status=200, response-time=2.453 ms
2021-06-28T11:54:24.695Z GET, "/db_humidity?period=Month", status=200, response-time=1.435 ms
2021-06-28T11:54:45.103Z GET, "/db_humidity?period=Year", status=200, response-time=0.888 ms
2021-06-28T11:55:18.941Z GET, "/db_humidity?period=All", status=200, response-time=1.438 ms
2021-06-28T11:55:26.925Z GET, "/db_humidity?period=Year", status=200, response-time=1.830 ms
2021-06-28T11:55:28.614Z GET, "/db_humidity?period=Month", status=304, response-time=1.117 ms
2021-06-28T11:55:30.617Z GET, "/db_humidity?period=Year", status=304, response-time=1.156 ms
2021-06-28T11:55:45.973Z GET, "/temperature", status=304, response-time=1.966 ms
2021-06-28T11:55:46.454Z GET, "/db_temperature?period=Day", status=200, response-time=1.215 ms
2021-06-28T11:55:47.694Z GET, "/db_temperature?period=Month", status=200, response-time=2.906 ms
2021-06-28T11:55:49.337Z GET, "/db_temperature?period=Year", status=200, response-time=0.929 ms
2021-06-28T11:55:51.042Z GET, "/db_temperature?period=All", status=200, response-time=2.234 ms
2021-06-28T11:55:59.735Z GET, "/comfort", status=304, response-time=6.928 ms
2021-06-28T11:56:00.055Z GET, "/db_gauge_weather", status=200, response-time=7.169 ms
2021-06-28T11:56:00.057Z GET, "/db_gauge_noise", status=200, response-time=7.951 ms
2021-06-28T11:56:00.070Z GET, "/db_gauge_gas", status=200, response-time=2.748 ms
2021-06-28T11:56:00.081Z GET, "/db_gauge_light", status=200, response-time=1.980 ms
2021-06-28T11:56:12.092Z GET, "/comfort", status=304, response-time=1.625 ms
2021-06-28T11:56:12.351Z GET, "/db_gauge_weather", status=304, response-time=3.306 ms
2021-06-28T11:56:12.355Z GET, "/db_gauge_noise", status=304, response-time=1.731 ms
2021-06-28T11:56:12.370Z GET, "/db_gauge_gas", status=304, response-time=3.674 ms
2021-06-28T11:56:12.371Z GET, "/db_gauge_light", status=304, response-time=2.442 ms
2021-06-28T11:56:22.278Z GET, "/comfort", status=304, response-time=1.344 ms
2021-06-28T11:56:22.483Z GET, "/db_gauge_weather", status=304, response-time=1.495 ms
2021-06-28T11:56:22.489Z GET, "/db_gauge_noise", status=304, response-time=1.476 ms
2021-06-28T11:56:22.503Z GET, "/db_gauge_gas", status=304, response-time=1.335 ms
2021-06-28T11:56:22.510Z GET, "/db_gauge_light", status=304, response-time=2.319 ms
2021-06-28T11:56:38.193Z GET, "/comfort", status=304, response-time=2.377 ms
2021-06-28T11:56:38.666Z GET, "/db_gauge_weather", status=304, response-time=2.553 ms
2021-06-28T11:56:38.678Z GET, "/db_gauge_noise", status=304, response-time=0.954 ms
2021-06-28T11:56:38.692Z GET, "/db_gauge_gas", status=304, response-time=1.337 ms
2021-06-28T11:56:38.703Z GET, "/db_gauge_light", status=304, response-time=1.739 ms
2021-06-28T11:56:46.060Z GET, "/about", status=304, response-time=2.213 ms
2021-06-28T11:56:54.025Z GET, "/comfort", status=304, response-time=4.208 ms
2021-06-28T11:56:54.252Z GET, "/db_gauge_weather", status=304, response-time=1.435 ms
2021-06-28T11:56:54.256Z GET, "/db_gauge_noise", status=304, response-time=1.599 ms
2021-06-28T11:56:54.279Z GET, "/db_gauge_gas", status=304, response-time=3.297 ms
2021-06-28T11:56:54.280Z GET, "/db_gauge_light", status=304, response-time=2.428 ms
2021-06-28T11:56:56.683Z GET, "/comfort", status=304, response-time=3.163 ms
2021-06-28T11:56:56.970Z GET, "/db_gauge_weather", status=304, response-time=1.582 ms
2021-06-28T11:56:56.973Z GET, "/db_gauge_noise", status=304, response-time=1.401 ms
2021-06-28T11:56:56.988Z GET, "/db_gauge_gas", status=304, response-time=1.358 ms
2021-06-28T11:56:56.995Z GET, "/db_gauge_light", status=304, response-time=1.374 ms
2021-06-28T11:56:58.798Z GET, "/comfort", status=304, response-time=1.333 ms
2021-06-28T11:56:59.062Z GET, "/db_gauge_weather", status=304, response-time=5.403 ms
2021-06-28T11:56:59.066Z GET, "/db_gauge_noise", status=304, response-time=1.535 ms
2021-06-28T11:56:59.081Z GET, "/db_gauge_gas", status=304, response-time=1.784 ms
2021-06-28T11:56:59.085Z GET, "/db_gauge_light", status=304, response-time=0.977 ms
2021-06-28T11:57:02.918Z GET, "/comfort", status=304, response-time=1.309 ms
2021-06-28T11:57:03.242Z GET, "/db_gauge_weather", status=304, response-time=7.267 ms
2021-06-28T11:57:03.243Z GET, "/db_gauge_noise", status=304, response-time=2.349 ms
2021-06-28T11:57:03.257Z GET, "/db_gauge_gas", status=304, response-time=1.345 ms
2021-06-28T11:57:03.261Z GET, "/db_gauge_light", status=304, response-time=1.648 ms
2021-06-28T11:57:04.271Z GET, "/temperature", status=304, response-time=1.768 ms
2021-06-28T11:57:04.565Z GET, "/db_temperature?period=Day", status=304, response-time=1.752 ms
2021-06-28T11:57:05.509Z GET, "/humidity", status=304, response-time=4.399 ms
2021-06-28T11:57:05.762Z GET, "/db_humidity?period=Day", status=304, response-time=1.532 ms
2021-06-28T11:57:06.964Z GET, "/db_humidity?period=Year", status=304, response-time=2.743 ms
2021-06-28T11:57:12.414Z GET, "/temperature", status=304, response-time=2.174 ms
2021-06-28T11:57:12.682Z GET, "/db_temperature?period=Day", status=304, response-time=1.366 ms
2021-06-28T11:57:13.542Z GET, "/db_temperature?period=All", status=304, response-time=5.309 ms
2021-06-28T11:57:21.270Z GET, "/gas", status=304, response-time=2.142 ms
2021-06-28T11:57:21.514Z GET, "/db_gas?period=Day", status=200, response-time=1.888 ms
2021-06-28T11:57:22.742Z GET, "/db_gas?period=Month", status=304, response-time=1.591 ms
2021-06-28T11:57:24.197Z GET, "/light", status=304, response-time=4.556 ms
2021-06-28T11:57:24.475Z GET, "/db_light?period=Day", status=200, response-time=2.243 ms
2021-06-28T11:57:25.403Z GET, "/db_light?period=Year", status=304, response-time=2.322 ms
2021-06-28T11:57:35.722Z GET, "/light", status=304, response-time=2.557 ms
2021-06-28T11:57:36.034Z GET, "/db_light?period=Day", status=304, response-time=1.222 ms
2021-06-28T11:57:37.079Z GET, "/db_light?period=Year", status=304, response-time=1.917 ms
2021-06-28T11:57:39.504Z GET, "/noise", status=304, response-time=2.055 ms
2021-06-28T11:57:39.751Z GET, "/db_noise?period=Day", status=200, response-time=3.721 ms
2021-06-28T11:57:40.770Z GET, "/db_noise?period=Month", status=304, response-time=2.561 ms
2021-06-28T11:57:42.934Z GET, "/comfort", status=304, response-time=2.882 ms
2021-06-28T11:57:43.274Z GET, "/db_gauge_weather", status=304, response-time=1.788 ms
2021-06-28T11:57:43.276Z GET, "/db_gauge_noise", status=304, response-time=1.449 ms
2021-06-28T11:57:43.294Z GET, "/db_gauge_gas", status=304, response-time=1.495 ms
2021-06-28T11:57:43.299Z GET, "/db_gauge_light", status=304, response-time=2.328 ms
2021-06-28T11:57:44.186Z GET, "/about", status=304, response-time=1.493 ms
2021-06-28T11:57:48.694Z GET, "/comfort", status=304, response-time=4.710 ms
2021-06-28T11:57:48.981Z GET, "/db_gauge_weather", status=304, response-time=1.658 ms
2021-06-28T11:57:48.986Z GET, "/db_gauge_noise", status=304, response-time=1.567 ms
2021-06-28T11:57:49.004Z GET, "/db_gauge_gas", status=304, response-time=1.407 ms
2021-06-28T11:57:49.011Z GET, "/db_gauge_light", status=304, response-time=4.821 ms
2021-06-28T11:58:27.097Z GET, "/temperature", status=304, response-time=2.269 ms
2021-06-28T11:58:27.784Z GET, "/db_temperature?period=Day", status=304, response-time=6.602 ms
2021-06-28T11:58:28.793Z GET, "/comfort", status=304, response-time=1.991 ms
2021-06-28T11:58:29.057Z GET, "/db_gauge_weather", status=304, response-time=4.785 ms
2021-06-28T11:58:29.067Z GET, "/db_gauge_noise", status=304, response-time=3.000 ms
2021-06-28T11:58:29.074Z GET, "/db_gauge_gas", status=304, response-time=1.195 ms
2021-06-28T11:58:29.084Z GET, "/db_gauge_light", status=304, response-time=1.266 ms
2021-06-28T11:58:31.092Z GET, "/temperature", status=304, response-time=3.351 ms
2021-06-28T11:58:31.377Z GET, "/db_temperature?period=Day", status=304, response-time=1.545 ms
2021-06-28T11:58:32.845Z GET, "/humidity", status=304, response-time=3.210 ms
2021-06-28T11:58:33.186Z GET, "/db_humidity?period=Day", status=304, response-time=2.300 ms
2021-06-28T11:58:34.754Z GET, "/db_humidity?period=Month", status=304, response-time=1.669 ms
2021-06-28T11:58:36.401Z GET, "/db_humidity?period=Year", status=304, response-time=1.324 ms
2021-06-28T11:58:39.016Z GET, "/db_humidity?period=All", status=304, response-time=1.048 ms
2021-06-28T11:58:45.321Z GET, "/light", status=304, response-time=3.292 ms
2021-06-28T11:58:45.583Z GET, "/db_light?period=Day", status=304, response-time=4.109 ms
2021-06-28T11:58:46.855Z GET, "/db_light?period=Month", status=304, response-time=2.822 ms
2021-06-28T11:58:50.150Z GET, "/db_light?period=Year", status=304, response-time=1.391 ms
2021-06-28T11:58:51.697Z GET, "/db_light?period=Month", status=304, response-time=1.204 ms
2021-06-28T11:58:52.859Z GET, "/db_light?period=All", status=304, response-time=1.181 ms
2021-06-28T11:58:55.377Z GET, "/comfort", status=304, response-time=2.810 ms
2021-06-28T11:58:55.687Z GET, "/db_gauge_weather", status=304, response-time=1.260 ms
2021-06-28T11:58:55.697Z GET, "/db_gauge_noise", status=304, response-time=7.876 ms
2021-06-28T11:58:55.712Z GET, "/db_gauge_gas", status=304, response-time=1.436 ms
2021-06-28T11:58:55.716Z GET, "/db_gauge_light", status=304, response-time=1.655 ms
2021-06-28T11:59:10.919Z GET, "/temperature", status=304, response-time=1.410 ms
2021-06-28T11:59:11.296Z GET, "/db_temperature?period=Day", status=304, response-time=1.450 ms
2021-06-28T11:59:12.544Z GET, "/db_temperature?period=Month", status=304, response-time=1.635 ms
2021-06-28T11:59:16.772Z GET, "/db_temperature?period=Year", status=304, response-time=1.027 ms
2021-06-28T11:59:18.753Z GET, "/db_temperature?period=All", status=304, response-time=2.313 ms
2021-06-28T11:59:20.738Z GET, "/db_temperature?period=Month", status=304, response-time=1.639 ms
2021-06-28T11:59:22.500Z GET, "/db_temperature?period=Year", status=304, response-time=0.903 ms
2021-06-28T11:59:24.542Z GET, "/db_temperature?period=Day", status=304, response-time=1.202 ms
2021-06-28T11:59:25.183Z GET, "/db_temperature?period=Month", status=304, response-time=1.416 ms
2021-06-28T11:59:37.790Z GET, "/db_temperature?period=Day", status=304, response-time=0.957 ms
2021-06-28T11:59:53.536Z GET, "/temperature", status=304, response-time=5.798 ms
2021-06-28T11:59:53.954Z GET, "/db_temperature?period=Day", status=304, response-time=1.083 ms
2021-06-28T11:59:59.700Z GET, "/temperature", status=304, response-time=1.123 ms
2021-06-28T11:59:59.926Z GET, "/db_temperature?period=Day", status=200, response-time=3.685 ms
2021-06-28T12:00:06.544Z GET, "/about", status=304, response-time=3.592 ms
2021-06-28T12:00:09.456Z GET, "/comfort", status=304, response-time=2.460 ms
2021-06-28T12:00:09.791Z GET, "/db_gauge_weather", status=200, response-time=4.038 ms
2021-06-28T12:00:09.794Z GET, "/db_gauge_noise", status=304, response-time=1.842 ms
2021-06-28T12:00:09.812Z GET, "/db_gauge_light", status=304, response-time=2.575 ms
2021-06-28T12:00:09.813Z GET, "/db_gauge_gas", status=304, response-time=2.344 ms
2021-06-28T12:00:10.972Z GET, "/about", status=304, response-time=2.608 ms
2021-06-28T12:00:42.980Z GET, "/comfort", status=304, response-time=3.794 ms
2021-06-28T12:00:43.427Z GET, "/db_gauge_weather", status=304, response-time=1.979 ms
2021-06-28T12:00:43.438Z GET, "/db_gauge_noise", status=304, response-time=1.311 ms
2021-06-28T12:00:43.451Z GET, "/db_gauge_gas", status=304, response-time=1.260 ms
2021-06-28T12:00:43.457Z GET, "/db_gauge_light", status=304, response-time=1.444 ms
2021-06-28T12:00:50.797Z GET, "/temperature", status=304, response-time=3.863 ms
2021-06-28T12:00:51.104Z GET, "/db_temperature?period=Day", status=304, response-time=1.676 ms
2021-06-28T12:00:53.446Z GET, "/db_temperature?period=Month", status=200, response-time=1.605 ms
2021-06-28T12:00:54.522Z GET, "/db_temperature?period=Day", status=304, response-time=1.643 ms
2021-06-28T12:00:58.454Z GET, "/db_temperature?period=Month", status=304, response-time=1.528 ms
2021-06-28T12:01:03.201Z GET, "/db_temperature?period=Year", status=200, response-time=1.226 ms
2021-06-28T12:01:05.087Z GET, "/db_temperature?period=All", status=200, response-time=1.435 ms
2021-06-28T12:01:06.531Z GET, "/db_temperature?period=Day", status=304, response-time=1.171 ms
2021-06-28T12:01:18.637Z GET, "/about", status=304, response-time=2.798 ms
2021-06-28T12:01:22.218Z GET, "/comfort", status=304, response-time=2.300 ms
2021-06-28T12:01:22.522Z GET, "/db_gauge_weather", status=304, response-time=3.784 ms
2021-06-28T12:01:22.526Z GET, "/db_gauge_noise", status=304, response-time=1.461 ms
2021-06-28T12:01:22.542Z GET, "/db_gauge_gas", status=304, response-time=1.422 ms
2021-06-28T12:01:22.548Z GET, "/db_gauge_light", status=304, response-time=1.764 ms
2021-06-28T12:01:51.061Z GET, "/temperature", status=304, response-time=2.814 ms
2021-06-28T12:01:51.448Z GET, "/db_temperature?period=Day", status=304, response-time=1.507 ms
2021-06-28T12:04:07.896Z GET, "/temperature", status=304, response-time=2.421 ms
2021-06-28T12:04:08.509Z GET, "/db_temperature?period=Day", status=200, response-time=1.510 ms
2021-06-28T12:04:12.940Z GET, "/db_temperature?period=Month", status=200, response-time=1.042 ms
2021-06-28T12:04:15.319Z GET, "/db_temperature?period=Year", status=200, response-time=0.946 ms
2021-06-28T12:04:17.541Z GET, "/db_temperature?period=All", status=200, response-time=1.148 ms
2021-06-28T12:04:19.615Z GET, "/db_temperature?period=Day", status=304, response-time=1.233 ms
2021-06-28T12:05:05.173Z GET, "/temperature", status=304, response-time=4.148 ms
2021-06-28T12:05:05.725Z GET, "/db_temperature?period=Day", status=200, response-time=1.542 ms
2021-06-28T12:05:08.674Z GET, "/db_temperature?period=Month", status=200, response-time=2.602 ms
2021-06-28T12:05:10.940Z GET, "/db_temperature?period=Year", status=200, response-time=1.985 ms
2021-06-28T12:05:12.516Z GET, "/db_temperature?period=All", status=200, response-time=1.507 ms
2021-06-28T12:12:50.892Z GET, "/comfort", status=304, response-time=2.223 ms
2021-06-28T12:12:51.402Z GET, "/db_gauge_weather", status=200, response-time=2.034 ms
2021-06-28T12:12:51.407Z GET, "/db_gauge_noise", status=304, response-time=1.653 ms
2021-06-28T12:12:51.422Z GET, "/db_gauge_gas", status=304, response-time=1.553 ms
2021-06-28T12:12:51.427Z GET, "/db_gauge_light", status=304, response-time=2.018 ms
2021-06-28T12:12:52.398Z GET, "/temperature", status=304, response-time=2.250 ms
2021-06-28T12:12:52.722Z GET, "/db_temperature?period=Day", status=304, response-time=1.593 ms
2021-06-28T12:12:53.601Z GET, "/about", status=304, response-time=6.739 ms
2021-06-28T12:12:55.113Z GET, "/humidity", status=304, response-time=1.259 ms
2021-06-28T12:12:55.352Z GET, "/db_humidity?period=Day", status=200, response-time=1.622 ms
2021-06-28T12:12:57.288Z GET, "/temperature", status=304, response-time=3.400 ms
2021-06-28T12:12:57.529Z GET, "/db_temperature?period=Day", status=304, response-time=1.530 ms
2021-06-28T12:13:38.863Z GET, "/db_temperature?period=Month", status=304, response-time=1.620 ms
2021-06-28T12:13:51.932Z GET, "/db_temperature?period=Year", status=304, response-time=0.952 ms
2021-06-28T12:13:53.539Z GET, "/db_temperature?period=All", status=304, response-time=1.816 ms
2021-06-28T12:14:06.587Z GET, "/about", status=304, response-time=2.096 ms
2021-06-28T12:23:59.614Z GET, "/humidity", status=304, response-time=2.522 ms
2021-06-28T12:23:59.997Z GET, "/db_humidity?period=Day", status=304, response-time=1.759 ms
2021-06-28T12:24:02.118Z GET, "/db_humidity?period=Month", status=200, response-time=1.404 ms
2021-06-28T12:24:05.954Z GET, "/db_humidity?period=Year", status=200, response-time=2.581 ms
2021-06-28T12:24:07.458Z GET, "/db_humidity?period=All", status=200, response-time=0.961 ms
2021-06-28T12:24:08.909Z GET, "/db_humidity?period=Day", status=304, response-time=0.952 ms
2021-06-28T12:24:11.747Z GET, "/db_humidity?period=Month", status=304, response-time=1.019 ms
2021-06-28T12:35:44.544Z GET, "/comfort", status=304, response-time=3.065 ms
2021-06-28T12:35:45.031Z GET, "/db_gauge_weather", status=304, response-time=2.246 ms
2021-06-28T12:35:45.034Z GET, "/db_gauge_noise", status=304, response-time=2.490 ms
2021-06-28T12:35:45.053Z GET, "/db_gauge_gas", status=304, response-time=3.984 ms
2021-06-28T12:35:45.058Z GET, "/db_gauge_light", status=304, response-time=2.614 ms
2021-06-28T12:36:03.163Z GET, "/comfort", status=304, response-time=2.242 ms
2021-06-28T12:36:03.560Z GET, "/db_gauge_weather", status=304, response-time=1.485 ms
2021-06-28T12:36:03.566Z GET, "/db_gauge_noise", status=304, response-time=1.508 ms
2021-06-28T12:36:03.588Z GET, "/db_gauge_gas", status=304, response-time=4.596 ms
2021-06-28T12:36:03.593Z GET, "/db_gauge_light", status=304, response-time=1.477 ms
2021-06-28T12:46:06.931Z GET, "/about", status=500, response-time=10.266 ms
2021-06-28T12:47:03.842Z GET, "/about", status=500, response-time=3.906 ms
2021-06-28T12:48:12.506Z GET, "/about", status=500, response-time=21.484 ms
2021-06-28T12:48:22.062Z GET, "/about", status=200, response-time=10.190 ms
2021-06-28T12:49:23.383Z GET, "/about", status=200, response-time=5.640 ms
2021-06-28T12:49:24.894Z GET, "/about", status=304, response-time=3.457 ms
2021-06-28T12:49:46.250Z GET, "/about", status=304, response-time=15.776 ms
2021-06-28T12:49:49.459Z GET, "/comfort", status=500, response-time=11.315 ms
2021-06-28T12:50:36.756Z GET, "/about", status=304, response-time=30.623 ms
2021-06-28T12:51:17.805Z GET, "/about", status=200, response-time=9.262 ms
2021-06-28T12:51:53.177Z GET, "/about", status=304, response-time=2.043 ms
2021-06-28T12:52:28.646Z GET, "/about", status=304, response-time=3.191 ms
2021-06-28T12:52:40.345Z GET, "/about", status=304, response-time=3.413 ms
2021-06-28T12:54:23.958Z GET, "/about", status=200, response-time=7.697 ms
2021-06-28T12:56:30.555Z GET, "/about", status=200, response-time=25.680 ms
2021-06-28T12:56:31.788Z GET, "/comfort", status=200, response-time=8.911 ms
2021-06-28T12:56:32.106Z GET, "/db_gauge_weather", status=304, response-time=9.555 ms
2021-06-28T12:56:32.108Z GET, "/db_gauge_noise", status=304, response-time=3.655 ms
2021-06-28T12:56:32.118Z GET, "/db_gauge_gas", status=304, response-time=2.487 ms
2021-06-28T12:56:32.127Z GET, "/db_gauge_light", status=304, response-time=5.716 ms
2021-06-28T12:56:33.352Z GET, "/temperature", status=200, response-time=5.061 ms
2021-06-28T12:56:33.616Z GET, "/db_temperature?period=Day", status=304, response-time=4.578 ms
2021-06-28T12:56:34.604Z GET, "/humidity", status=200, response-time=6.920 ms
2021-06-28T12:56:35.004Z GET, "/db_humidity?period=Day", status=304, response-time=5.953 ms
2021-06-28T12:56:35.779Z GET, "/gas", status=200, response-time=3.705 ms
2021-06-28T12:56:36.060Z GET, "/db_gas?period=Day", status=304, response-time=1.696 ms
2021-06-28T12:56:36.947Z GET, "/light", status=200, response-time=4.910 ms
2021-06-28T12:56:37.213Z GET, "/db_light?period=Day", status=304, response-time=2.170 ms
2021-06-28T12:56:43.272Z GET, "/noise", status=200, response-time=4.123 ms
2021-06-28T12:56:43.497Z GET, "/db_noise?period=Day", status=304, response-time=3.465 ms
2021-06-28T12:56:44.848Z GET, "/gas", status=304, response-time=6.585 ms
2021-06-28T12:56:45.095Z GET, "/db_gas?period=Day", status=304, response-time=4.813 ms
2021-06-28T12:56:45.871Z GET, "/humidity", status=304, response-time=1.753 ms
2021-06-28T12:56:46.144Z GET, "/db_humidity?period=Day", status=304, response-time=2.085 ms
2021-06-28T12:56:50.918Z GET, "/temperature", status=304, response-time=1.548 ms
2021-06-28T12:56:51.199Z GET, "/db_temperature?period=Day", status=304, response-time=2.395 ms
2021-06-28T12:57:47.773Z GET, "/comfort", status=304, response-time=2.547 ms
2021-06-28T12:57:48.077Z GET, "/db_gauge_weather", status=304, response-time=1.601 ms
2021-06-28T12:57:48.083Z GET, "/db_gauge_noise", status=304, response-time=1.516 ms
2021-06-28T12:57:48.103Z GET, "/db_gauge_gas", status=304, response-time=1.951 ms
2021-06-28T12:57:48.110Z GET, "/db_gauge_light", status=304, response-time=2.726 ms
2021-06-28T12:57:48.985Z GET, "/temperature", status=304, response-time=1.326 ms
2021-06-28T12:57:49.230Z GET, "/db_temperature?period=Day", status=304, response-time=1.627 ms
2021-06-28T12:57:50.392Z GET, "/humidity", status=304, response-time=3.974 ms
2021-06-28T12:57:50.687Z GET, "/db_humidity?period=Day", status=304, response-time=2.096 ms
2021-06-28T12:57:52.508Z GET, "/humidity", status=304, response-time=2.372 ms
2021-06-28T12:57:52.785Z GET, "/db_humidity?period=Day", status=304, response-time=2.257 ms
2021-06-28T12:57:56.300Z GET, "/", status=302, response-time=6.647 ms
2021-06-28T12:57:56.307Z GET, "/about", status=304, response-time=1.969 ms
2021-06-28T12:57:58.280Z GET, "/comfort", status=304, response-time=3.433 ms
2021-06-28T12:57:58.546Z GET, "/db_gauge_weather", status=304, response-time=1.620 ms
2021-06-28T12:57:58.549Z GET, "/db_gauge_noise", status=304, response-time=1.864 ms
2021-06-28T12:57:58.563Z GET, "/db_gauge_gas", status=304, response-time=2.299 ms
2021-06-28T12:57:58.569Z GET, "/db_gauge_light", status=304, response-time=1.693 ms
2021-06-28T12:58:05.819Z GET, "/comfort", status=304, response-time=3.253 ms
2021-06-28T12:58:06.107Z GET, "/db_gauge_weather", status=304, response-time=2.034 ms
2021-06-28T12:58:06.119Z GET, "/db_gauge_noise", status=304, response-time=1.873 ms
2021-06-28T12:58:06.132Z GET, "/db_gauge_gas", status=304, response-time=2.011 ms
2021-06-28T12:58:06.144Z GET, "/db_gauge_light", status=304, response-time=2.915 ms
2021-06-28T12:58:07.322Z GET, "/about", status=304, response-time=4.234 ms
2021-06-28T12:58:08.513Z GET, "/comfort", status=304, response-time=5.686 ms
2021-06-28T12:58:08.784Z GET, "/db_gauge_weather", status=304, response-time=2.040 ms
2021-06-28T12:58:08.796Z GET, "/db_gauge_noise", status=304, response-time=4.165 ms
2021-06-28T12:58:08.815Z GET, "/db_gauge_gas", status=304, response-time=4.007 ms
2021-06-28T12:58:08.821Z GET, "/db_gauge_light", status=304, response-time=4.111 ms
2021-06-28T12:58:09.665Z GET, "/temperature", status=304, response-time=1.253 ms
2021-06-28T12:58:09.915Z GET, "/db_temperature?period=Day", status=304, response-time=1.425 ms
2021-06-28T12:58:10.889Z GET, "/humidity", status=304, response-time=1.616 ms
2021-06-28T12:58:11.139Z GET, "/db_humidity?period=Day", status=304, response-time=1.604 ms
2021-06-28T12:58:11.851Z GET, "/gas", status=304, response-time=8.219 ms
2021-06-28T12:58:12.127Z GET, "/db_gas?period=Day", status=304, response-time=3.090 ms
2021-06-28T12:58:13.207Z GET, "/light", status=304, response-time=2.301 ms
2021-06-28T12:58:13.454Z GET, "/db_light?period=Day", status=304, response-time=1.621 ms
2021-06-28T12:59:18.554Z GET, "/light", status=304, response-time=1.808 ms
2021-06-28T12:59:18.761Z GET, "/db_light?period=Day", status=304, response-time=1.135 ms
2021-06-28T12:59:21.173Z GET, "/temperature", status=304, response-time=5.457 ms
2021-06-28T12:59:21.584Z GET, "/db_temperature?period=Day", status=304, response-time=2.577 ms
2021-06-28T12:59:22.437Z GET, "/humidity", status=304, response-time=4.895 ms
2021-06-28T12:59:23.024Z GET, "/db_humidity?period=Day", status=304, response-time=1.798 ms
2021-06-28T12:59:23.713Z GET, "/gas", status=304, response-time=3.486 ms
2021-06-28T12:59:24.962Z GET, "/db_gas?period=Day", status=304, response-time=6.683 ms
2021-06-28T12:59:25.845Z GET, "/light", status=304, response-time=2.112 ms
2021-06-28T12:59:26.359Z GET, "/db_light?period=Day", status=304, response-time=1.389 ms
2021-06-28T12:59:27.865Z GET, "/comfort", status=304, response-time=7.086 ms
2021-06-28T12:59:28.111Z GET, "/db_gauge_weather", status=304, response-time=3.410 ms
2021-06-28T12:59:28.117Z GET, "/db_gauge_noise", status=304, response-time=1.574 ms
2021-06-28T12:59:28.133Z GET, "/db_gauge_gas", status=304, response-time=1.881 ms
2021-06-28T12:59:28.137Z GET, "/db_gauge_light", status=304, response-time=1.440 ms
2021-06-28T12:59:59.315Z GET, "/comfort", status=304, response-time=1.665 ms
2021-06-28T12:59:59.595Z GET, "/db_gauge_weather", status=304, response-time=2.413 ms
2021-06-28T12:59:59.599Z GET, "/db_gauge_noise", status=304, response-time=1.374 ms
2021-06-28T12:59:59.615Z GET, "/db_gauge_gas", status=304, response-time=1.490 ms
2021-06-28T12:59:59.620Z GET, "/db_gauge_light", status=304, response-time=1.325 ms
2021-06-28T13:00:03.499Z GET, "/comfort", status=304, response-time=2.634 ms
2021-06-28T13:00:03.787Z GET, "/db_gauge_weather", status=304, response-time=1.514 ms
2021-06-28T13:00:03.796Z GET, "/db_gauge_noise", status=304, response-time=1.722 ms
2021-06-28T13:00:03.811Z GET, "/db_gauge_gas", status=304, response-time=5.846 ms
2021-06-28T13:00:03.814Z GET, "/db_gauge_light", status=304, response-time=1.427 ms
2021-06-28T13:00:20.733Z GET, "/comfort", status=304, response-time=1.530 ms
2021-06-28T13:00:20.983Z GET, "/db_gauge_weather", status=304, response-time=2.806 ms
2021-06-28T13:00:20.984Z GET, "/db_gauge_noise", status=304, response-time=2.130 ms
2021-06-28T13:00:20.997Z GET, "/db_gauge_gas", status=304, response-time=1.490 ms
2021-06-28T13:00:21.003Z GET, "/db_gauge_light", status=304, response-time=1.551 ms
2021-06-28T13:00:26.957Z GET, "/comfort", status=304, response-time=2.603 ms
2021-06-28T13:00:27.221Z GET, "/db_gauge_weather", status=304, response-time=1.504 ms
2021-06-28T13:00:27.231Z GET, "/db_gauge_noise", status=304, response-time=1.648 ms
2021-06-28T13:00:27.246Z GET, "/db_gauge_gas", status=304, response-time=1.500 ms
2021-06-28T13:00:27.250Z GET, "/db_gauge_light", status=304, response-time=1.595 ms
2021-06-28T13:00:33.247Z GET, "/comfort", status=304, response-time=2.766 ms
2021-06-28T13:00:33.562Z GET, "/db_gauge_weather", status=304, response-time=2.132 ms
2021-06-28T13:00:33.568Z GET, "/db_gauge_noise", status=304, response-time=1.467 ms
2021-06-28T13:00:33.584Z GET, "/db_gauge_gas", status=304, response-time=1.891 ms
2021-06-28T13:00:33.593Z GET, "/db_gauge_light", status=304, response-time=1.670 ms
2021-06-28T13:01:15.326Z GET, "/comfort", status=304, response-time=1.352 ms
2021-06-28T13:01:15.632Z GET, "/db_gauge_weather", status=304, response-time=6.552 ms
2021-06-28T13:01:15.633Z GET, "/db_gauge_noise", status=304, response-time=5.602 ms
2021-06-28T13:01:15.651Z GET, "/db_gauge_gas", status=304, response-time=6.876 ms
2021-06-28T13:01:15.652Z GET, "/db_gauge_light", status=304, response-time=3.006 ms
2021-06-28T13:01:21.010Z GET, "/comfort", status=304, response-time=2.405 ms
2021-06-28T13:01:21.325Z GET, "/db_gauge_weather", status=304, response-time=1.823 ms
2021-06-28T13:01:21.331Z GET, "/db_gauge_noise", status=304, response-time=1.119 ms
2021-06-28T13:01:21.347Z GET, "/db_gauge_gas", status=304, response-time=2.248 ms
2021-06-28T13:01:21.360Z GET, "/db_gauge_light", status=304, response-time=1.577 ms
2021-06-28T13:01:24.912Z GET, "/temperature", status=304, response-time=2.568 ms
2021-06-28T13:01:25.241Z GET, "/db_temperature?period=Day", status=304, response-time=2.837 ms
2021-06-28T13:01:26.418Z GET, "/humidity", status=304, response-time=2.028 ms
2021-06-28T13:01:26.753Z GET, "/db_humidity?period=Day", status=304, response-time=1.624 ms
2021-06-28T13:01:28.419Z GET, "/gas", status=304, response-time=5.060 ms
2021-06-28T13:01:28.690Z GET, "/db_gas?period=Day", status=304, response-time=1.539 ms
2021-06-28T13:01:30.215Z GET, "/light", status=304, response-time=3.111 ms
2021-06-28T13:01:30.499Z GET, "/db_light?period=Day", status=304, response-time=1.856 ms
2021-06-28T13:01:32.343Z GET, "/gas", status=304, response-time=2.625 ms
2021-06-28T13:01:32.577Z GET, "/db_gas?period=Day", status=304, response-time=2.760 ms
2021-06-28T13:02:04.034Z GET, "/gas", status=304, response-time=5.569 ms
2021-06-28T13:02:04.422Z GET, "/db_gas?period=Day", status=304, response-time=1.524 ms
2021-06-28T13:02:14.703Z GET, "/gas", status=304, response-time=2.460 ms
2021-06-28T13:02:15.026Z GET, "/db_gas?period=Day", status=304, response-time=4.785 ms
2021-06-28T13:02:20.822Z GET, "/gas", status=304, response-time=4.712 ms
2021-06-28T13:02:21.159Z GET, "/db_gas?period=Day", status=304, response-time=1.496 ms
2021-06-28T13:02:36.723Z GET, "/gas", status=304, response-time=2.718 ms
2021-06-28T13:02:37.130Z GET, "/db_gas?period=Day", status=304, response-time=3.510 ms
2021-06-28T13:02:50.385Z GET, "/gas", status=304, response-time=5.541 ms
2021-06-28T13:02:50.663Z GET, "/db_gas?period=Day", status=304, response-time=1.277 ms
2021-06-28T13:02:54.985Z GET, "/temperature", status=304, response-time=2.462 ms
2021-06-28T13:02:55.273Z GET, "/db_temperature?period=Day", status=304, response-time=1.583 ms
2021-06-28T13:03:13.392Z GET, "/temperature", status=304, response-time=2.204 ms
2021-06-28T13:03:13.857Z GET, "/db_temperature?period=Day", status=304, response-time=1.627 ms
2021-06-28T13:03:17.123Z GET, "/humidity", status=304, response-time=2.331 ms
2021-06-28T13:03:17.470Z GET, "/db_humidity?period=Day", status=304, response-time=2.104 ms
2021-06-28T13:03:22.101Z GET, "/temperature", status=304, response-time=2.437 ms
2021-06-28T13:03:22.430Z GET, "/db_temperature?period=Day", status=304, response-time=3.328 ms
2021-06-28T13:04:29.216Z GET, "/temperature", status=304, response-time=2.859 ms
2021-06-28T13:04:29.598Z GET, "/db_temperature?period=Day", status=200, response-time=2.224 ms
2021-06-28T13:04:53.459Z GET, "/db_temperature?period=Month", status=200, response-time=1.182 ms
2021-06-28T13:05:05.044Z GET, "/db_temperature?period=All", status=200, response-time=1.762 ms
2021-06-28T13:05:06.451Z GET, "/db_temperature?period=Year", status=200, response-time=1.553 ms
2021-06-28T13:05:14.395Z GET, "/db_temperature?period=All", status=304, response-time=1.054 ms
2021-06-28T13:06:12.108Z GET, "/comfort", status=304, response-time=2.740 ms
2021-06-28T13:06:12.698Z GET, "/db_gauge_weather", status=200, response-time=3.926 ms
2021-06-28T13:06:12.705Z GET, "/db_gauge_noise", status=304, response-time=1.400 ms
2021-06-28T13:06:12.722Z GET, "/db_gauge_gas", status=304, response-time=1.427 ms
2021-06-28T13:06:12.731Z GET, "/db_gauge_light", status=304, response-time=4.982 ms
2021-06-28T13:06:49.922Z GET, "/comfort", status=304, response-time=2.654 ms
2021-06-28T13:06:50.336Z GET, "/db_gauge_weather", status=304, response-time=1.628 ms
2021-06-28T13:06:50.347Z GET, "/db_gauge_noise", status=304, response-time=3.489 ms
2021-06-28T13:06:50.357Z GET, "/db_gauge_gas", status=304, response-time=1.331 ms
2021-06-28T13:06:50.367Z GET, "/db_gauge_light", status=304, response-time=5.022 ms
2021-06-28T13:07:04.166Z GET, "/comfort", status=304, response-time=8.821 ms
2021-06-28T13:07:04.441Z GET, "/db_gauge_weather", status=304, response-time=1.410 ms
2021-06-28T13:07:04.447Z GET, "/db_gauge_noise", status=304, response-time=1.990 ms
2021-06-28T13:07:04.461Z GET, "/db_gauge_gas", status=304, response-time=3.107 ms
2021-06-28T13:07:04.466Z GET, "/db_gauge_light", status=304, response-time=2.406 ms
2021-06-28T13:07:15.309Z GET, "/comfort", status=304, response-time=4.415 ms
2021-06-28T13:07:15.703Z GET, "/db_gauge_weather", status=304, response-time=1.675 ms
2021-06-28T13:07:15.710Z GET, "/db_gauge_noise", status=304, response-time=5.446 ms
2021-06-28T13:07:15.725Z GET, "/db_gauge_gas", status=304, response-time=1.751 ms
2021-06-28T13:07:15.731Z GET, "/db_gauge_light", status=304, response-time=1.500 ms
2021-06-28T13:07:16.221Z GET, "/temperature", status=304, response-time=3.419 ms
2021-06-28T13:07:16.552Z GET, "/db_temperature?period=Day", status=304, response-time=2.233 ms
2021-06-28T13:07:17.567Z GET, "/comfort", status=304, response-time=3.095 ms
2021-06-28T13:07:17.867Z GET, "/db_gauge_weather", status=304, response-time=3.070 ms
2021-06-28T13:07:17.868Z GET, "/db_gauge_noise", status=304, response-time=2.892 ms
2021-06-28T13:07:17.887Z GET, "/db_gauge_gas", status=304, response-time=1.513 ms
2021-06-28T13:07:17.891Z GET, "/db_gauge_light", status=304, response-time=1.763 ms
2021-06-28T13:08:12.393Z GET, "/temperature", status=304, response-time=3.263 ms
2021-06-28T13:08:12.805Z GET, "/db_temperature?period=Day", status=304, response-time=2.650 ms
2021-06-28T13:08:13.834Z GET, "/comfort", status=304, response-time=2.034 ms
2021-06-28T13:08:14.151Z GET, "/db_gauge_weather", status=304, response-time=5.607 ms
2021-06-28T13:08:14.158Z GET, "/db_gauge_noise", status=304, response-time=1.566 ms
2021-06-28T13:08:14.171Z GET, "/db_gauge_gas", status=304, response-time=1.205 ms
2021-06-28T13:08:14.185Z GET, "/db_gauge_light", status=304, response-time=3.478 ms
2021-06-28T13:09:11.307Z GET, "/comfort", status=304, response-time=4.774 ms
2021-06-28T13:09:11.709Z GET, "/db_gauge_weather", status=304, response-time=4.128 ms
2021-06-28T13:09:11.714Z GET, "/db_gauge_noise", status=304, response-time=1.175 ms
2021-06-28T13:09:11.732Z GET, "/db_gauge_gas", status=304, response-time=2.674 ms
2021-06-28T13:09:11.737Z GET, "/db_gauge_light", status=304, response-time=2.428 ms
2021-06-28T13:09:21.467Z GET, "/comfort", status=304, response-time=15.497 ms
2021-06-28T13:09:21.827Z GET, "/db_gauge_weather", status=304, response-time=11.102 ms
2021-06-28T13:09:21.829Z GET, "/db_gauge_noise", status=304, response-time=3.645 ms
2021-06-28T13:09:21.846Z GET, "/db_gauge_gas", status=304, response-time=2.370 ms
2021-06-28T13:09:21.854Z GET, "/db_gauge_light", status=304, response-time=4.375 ms
2021-06-28T13:09:26.799Z GET, "/comfort", status=304, response-time=21.178 ms
2021-06-28T13:09:27.124Z GET, "/db_gauge_weather", status=304, response-time=12.822 ms
2021-06-28T13:09:27.125Z GET, "/db_gauge_noise", status=304, response-time=6.357 ms
2021-06-28T13:09:27.141Z GET, "/db_gauge_gas", status=304, response-time=2.532 ms
2021-06-28T13:09:27.162Z GET, "/db_gauge_light", status=304, response-time=2.148 ms
2021-06-28T13:09:32.779Z GET, "/comfort", status=304, response-time=15.885 ms
2021-06-28T13:09:33.023Z GET, "/db_gauge_weather", status=304, response-time=7.972 ms
2021-06-28T13:09:33.025Z GET, "/db_gauge_noise", status=304, response-time=3.639 ms
2021-06-28T13:09:33.037Z GET, "/db_gauge_gas", status=304, response-time=2.318 ms
2021-06-28T13:09:33.051Z GET, "/db_gauge_light", status=304, response-time=1.798 ms
2021-06-28T13:13:39.415Z GET, "/temperature", status=304, response-time=10.853 ms
2021-06-28T13:13:40.038Z GET, "/db_temperature?period=Day", status=304, response-time=3.185 ms
2021-06-28T13:13:41.600Z GET, "/db_temperature?period=All", status=304, response-time=1.460 ms
2021-06-28T13:15:27.543Z GET, "/about", status=304, response-time=4.531 ms
2021-06-28T13:17:03.425Z GET, "/comfort", status=304, response-time=3.801 ms
2021-06-28T13:17:03.967Z GET, "/db_gauge_weather", status=304, response-time=10.839 ms
2021-06-28T13:17:03.969Z GET, "/db_gauge_noise", status=304, response-time=11.654 ms
2021-06-28T13:17:03.970Z GET, "/db_gauge_gas", status=304, response-time=10.023 ms
2021-06-28T13:17:03.976Z GET, "/db_gauge_light", status=304, response-time=3.096 ms
2021-06-28T13:17:04.322Z GET, "/temperature", status=304, response-time=2.285 ms
2021-06-28T13:17:04.578Z GET, "/db_temperature?period=Day", status=304, response-time=2.720 ms
2021-06-28T13:17:05.453Z GET, "/humidity", status=304, response-time=7.470 ms
2021-06-28T13:17:05.733Z GET, "/db_humidity?period=Day", status=200, response-time=10.151 ms
2021-06-28T13:17:06.972Z GET, "/db_humidity?period=Month", status=200, response-time=1.798 ms
2021-06-28T13:17:08.748Z GET, "/db_humidity?period=Year", status=200, response-time=2.038 ms
2021-06-28T13:17:10.070Z GET, "/db_humidity?period=All", status=200, response-time=2.679 ms
2021-06-28T13:21:38.433Z GET, "/gas", status=304, response-time=3.385 ms
2021-06-28T13:21:38.946Z GET, "/db_gas?period=Day", status=304, response-time=2.401 ms
2021-06-28T13:21:40.930Z GET, "/db_gas?period=Month", status=304, response-time=1.862 ms
2021-06-28T13:21:42.677Z GET, "/db_gas?period=Year", status=304, response-time=1.214 ms
2021-06-28T13:21:49.863Z GET, "/db_gas?period=Month", status=304, response-time=1.378 ms
2021-06-28T13:22:47.447Z GET, "/light", status=304, response-time=3.575 ms
2021-06-28T13:22:47.868Z GET, "/db_light?period=Day", status=304, response-time=2.159 ms
2021-06-28T13:22:49.524Z GET, "/db_light?period=Year", status=304, response-time=2.424 ms
2021-06-28T13:22:53.941Z GET, "/db_light?period=Day", status=304, response-time=0.884 ms
2021-06-28T13:22:55.054Z GET, "/db_light?period=Month", status=304, response-time=1.784 ms
2021-06-28T13:22:56.455Z GET, "/db_light?period=Year", status=304, response-time=0.986 ms
2021-06-28T13:23:01.621Z GET, "/gas", status=304, response-time=3.791 ms
2021-06-28T13:23:01.851Z GET, "/db_gas?period=Day", status=304, response-time=1.480 ms
2021-06-28T13:23:02.538Z GET, "/humidity", status=304, response-time=3.445 ms
2021-06-28T13:23:02.795Z GET, "/db_humidity?period=Day", status=304, response-time=6.599 ms
2021-06-28T13:24:29.785Z GET, "/light", status=304, response-time=3.050 ms
2021-06-28T13:24:30.413Z GET, "/db_light?period=Day", status=304, response-time=1.878 ms
2021-06-28T13:24:32.064Z GET, "/db_light?period=Year", status=304, response-time=0.962 ms
2021-06-28T13:24:38.356Z GET, "/noise", status=304, response-time=2.266 ms
2021-06-28T13:24:38.648Z GET, "/db_noise?period=Day", status=304, response-time=2.381 ms
2021-06-28T13:24:40.240Z GET, "/db_noise?period=Month", status=304, response-time=6.457 ms
2021-06-28T13:24:41.464Z GET, "/db_noise?period=Year", status=304, response-time=1.496 ms
2021-06-28T13:24:51.090Z GET, "/light", status=304, response-time=1.544 ms
2021-06-28T13:24:51.394Z GET, "/db_light?period=Day", status=304, response-time=1.316 ms
2021-06-28T13:24:53.634Z GET, "/db_light?period=All", status=304, response-time=2.078 ms
2021-06-28T13:24:54.870Z GET, "/db_light?period=Year", status=304, response-time=1.110 ms
2021-06-28T13:24:55.710Z GET, "/db_light?period=Month", status=304, response-time=1.282 ms
2021-06-28T13:25:45.473Z GET, "/db_light?period=Day", status=304, response-time=1.176 ms
2021-06-28T13:25:46.409Z GET, "/db_light?period=Month", status=304, response-time=2.040 ms
2021-06-28T13:25:48.695Z GET, "/db_light?period=Year", status=304, response-time=1.076 ms
2021-06-28T13:25:50.390Z GET, "/db_light?period=All", status=304, response-time=3.208 ms
2021-06-28T13:28:17.822Z GET, "/temperature", status=304, response-time=4.405 ms
2021-06-28T13:28:18.201Z GET, "/db_temperature?period=Day", status=304, response-time=1.853 ms
2021-06-28T13:28:19.674Z GET, "/db_temperature?period=Month", status=304, response-time=1.249 ms
2021-06-28T13:28:20.687Z GET, "/db_temperature?period=Year", status=304, response-time=1.178 ms
2021-06-28T13:28:21.830Z GET, "/db_temperature?period=All", status=304, response-time=1.009 ms
2021-06-28T13:28:22.640Z GET, "/humidity", status=304, response-time=3.331 ms
2021-06-28T13:28:22.878Z GET, "/db_humidity?period=Day", status=304, response-time=1.807 ms
2021-06-28T13:28:24.032Z GET, "/db_humidity?period=Month", status=304, response-time=1.090 ms
2021-06-28T13:28:25.128Z GET, "/db_humidity?period=Year", status=304, response-time=3.097 ms
2021-06-28T13:28:26.416Z GET, "/db_humidity?period=All", status=304, response-time=1.149 ms
2021-06-28T13:28:28.306Z GET, "/gas", status=304, response-time=1.558 ms
2021-06-28T13:28:28.548Z GET, "/db_gas?period=Day", status=304, response-time=2.325 ms
2021-06-28T13:28:29.238Z GET, "/light", status=304, response-time=7.696 ms
2021-06-28T13:28:29.552Z GET, "/db_light?period=Day", status=304, response-time=6.982 ms
2021-06-28T13:28:30.483Z GET, "/db_light?period=Month", status=304, response-time=2.951 ms
2021-06-28T13:30:36.105Z GET, "/light", status=304, response-time=2.505 ms
2021-06-28T13:30:36.537Z GET, "/db_light?period=Day", status=304, response-time=1.313 ms
2021-06-28T13:30:37.409Z GET, "/db_light?period=Month", status=304, response-time=2.101 ms
2021-06-28T13:30:41.804Z GET, "/light", status=304, response-time=5.151 ms
2021-06-28T13:30:42.104Z GET, "/db_light?period=Day", status=200, response-time=4.117 ms
2021-06-28T13:30:42.993Z GET, "/db_light?period=Month", status=200, response-time=1.060 ms
2021-06-28T13:30:44.132Z GET, "/db_light?period=Year", status=200, response-time=1.009 ms
2021-06-28T13:30:45.314Z GET, "/db_light?period=All", status=200, response-time=0.967 ms
2021-06-28T13:31:22.872Z GET, "/light", status=304, response-time=26.647 ms
2021-06-28T13:31:23.494Z GET, "/db_light?period=Day", status=304, response-time=8.230 ms
2021-06-28T13:31:24.540Z GET, "/db_light?period=All", status=304, response-time=3.228 ms
2021-06-28T13:35:54.151Z GET, "/noise", status=304, response-time=3.833 ms
2021-06-28T13:35:54.499Z GET, "/db_noise?period=Day", status=304, response-time=2.480 ms
2021-06-28T13:35:56.030Z GET, "/db_noise?period=Month", status=304, response-time=1.479 ms
2021-06-28T13:35:57.399Z GET, "/db_noise?period=Year", status=304, response-time=1.648 ms
2021-06-28T13:37:19.290Z GET, "/comfort", status=304, response-time=4.126 ms
2021-06-28T13:37:19.741Z GET, "/db_gauge_weather", status=304, response-time=1.840 ms
2021-06-28T13:37:19.748Z GET, "/db_gauge_noise", status=304, response-time=2.076 ms
2021-06-28T13:37:19.763Z GET, "/db_gauge_gas", status=304, response-time=4.394 ms
2021-06-28T13:37:19.773Z GET, "/db_gauge_light", status=200, response-time=2.303 ms
2021-06-28T13:37:20.854Z GET, "/temperature", status=304, response-time=2.373 ms
2021-06-28T13:37:21.145Z GET, "/db_temperature?period=Day", status=304, response-time=3.071 ms
2021-06-28T13:42:24.711Z GET, "/humidity", status=304, response-time=1.706 ms
2021-06-28T13:42:25.107Z GET, "/db_humidity?period=Day", status=304, response-time=6.176 ms
2021-06-28T13:42:25.566Z GET, "/gas", status=304, response-time=6.038 ms
2021-06-28T13:42:25.844Z GET, "/db_gas?period=Day", status=304, response-time=2.292 ms
2021-06-28T13:42:26.754Z GET, "/light", status=304, response-time=2.444 ms
2021-06-28T13:42:27.106Z GET, "/db_light?period=Day", status=304, response-time=1.697 ms
2021-06-28T13:42:28.217Z GET, "/db_light?period=Month", status=304, response-time=1.349 ms
2021-06-28T13:42:29.163Z GET, "/db_light?period=Year", status=304, response-time=1.375 ms
2021-06-28T13:42:34.130Z GET, "/db_light?period=All", status=304, response-time=1.231 ms
2021-06-28T13:42:37.802Z GET, "/noise", status=304, response-time=3.829 ms
2021-06-28T13:42:38.108Z GET, "/db_noise?period=Day", status=304, response-time=1.792 ms
2021-06-28T13:42:39.056Z GET, "/db_noise?period=Month", status=304, response-time=2.187 ms
2021-06-28T13:42:40.138Z GET, "/db_noise?period=Year", status=304, response-time=1.292 ms
2021-06-28T13:42:41.287Z GET, "/db_noise?period=All", status=304, response-time=2.046 ms
2021-06-28T13:43:45.345Z GET, "/noise", status=304, response-time=30.243 ms
2021-06-28T13:43:45.994Z GET, "/db_noise?period=Day", status=304, response-time=8.654 ms
2021-06-28T13:43:47.325Z GET, "/db_noise?period=Year", status=304, response-time=1.967 ms
2021-06-28T13:43:48.459Z GET, "/db_noise?period=All", status=304, response-time=1.667 ms
2021-06-28T13:44:11.131Z GET, "/db_noise?period=Year", status=304, response-time=4.085 ms
2021-06-28T13:44:12.609Z GET, "/db_noise?period=Month", status=304, response-time=3.910 ms
2021-06-28T13:44:13.837Z GET, "/db_noise?period=Day", status=304, response-time=1.228 ms
2021-06-28T13:44:14.598Z GET, "/about", status=304, response-time=11.504 ms
2021-06-28T13:44:16.191Z GET, "/temperature", status=304, response-time=3.433 ms
2021-06-28T13:44:16.432Z GET, "/db_temperature?period=Day", status=304, response-time=2.166 ms
2021-06-28T14:01:44.978Z GET, "/", status=302, response-time=17.604 ms
2021-06-28T14:01:45.027Z GET, "/about", status=200, response-time=32.960 ms
2021-06-28T14:01:47.839Z GET, "/comfort", status=200, response-time=6.219 ms
2021-06-28T14:01:48.950Z GET, "/db_gauge_noise", status=200, response-time=8.280 ms
2021-06-28T14:01:48.954Z GET, "/db_gauge_weather", status=200, response-time=19.176 ms
2021-06-28T14:01:48.954Z GET, "/db_gauge_gas", status=200, response-time=7.950 ms
2021-06-28T14:01:48.961Z GET, "/db_gauge_light", status=200, response-time=2.811 ms
2021-06-28T14:01:55.560Z GET, "/temperature", status=200, response-time=2.330 ms
2021-06-28T14:01:56.013Z GET, "/db_temperature?period=Day", status=200, response-time=3.806 ms
2021-06-28T14:01:58.362Z GET, "/db_temperature?period=Month", status=200, response-time=1.599 ms
2021-06-28T14:01:59.816Z GET, "/db_temperature?period=Year", status=200, response-time=1.022 ms
2021-06-28T14:02:01.448Z GET, "/db_temperature?period=All", status=200, response-time=7.963 ms
2021-06-28T14:02:03.608Z GET, "/humidity", status=200, response-time=5.282 ms
2021-06-28T14:02:04.187Z GET, "/db_humidity?period=Day", status=200, response-time=2.950 ms
2021-06-28T14:02:05.507Z GET, "/db_humidity?period=Month", status=200, response-time=1.303 ms
2021-06-28T14:02:06.938Z GET, "/gas", status=200, response-time=5.405 ms
2021-06-28T14:02:07.422Z GET, "/db_gas?period=Day", status=200, response-time=9.653 ms
2021-06-28T14:02:08.493Z GET, "/db_gas?period=Year", status=200, response-time=2.615 ms
2021-06-28T14:02:10.930Z GET, "/light", status=200, response-time=3.792 ms
2021-06-28T14:02:11.504Z GET, "/db_light?period=Day", status=200, response-time=2.987 ms
2021-06-28T14:02:12.642Z GET, "/db_light?period=Year", status=200, response-time=2.021 ms
2021-06-28T14:02:13.915Z GET, "/db_light?period=Day", status=304, response-time=1.382 ms
2021-06-28T14:02:14.847Z GET, "/db_light?period=Year", status=304, response-time=1.407 ms
2021-06-28T14:02:15.914Z GET, "/db_light?period=Month", status=200, response-time=2.200 ms
2021-06-28T14:02:17.232Z GET, "/noise", status=200, response-time=3.599 ms
2021-06-28T14:02:17.838Z GET, "/db_noise?period=Day", status=200, response-time=1.851 ms
2021-06-28T14:02:18.779Z GET, "/db_noise?period=Month", status=200, response-time=7.126 ms
2021-06-28T14:02:20.136Z GET, "/db_noise?period=Year", status=200, response-time=1.255 ms
2021-06-28T14:02:46.234Z GET, "/light", status=304, response-time=3.833 ms
2021-06-28T14:02:46.616Z GET, "/db_light?period=Day", status=304, response-time=1.587 ms
2021-06-28T14:02:47.759Z GET, "/db_light?period=Year", status=304, response-time=1.030 ms
2021-06-28T14:02:50.068Z GET, "/light", status=304, response-time=2.437 ms
2021-06-28T14:02:50.485Z GET, "/db_light?period=Day", status=304, response-time=1.738 ms
2021-06-28T14:03:06.167Z GET, "/db_light?period=Year", status=304, response-time=0.983 ms
2021-06-28T14:03:08.031Z GET, "/db_light?period=All", status=200, response-time=1.840 ms
2021-06-28T14:03:15.392Z GET, "/temperature", status=304, response-time=3.960 ms
2021-06-28T14:03:15.730Z GET, "/db_temperature?period=Day", status=304, response-time=1.234 ms
2021-06-28T14:03:32.719Z GET, "/comfort", status=304, response-time=4.336 ms
2021-06-28T14:03:33.231Z GET, "/db_gauge_weather", status=304, response-time=2.241 ms
2021-06-28T14:03:33.236Z GET, "/db_gauge_noise", status=304, response-time=1.866 ms
2021-06-28T14:03:33.267Z GET, "/db_gauge_gas", status=304, response-time=3.883 ms
2021-06-28T14:03:33.275Z GET, "/db_gauge_light", status=304, response-time=1.589 ms
2021-06-28T14:04:03.145Z GET, "/comfort", status=304, response-time=3.537 ms
2021-06-28T14:04:03.405Z GET, "/db_gauge_weather", status=304, response-time=3.638 ms
2021-06-28T14:04:03.436Z GET, "/db_gauge_noise", status=304, response-time=3.820 ms
2021-06-28T14:04:03.438Z GET, "/db_gauge_gas", status=304, response-time=3.233 ms
2021-06-28T14:04:03.452Z GET, "/db_gauge_light", status=304, response-time=1.382 ms
2021-06-28T15:48:17.454Z GET, "/", status=500, response-time=47.901 ms
2021-06-28T15:49:25.160Z GET, "/", status=500, response-time=30.196 ms
2021-06-28T15:49:29.007Z GET, "/", status=500, response-time=34.066 ms
2021-06-28T15:49:37.153Z GET, "/", status=500, response-time=12.469 ms
2021-06-28T15:50:26.401Z GET, "/", status=500, response-time=31.540 ms
2021-06-28T15:50:58.651Z GET, "/", status=200, response-time=27.211 ms
2021-06-28T15:51:02.255Z POST, "/verify-code", status=200, response-time=4.951 ms
2021-06-28T15:51:04.252Z POST, "/verify-code", status=200, response-time=5.174 ms
2021-06-28T15:51:06.421Z POST, "/verify-code", status=200, response-time=4.651 ms
2021-06-28T15:51:11.513Z POST, "/verify-code", status=302, response-time=8.605 ms
2021-06-28T15:52:19.227Z GET, "/", status=304, response-time=31.334 ms
2021-06-28T15:52:22.275Z POST, "/verify-code", status=302, response-time=6.189 ms
2021-06-28T15:52:22.285Z GET, "/", status=302, response-time=2.195 ms
2021-06-28T15:52:22.306Z GET, "/about", status=304, response-time=6.390 ms
2021-06-28T15:52:24.711Z GET, "/comfort", status=304, response-time=7.605 ms
2021-06-28T15:52:24.987Z GET, "/db_gauge_weather", status=304, response-time=21.804 ms
2021-06-28T15:52:24.990Z GET, "/db_gauge_noise", status=304, response-time=14.267 ms
2021-06-28T15:52:24.990Z GET, "/db_gauge_gas", status=304, response-time=10.072 ms
2021-06-28T15:52:24.991Z GET, "/db_gauge_light", status=304, response-time=6.133 ms
2021-06-28T15:52:25.669Z GET, "/temperature", status=304, response-time=5.877 ms
2021-06-28T15:52:25.921Z GET, "/db_temperature?period=Day", status=304, response-time=3.188 ms
2021-06-28T15:52:26.686Z GET, "/humidity", status=304, response-time=4.950 ms
2021-06-28T15:52:26.899Z GET, "/db_humidity?period=Day", status=304, response-time=6.791 ms
2021-06-28T15:52:28.004Z GET, "/about", status=304, response-time=4.566 ms
2021-06-28T15:52:29.474Z GET, "/about", status=304, response-time=8.885 ms
2021-06-28T15:52:30.712Z GET, "/comfort", status=304, response-time=3.322 ms
2021-06-28T15:52:30.974Z GET, "/db_gauge_weather", status=304, response-time=2.710 ms
2021-06-28T15:52:30.979Z GET, "/db_gauge_noise", status=304, response-time=2.839 ms
2021-06-28T15:52:30.993Z GET, "/db_gauge_gas", status=304, response-time=3.372 ms
2021-06-28T15:52:31.011Z GET, "/db_gauge_light", status=304, response-time=2.431 ms
2021-06-28T15:52:31.418Z GET, "/temperature", status=304, response-time=3.071 ms
2021-06-28T15:52:31.680Z GET, "/db_temperature?period=Day", status=304, response-time=5.078 ms
2021-06-28T15:52:32.005Z GET, "/humidity", status=304, response-time=5.473 ms
2021-06-28T15:52:32.298Z GET, "/db_humidity?period=Day", status=304, response-time=5.626 ms
2021-06-28T15:52:32.569Z GET, "/gas", status=304, response-time=4.505 ms
2021-06-28T15:52:32.820Z GET, "/db_gas?period=Day", status=304, response-time=2.974 ms
2021-06-28T15:52:33.243Z GET, "/light", status=304, response-time=3.599 ms
2021-06-28T15:52:33.507Z GET, "/db_light?period=Day", status=304, response-time=6.188 ms
2021-06-28T15:52:33.851Z GET, "/noise", status=304, response-time=5.073 ms
2021-06-28T15:52:34.109Z GET, "/db_noise?period=Day", status=304, response-time=7.755 ms
2021-06-28T15:52:34.974Z GET, "/about", status=304, response-time=7.557 ms
2021-06-28T15:56:30.291Z POST, "/weather", status=201, response-time=12.482 ms
2021-06-28T15:56:30.459Z POST, "/gas", status=201, response-time=10.195 ms
2021-06-28T15:56:30.550Z POST, "/light", status=201, response-time=9.230 ms
2021-06-28T15:56:34.512Z POST, "/sound", status=201, response-time=23.938 ms
2021-06-28T15:56:35.316Z POST, "/weather", status=201, response-time=20.150 ms
2021-06-28T15:56:35.430Z POST, "/gas", status=201, response-time=23.072 ms
2021-06-28T15:56:35.534Z POST, "/light", status=201, response-time=18.099 ms
2021-06-28T15:56:40.466Z POST, "/weather", status=201, response-time=16.344 ms
2021-06-28T15:56:40.622Z POST, "/gas", status=201, response-time=12.597 ms
2021-06-28T15:56:40.711Z POST, "/light", status=201, response-time=10.094 ms
2021-06-28T15:56:40.801Z POST, "/sound", status=201, response-time=8.832 ms
2021-06-28T15:56:45.582Z POST, "/weather", status=201, response-time=9.393 ms
2021-06-28T15:56:45.709Z POST, "/gas", status=201, response-time=12.167 ms
2021-06-28T15:56:45.803Z POST, "/light", status=201, response-time=15.611 ms
2021-06-28T15:56:46.923Z POST, "/sound", status=201, response-time=19.062 ms
2021-06-28T15:56:50.736Z POST, "/weather", status=201, response-time=32.999 ms
2021-06-28T15:56:50.858Z POST, "/gas", status=201, response-time=9.923 ms
2021-06-28T15:56:50.950Z POST, "/light", status=201, response-time=8.001 ms
2021-06-28T15:56:53.097Z POST, "/sound", status=201, response-time=24.028 ms
2021-06-28T15:58:46.631Z GET, "/humidity", status=304, response-time=4.001 ms
2021-06-28T15:58:47.007Z GET, "/db_humidity?period=Day", status=200, response-time=3.452 ms
2021-06-28T15:58:50.709Z GET, "/gas", status=304, response-time=2.383 ms
2021-06-28T15:58:50.962Z GET, "/db_gas?period=Day", status=200, response-time=2.039 ms
2021-06-28T15:58:53.333Z GET, "/light", status=304, response-time=5.992 ms
2021-06-28T15:58:53.568Z GET, "/db_light?period=Day", status=200, response-time=2.586 ms
2021-06-28T15:58:55.573Z GET, "/gas", status=304, response-time=5.023 ms
2021-06-28T15:58:55.771Z GET, "/db_gas?period=Day", status=304, response-time=10.039 ms
2021-06-28T15:58:57.238Z GET, "/noise", status=304, response-time=8.627 ms
2021-06-28T15:58:57.491Z GET, "/db_noise?period=Day", status=200, response-time=5.968 ms
2021-06-28T15:59:00.575Z GET, "/gas", status=304, response-time=8.128 ms
2021-06-28T15:59:00.881Z GET, "/db_gas?period=Day", status=304, response-time=4.280 ms
2021-06-28T15:59:14.343Z GET, "/humidity", status=304, response-time=4.241 ms
2021-06-28T15:59:14.586Z GET, "/db_humidity?period=Day", status=304, response-time=4.875 ms
2021-06-28T15:59:15.473Z GET, "/gas", status=304, response-time=2.932 ms
2021-06-28T15:59:15.672Z GET, "/db_gas?period=Day", status=304, response-time=2.741 ms
2021-06-28T15:59:16.448Z GET, "/humidity", status=304, response-time=3.230 ms
2021-06-28T15:59:16.734Z GET, "/db_humidity?period=Day", status=304, response-time=2.558 ms
2021-06-28T15:59:17.416Z GET, "/comfort", status=304, response-time=2.787 ms
2021-06-28T15:59:17.679Z GET, "/db_gauge_weather", status=304, response-time=2.406 ms
2021-06-28T15:59:17.688Z GET, "/db_gauge_noise", status=200, response-time=5.910 ms
2021-06-28T15:59:17.709Z GET, "/db_gauge_gas", status=200, response-time=5.532 ms
2021-06-28T15:59:17.716Z GET, "/db_gauge_light", status=200, response-time=2.397 ms
2021-06-28T15:59:26.198Z GET, "/comfort", status=304, response-time=3.262 ms
2021-06-28T15:59:26.488Z GET, "/db_gauge_weather", status=304, response-time=2.261 ms
2021-06-28T15:59:26.497Z GET, "/db_gauge_noise", status=304, response-time=4.215 ms
2021-06-28T15:59:26.510Z GET, "/db_gauge_gas", status=304, response-time=3.608 ms
2021-06-28T15:59:26.525Z GET, "/db_gauge_light", status=304, response-time=2.647 ms
2021-06-28T15:59:29.018Z GET, "/temperature", status=304, response-time=7.422 ms
2021-06-28T15:59:29.327Z GET, "/db_temperature?period=Day", status=200, response-time=2.862 ms
2021-06-28T15:59:30.264Z GET, "/comfort", status=304, response-time=2.226 ms
2021-06-28T15:59:30.508Z GET, "/db_gauge_weather", status=304, response-time=3.322 ms
2021-06-28T15:59:30.512Z GET, "/db_gauge_noise", status=304, response-time=2.163 ms
2021-06-28T15:59:30.532Z GET, "/db_gauge_gas", status=304, response-time=3.852 ms
2021-06-28T15:59:30.543Z GET, "/db_gauge_light", status=304, response-time=2.354 ms
2021-06-28T15:59:31.237Z GET, "/about", status=304, response-time=5.946 ms
2021-06-28T15:59:32.494Z GET, "/comfort", status=304, response-time=8.359 ms
2021-06-28T15:59:32.784Z GET, "/db_gauge_weather", status=304, response-time=4.521 ms
2021-06-28T15:59:32.792Z GET, "/db_gauge_noise", status=304, response-time=2.029 ms
2021-06-28T15:59:32.809Z GET, "/db_gauge_gas", status=304, response-time=3.076 ms
2021-06-28T15:59:32.822Z GET, "/db_gauge_light", status=304, response-time=5.021 ms
2021-06-28T15:59:42.877Z GET, "/comfort", status=304, response-time=4.432 ms
2021-06-28T15:59:43.163Z GET, "/db_gauge_weather", status=304, response-time=6.322 ms
2021-06-28T15:59:43.168Z GET, "/db_gauge_noise", status=304, response-time=1.957 ms
2021-06-28T15:59:43.187Z GET, "/db_gauge_gas", status=304, response-time=2.963 ms
2021-06-28T15:59:43.205Z GET, "/db_gauge_light", status=304, response-time=4.529 ms
2021-06-28T16:01:05.186Z GET, "/", status=302, response-time=1.656 ms
2021-06-28T16:01:05.197Z GET, "/about", status=200, response-time=3.460 ms
2021-06-28T16:01:07.045Z GET, "/comfort", status=200, response-time=5.771 ms
2021-06-28T16:01:07.383Z GET, "/db_gauge_weather", status=200, response-time=4.486 ms
2021-06-28T16:01:07.388Z GET, "/db_gauge_noise", status=200, response-time=2.154 ms
2021-06-28T16:01:07.404Z GET, "/db_gauge_gas", status=200, response-time=3.163 ms
2021-06-28T16:01:07.418Z GET, "/db_gauge_light", status=200, response-time=4.501 ms
2021-06-28T16:01:07.809Z GET, "/temperature", status=200, response-time=3.001 ms
2021-06-28T16:01:08.050Z GET, "/db_temperature?period=Day", status=200, response-time=11.173 ms
2021-06-28T16:01:08.473Z GET, "/humidity", status=200, response-time=2.944 ms
2021-06-28T16:01:08.595Z GET, "/db_humidity?period=Day", status=200, response-time=3.270 ms
2021-06-28T16:01:09.138Z GET, "/gas", status=200, response-time=5.704 ms
2021-06-28T16:01:09.253Z GET, "/db_gas?period=Day", status=200, response-time=5.458 ms
2021-06-28T16:01:09.919Z GET, "/light", status=200, response-time=5.296 ms
2021-06-28T16:01:10.041Z GET, "/db_light?period=Day", status=200, response-time=2.617 ms
2021-06-28T16:01:10.829Z GET, "/noise", status=200, response-time=2.629 ms
2021-06-28T16:01:10.956Z GET, "/db_noise?period=Day", status=200, response-time=2.705 ms
2021-06-28T16:01:11.954Z GET, "/about", status=304, response-time=5.405 ms
2021-06-28T16:01:18.006Z GET, "/", status=302, response-time=2.405 ms
2021-06-28T16:01:18.056Z GET, "/about", status=304, response-time=10.423 ms
2021-06-28T16:02:52.372Z GET, "/", status=302, response-time=1.001 ms
2021-06-28T16:02:52.392Z GET, "/about", status=200, response-time=5.512 ms
2021-06-28T16:02:59.994Z GET, "/temperature", status=200, response-time=2.698 ms
2021-06-28T16:03:00.222Z GET, "/db_temperature?period=Day", status=200, response-time=2.054 ms
2021-06-28T16:03:00.991Z GET, "/temperature", status=304, response-time=2.376 ms
2021-06-28T16:03:01.066Z GET, "/db_temperature?period=Day", status=304, response-time=1.960 ms
2021-06-28T16:03:07.632Z GET, "/about", status=304, response-time=4.134 ms
2021-06-28T16:03:08.710Z GET, "/comfort", status=200, response-time=2.462 ms
2021-06-28T16:03:08.886Z GET, "/db_gauge_weather", status=200, response-time=1.857 ms
2021-06-28T16:03:08.892Z GET, "/db_gauge_noise", status=200, response-time=2.036 ms
2021-06-28T16:03:08.896Z GET, "/db_gauge_gas", status=200, response-time=1.788 ms
2021-06-28T16:03:08.905Z GET, "/db_gauge_light", status=200, response-time=3.650 ms
2021-06-28T16:03:25.432Z GET, "/temperature", status=304, response-time=2.621 ms
2021-06-28T16:03:25.559Z GET, "/db_temperature?period=Day", status=304, response-time=2.124 ms
2021-06-28T16:03:30.284Z GET, "/gas", status=200, response-time=3.466 ms
2021-06-28T16:03:30.395Z GET, "/db_gas?period=Day", status=200, response-time=1.973 ms
2021-06-28T16:03:32.980Z GET, "/light", status=200, response-time=2.343 ms
2021-06-28T16:03:33.081Z GET, "/db_light?period=Day", status=200, response-time=1.894 ms
2021-06-28T16:03:35.418Z GET, "/humidity", status=200, response-time=2.362 ms
2021-06-28T16:03:35.515Z GET, "/db_humidity?period=Day", status=200, response-time=1.979 ms
2021-06-28T16:03:38.335Z GET, "/temperature", status=304, response-time=2.603 ms
2021-06-28T16:03:38.459Z GET, "/db_temperature?period=Day", status=304, response-time=4.011 ms
2021-06-28T16:03:40.437Z GET, "/about", status=304, response-time=2.713 ms
2021-06-28T16:03:45.516Z GET, "/temperature", status=304, response-time=2.301 ms
2021-06-28T16:03:45.603Z GET, "/db_temperature?period=Day", status=304, response-time=2.274 ms
2021-06-28T16:03:48.283Z GET, "/light", status=304, response-time=3.277 ms
2021-06-28T16:03:48.399Z GET, "/db_light?period=Day", status=304, response-time=2.306 ms
2021-06-28T16:03:49.188Z GET, "/light", status=304, response-time=2.628 ms
2021-06-28T16:03:49.273Z GET, "/db_light?period=Day", status=304, response-time=1.908 ms
2021-06-28T16:03:50.074Z GET, "/gas", status=304, response-time=2.918 ms
2021-06-28T16:03:50.160Z GET, "/db_gas?period=Day", status=304, response-time=1.897 ms
2021-06-28T16:03:51.351Z GET, "/gas", status=304, response-time=2.471 ms
2021-06-28T16:03:51.447Z GET, "/db_gas?period=Day", status=304, response-time=1.953 ms
2021-06-28T16:03:52.122Z GET, "/humidity", status=304, response-time=2.581 ms
2021-06-28T16:03:52.216Z GET, "/db_humidity?period=Day", status=304, response-time=1.775 ms
2021-06-28T16:03:52.925Z GET, "/humidity", status=304, response-time=2.443 ms
2021-06-28T16:03:53.000Z GET, "/db_humidity?period=Day", status=304, response-time=2.046 ms
2021-06-28T16:07:27.248Z GET, "/about", status=200, response-time=27.085 ms
2021-06-28T16:08:15.760Z POST, "/weather", status=200, response-time=4.808 ms
2021-06-28T16:08:15.922Z POST, "/gas", status=200, response-time=2.834 ms
2021-06-28T16:08:16.030Z POST, "/light", status=200, response-time=3.712 ms
2021-06-28T16:08:19.997Z POST, "/sound", status=200, response-time=3.330 ms
2021-06-28T16:08:20.795Z POST, "/weather", status=200, response-time=2.494 ms
2021-06-28T16:08:20.909Z POST, "/gas", status=200, response-time=3.084 ms
2021-06-28T16:08:20.995Z POST, "/light", status=200, response-time=2.811 ms
2021-06-28T16:08:25.936Z POST, "/weather", status=200, response-time=2.547 ms
2021-06-28T16:08:26.087Z POST, "/gas", status=200, response-time=2.878 ms
2021-06-28T16:08:26.211Z POST, "/light", status=200, response-time=2.524 ms
2021-06-28T16:08:26.290Z POST, "/sound", status=200, response-time=3.383 ms
2021-06-28T16:08:31.078Z POST, "/weather", status=200, response-time=2.448 ms
2021-06-28T16:08:31.208Z POST, "/gas", status=200, response-time=2.963 ms
2021-06-28T16:08:31.291Z POST, "/light", status=200, response-time=2.891 ms
2021-06-28T16:08:32.410Z POST, "/sound", status=200, response-time=1.969 ms
2021-06-28T16:08:36.211Z POST, "/weather", status=200, response-time=2.171 ms
2021-06-28T16:08:36.349Z POST, "/gas", status=200, response-time=2.305 ms
2021-06-28T16:08:36.432Z POST, "/light", status=200, response-time=3.957 ms
2021-06-28T16:08:38.570Z POST, "/sound", status=200, response-time=2.750 ms
2021-06-28T16:08:41.362Z POST, "/weather", status=200, response-time=2.506 ms
2021-06-28T16:08:41.483Z POST, "/gas", status=200, response-time=3.156 ms
2021-06-28T16:08:41.571Z POST, "/light", status=200, response-time=2.630 ms
2021-06-28T16:08:44.739Z POST, "/sound", status=200, response-time=2.827 ms
2021-06-28T16:08:46.503Z POST, "/weather", status=200, response-time=2.658 ms
2021-06-28T16:08:46.751Z POST, "/gas", status=200, response-time=2.286 ms
2021-06-28T16:08:46.853Z POST, "/light", status=200, response-time=2.629 ms
2021-06-28T16:09:26.488Z GET, "/comfort", status=200, response-time=2.579 ms
2021-06-28T16:09:27.416Z GET, "/temperature", status=200, response-time=3.507 ms
2021-06-28T16:09:28.880Z GET, "/humidity", status=200, response-time=2.922 ms
2021-06-28T16:09:37.705Z GET, "/db_humidity", status=200, response-time=2.275 ms
2021-06-28T16:10:12.719Z GET, "/humidity", status=200, response-time=2.206 ms
2021-06-28T16:10:16.364Z POST, "/verify-code", status=302, response-time=6.025 ms
2021-06-28T16:10:16.387Z GET, "/", status=302, response-time=1.722 ms
2021-06-28T16:10:16.405Z GET, "/about", status=304, response-time=3.886 ms
2021-06-28T16:10:19.165Z GET, "/db_humidity", status=403, response-time=5.184 ms
2021-06-28T16:10:20.055Z GET, "/db_humidity", status=403, response-time=4.995 ms
2021-06-28T16:10:25.094Z GET, "/", status=302, response-time=3.375 ms
2021-06-28T16:10:25.103Z GET, "/about", status=200, response-time=2.728 ms
2021-06-28T16:10:27.043Z GET, "/humidity", status=200, response-time=5.516 ms
2021-06-28T16:10:27.428Z GET, "/db_humidity?period=Day", status=304, response-time=6.294 ms
2021-06-28T16:10:31.254Z GET, "/about", status=304, response-time=6.725 ms
2021-06-28T16:10:34.083Z GET, "/comfort", status=200, response-time=6.866 ms
2021-06-28T16:10:34.295Z GET, "/db_gauge_weather", status=304, response-time=5.026 ms
2021-06-28T16:10:34.308Z GET, "/db_gauge_noise", status=304, response-time=4.115 ms
2021-06-28T16:10:34.334Z GET, "/db_gauge_gas", status=304, response-time=4.734 ms
2021-06-28T16:10:34.351Z GET, "/db_gauge_light", status=304, response-time=4.636 ms
2021-06-28T16:10:35.494Z GET, "/about", status=304, response-time=3.328 ms
2021-06-28T16:10:36.791Z GET, "/comfort", status=304, response-time=2.312 ms
2021-06-28T16:10:37.114Z GET, "/db_gauge_weather", status=304, response-time=6.589 ms
2021-06-28T16:10:37.118Z GET, "/db_gauge_noise", status=304, response-time=6.359 ms
2021-06-28T16:10:37.141Z GET, "/db_gauge_gas", status=304, response-time=3.874 ms
2021-06-28T16:10:37.142Z GET, "/db_gauge_light", status=304, response-time=3.493 ms
2021-06-28T16:10:37.585Z GET, "/temperature", status=200, response-time=6.186 ms
2021-06-28T16:10:37.843Z GET, "/db_temperature?period=Day", status=304, response-time=4.022 ms
2021-06-28T16:12:37.228Z GET, "/temperature", status=200, response-time=22.252 ms
2021-06-28T16:12:40.966Z GET, "/about", status=200, response-time=4.307 ms
2021-06-28T16:12:44.434Z POST, "/verify-code", status=302, response-time=4.386 ms
2021-06-28T16:12:44.470Z GET, "/", status=200, response-time=3.559 ms
2021-06-28T16:12:46.080Z GET, "/temperature", status=304, response-time=3.763 ms
2021-06-28T16:12:47.872Z GET, "/humidity", status=200, response-time=6.545 ms
2021-06-28T16:12:48.933Z GET, "/temperature", status=304, response-time=3.296 ms
2021-06-28T16:12:50.238Z GET, "/comfort", status=200, response-time=2.678 ms
2021-06-28T16:12:56.295Z POST, "/verify-code", status=302, response-time=1.605 ms
2021-06-28T16:12:56.321Z GET, "/", status=304, response-time=2.347 ms
2021-06-28T16:12:58.178Z GET, "/temperature", status=304, response-time=8.026 ms
2021-06-28T16:13:02.144Z POST, "/verify-code", status=302, response-time=1.178 ms
2021-06-28T16:13:02.169Z GET, "/", status=304, response-time=2.115 ms
2021-06-28T16:13:06.261Z POST, "/verify-code", status=302, response-time=0.964 ms
2021-06-28T16:13:06.273Z GET, "/", status=200, response-time=2.912 ms
2021-06-28T16:13:29.912Z POST, "/verify-code", status=302, response-time=8.831 ms
2021-06-28T16:13:29.926Z GET, "/", status=302, response-time=2.967 ms
2021-06-28T16:13:29.949Z GET, "/about", status=304, response-time=16.880 ms
2021-06-28T16:13:31.483Z GET, "/temperature", status=200, response-time=3.864 ms
2021-06-28T16:13:31.779Z GET, "/db_temperature?period=Day", status=304, response-time=10.649 ms
2021-06-28T16:13:34.870Z GET, "/", status=304, response-time=3.006 ms
2021-06-28T16:13:36.427Z GET, "/temperature", status=200, response-time=2.952 ms
2021-06-28T16:13:37.399Z GET, "/temperature", status=304, response-time=3.737 ms
2021-06-28T16:13:37.991Z GET, "/comfort", status=200, response-time=2.906 ms
2021-06-28T16:13:38.535Z GET, "/about", status=304, response-time=2.337 ms
2021-06-28T16:13:39.144Z GET, "/comfort", status=304, response-time=2.789 ms
2021-06-28T16:13:42.912Z GET, "/about", status=304, response-time=2.694 ms
2021-06-28T16:13:43.751Z GET, "/comfort", status=304, response-time=2.277 ms
2021-06-28T16:13:45.475Z GET, "/temperature", status=304, response-time=7.331 ms
2021-06-28T16:13:45.733Z GET, "/db_temperature?period=Day", status=304, response-time=5.603 ms
2021-06-28T16:13:46.446Z GET, "/comfort", status=200, response-time=3.252 ms
2021-06-28T16:13:46.714Z GET, "/db_gauge_weather", status=304, response-time=3.323 ms
2021-06-28T16:13:46.721Z GET, "/db_gauge_noise", status=304, response-time=2.671 ms
2021-06-28T16:13:46.746Z GET, "/db_gauge_gas", status=304, response-time=3.601 ms
2021-06-28T16:13:46.766Z GET, "/db_gauge_light", status=304, response-time=2.456 ms
2021-06-28T16:14:20.735Z POST, "/weather", status=200, response-time=3.073 ms
2021-06-28T16:15:00.377Z POST, "/weather", status=201, response-time=21.783 ms
2021-06-28T16:15:50.884Z POST, "/weather", status=403, response-time=2.057 ms
2021-06-28T16:16:40.769Z POST, "/weather", status=403, response-time=2.609 ms
2021-06-28T16:16:53.622Z GET, "/comfort", status=200, response-time=30.699 ms
2021-06-28T16:16:59.767Z POST, "/weather", status=200, response-time=16.420 ms
2021-06-28T16:18:34.295Z POST, "/weather", status=200, response-time=18.274 ms
2021-06-28T16:18:41.406Z POST, "/weather", status=200, response-time=6.020 ms
2021-06-28T16:18:50.551Z POST, "/weather", status=200, response-time=3.156 ms
2021-06-28T16:18:53.675Z POST, "/weather", status=200, response-time=2.868 ms
2021-06-28T16:19:13.931Z POST, "/weather", status=200, response-time=18.382 ms
2021-06-28T16:19:31.964Z POST, "/weather", status=200, response-time=24.167 ms
2021-06-28T16:20:17.548Z POST, "/weather", status=403, response-time=11.738 ms
2021-06-28T16:20:24.448Z POST, "/weather", status=200, response-time=13.447 ms
2021-06-28T16:20:27.299Z POST, "/weather", status=403, response-time=2.867 ms
2021-06-28T16:23:04.339Z POST, "/weather", status=403, response-time=2.811 ms
2021-06-28T16:23:07.457Z POST, "/weather", status=200, response-time=7.159 ms
2021-06-28T16:23:18.803Z POST, "/weather", status=403, response-time=1.973 ms
2021-06-28T16:23:35.671Z POST, "/weather", status=403, response-time=10.295 ms
2021-06-28T16:24:48.309Z POST, "/weather", status=200, response-time=16.200 ms
2021-06-28T16:41:21.887Z POST, "/weather", status=201, response-time=22.118 ms
2021-06-28T16:41:22.054Z POST, "/gas", status=201, response-time=35.867 ms
2021-06-28T16:41:22.124Z POST, "/light", status=201, response-time=9.651 ms
2021-06-28T16:41:26.115Z POST, "/sound", status=201, response-time=25.080 ms
2021-06-28T16:41:26.906Z POST, "/weather", status=201, response-time=21.781 ms
2021-06-28T16:41:26.999Z POST, "/gas", status=201, response-time=19.818 ms
2021-06-28T16:41:27.092Z POST, "/light", status=201, response-time=22.986 ms
2021-06-28T16:41:32.059Z POST, "/weather", status=201, response-time=12.154 ms
2021-06-28T16:41:32.194Z POST, "/gas", status=201, response-time=15.738 ms
2021-06-28T16:41:32.294Z POST, "/light", status=201, response-time=18.309 ms
2021-06-28T16:41:32.350Z POST, "/sound", status=201, response-time=7.205 ms
2021-06-28T16:41:37.178Z POST, "/weather", status=201, response-time=9.688 ms
2021-06-28T16:43:12.502Z POST, "/weather", status=200, response-time=19.852 ms
2021-06-28T16:43:20.970Z POST, "/weather", status=200, response-time=4.579 ms
2021-06-28T16:43:38.776Z POST, "/weather", status=200, response-time=17.563 ms
2021-06-28T16:43:40.659Z POST, "/weather", status=403, response-time=5.499 ms
2021-06-28T16:44:36.565Z POST, "/weather", status=201, response-time=19.886 ms
2021-06-28T16:44:36.737Z POST, "/gas", status=201, response-time=41.405 ms
2021-06-28T16:44:36.812Z POST, "/light", status=201, response-time=20.398 ms
2021-06-28T16:44:40.828Z POST, "/sound", status=201, response-time=39.141 ms
2021-06-28T16:44:41.602Z POST, "/weather", status=201, response-time=17.053 ms
2021-06-28T16:44:41.699Z POST, "/gas", status=201, response-time=20.677 ms
2021-06-28T16:44:41.783Z POST, "/light", status=201, response-time=19.594 ms
2021-06-28T16:44:46.740Z POST, "/weather", status=201, response-time=6.411 ms
2021-06-28T16:44:46.918Z POST, "/gas", status=201, response-time=31.929 ms
2021-06-28T16:44:47.021Z POST, "/light", status=201, response-time=18.217 ms
2021-06-28T16:44:47.094Z POST, "/sound", status=201, response-time=9.797 ms
2021-06-28T16:44:51.865Z POST, "/weather", status=201, response-time=9.666 ms
2021-06-28T16:44:56.497Z GET, "/comfort", status=304, response-time=10.802 ms
2021-06-28T16:44:59.049Z GET, "/humidity", status=304, response-time=6.757 ms
2021-06-28T16:45:01.484Z POST, "/verify-code", status=302, response-time=6.395 ms
2021-06-28T16:45:01.493Z GET, "/", status=302, response-time=1.960 ms
2021-06-28T16:45:01.506Z GET, "/about", status=304, response-time=4.604 ms
2021-06-28T16:45:02.917Z GET, "/humidity", status=200, response-time=5.886 ms
2021-06-28T16:45:03.180Z GET, "/db_humidity?period=Day", status=200, response-time=7.291 ms
2021-06-28T16:45:06.077Z GET, "/gas", status=304, response-time=6.621 ms
2021-06-28T16:45:06.333Z GET, "/db_gas?period=Day", status=200, response-time=5.967 ms
2021-06-28T16:45:08.357Z GET, "/light", status=304, response-time=8.195 ms
2021-06-28T16:45:08.533Z GET, "/db_light?period=Day", status=200, response-time=3.193 ms
2021-06-28T16:45:11.931Z GET, "/noise", status=304, response-time=7.021 ms
2021-06-28T16:45:12.166Z GET, "/db_noise?period=Day", status=200, response-time=3.879 ms
2021-06-28T16:45:15.726Z GET, "/humidity", status=304, response-time=6.247 ms
2021-06-28T16:45:15.945Z GET, "/db_humidity?period=Day", status=304, response-time=4.946 ms
2021-06-28T16:45:17.249Z GET, "/temperature", status=304, response-time=7.705 ms
2021-06-28T16:45:17.500Z GET, "/db_temperature?period=Day", status=200, response-time=5.604 ms
2021-06-28T16:45:38.872Z GET, "/humidity", status=304, response-time=6.345 ms
2021-06-28T16:45:39.221Z GET, "/db_humidity?period=Day", status=304, response-time=6.949 ms
2021-06-28T16:45:40.378Z GET, "/gas", status=304, response-time=3.506 ms
2021-06-28T16:45:40.637Z GET, "/db_gas?period=Day", status=304, response-time=7.268 ms
2021-06-28T16:45:44.021Z GET, "/temperature", status=304, response-time=7.208 ms
2021-06-28T16:45:44.222Z GET, "/db_temperature?period=Day", status=304, response-time=7.700 ms
2021-06-28T16:53:20.498Z POST, "/weather", status=201, response-time=17.460 ms
2021-06-28T16:53:20.727Z POST, "/gas", status=201, response-time=84.680 ms
2021-06-28T16:53:20.810Z POST, "/light", status=201, response-time=11.038 ms
2021-06-28T16:53:27.754Z POST, "/weather", status=200, response-time=17.068 ms
2021-06-28T16:53:32.140Z POST, "/weather", status=403, response-time=2.652 ms
2021-06-28T16:53:36.649Z POST, "/weather", status=200, response-time=5.404 ms
2021-06-28T16:58:45.679Z POST, "/weather", status=201, response-time=17.873 ms
2021-06-28T16:58:45.821Z POST, "/gas", status=201, response-time=11.978 ms
2021-06-28T16:58:45.905Z POST, "/light", status=201, response-time=7.407 ms
2021-06-28T16:58:49.930Z POST, "/sound", status=201, response-time=21.264 ms
2021-06-28T16:58:50.732Z POST, "/weather", status=201, response-time=20.452 ms
2021-06-28T16:58:50.821Z POST, "/gas", status=201, response-time=17.828 ms
2021-06-28T16:58:50.892Z POST, "/light", status=201, response-time=9.371 ms
